<?xml version="1.0" encoding="UTF-8"?>
<testsuite xmlns:xsi="http://www.w3.org/2001/XMLSchema-instance" xsi:schemaLocation="https://maven.apache.org/surefire/maven-surefire-plugin/xsd/surefire-test-report.xsd" name="com.istg.utils.MassiveUtilsTest" time="0.008" tests="7" errors="0" skipped="0" failures="0">
  <properties>
[...]
</properties>
  <testcase name="testSummaMoreThen100[0]" classname="com.istg.utils.MassiveUtilsTest" time="0.001"/>
  <testcase name="testSummaMoreThen100[1]" classname="com.istg.utils.MassiveUtilsTest" time="0"/>
  <testcase name="testSummaMoreThen100[2]" classname="com.istg.utils.MassiveUtilsTest" time="0"/>
  <testcase name="testSummaMoreThen100[3]" classname="com.istg.utils.MassiveUtilsTest" time="0"/>
  <testcase name="testSummaMoreThen100[4]" classname="com.istg.utils.MassiveUtilsTest" time="0"/>
  <testcase name="testSummaMoreThen100[5]" classname="com.istg.utils.MassiveUtilsTest" time="0"/>
  <testcase name="testSummaMoreThen100[6]" classname="com.istg.utils.MassiveUtilsTest" time="0"/>
</testsuite>