<?xml version="1.0" encoding="UTF-8"?>
<testsuite xmlns:xsi="http://www.w3.org/2001/XMLSchema-instance" xsi:schemaLocation="https://maven.apache.org/surefire/maven-surefire-plugin/xsd/surefire-test-report.xsd" name="com.istg.controller.CardControllerTest" time="1.88" tests="6" errors="6" skipped="0" failures="0">
  <properties>
[...]
</properties>
  <testcase name="orderCardFailed" classname="com.istg.controller.CardControllerTest" time="0.141">
    <error message="Unable to create SecurityContext using @org.springframework.security.test.context.support.WithUserDetails(value=&quot;tom&quot;, userDetailsServiceBeanName=&quot;&quot;)" type="java.lang.IllegalStateException">java.lang.IllegalStateException: Unable to create SecurityContext using @org.springframework.security.test.context.support.WithUserDetails(value="tom", userDetailsServiceBeanName="")
Caused by: org.springframework.jdbc.CannotGetJdbcConnectionException: Could not get JDBC Connection; nested exception is org.postgresql.util.PSQLException: FATAL: no pg_hba.conf entry for host "185.128.200.20", user "vjxcwkiilteanj", database "d1bvs7c11s3o58", SSL off
Caused by: org.postgresql.util.PSQLException: FATAL: no pg_hba.conf entry for host "185.128.200.20", user "vjxcwkiilteanj", database "d1bvs7c11s3o58", SSL off
</error>
    <system-out><![CDATA[2021-11-30 22:43:55.483  INFO 7476 --- [           main] o.s.t.c.support.AbstractContextLoader    : Could not detect default resource locations for test class [com.istg.controller.CardControllerTest]: no resource found for suffixes {-context.xml, Context.groovy}.
2021-11-30 22:43:55.502  INFO 7476 --- [           main] .b.t.a.w.s.WebMvcTestContextBootstrapper : Loaded default TestExecutionListener class names from location [META-INF/spring.factories]: [org.springframework.boot.test.mock.mockito.MockitoTestExecutionListener, org.springframework.boot.test.mock.mockito.ResetMocksTestExecutionListener, org.springframework.test.context.web.ServletTestExecutionListener, org.springframework.test.context.support.DirtiesContextBeforeModesTestExecutionListener, org.springframework.test.context.support.DependencyInjectionTestExecutionListener, org.springframework.test.context.support.DirtiesContextTestExecutionListener, org.springframework.test.context.transaction.TransactionalTestExecutionListener, org.springframework.test.context.jdbc.SqlScriptsTestExecutionListener, org.springframework.security.test.context.support.WithSecurityContextTestExecutionListener, org.springframework.boot.test.autoconfigure.restdocs.RestDocsTestExecutionListener, org.springframework.boot.test.autoconfigure.web.client.MockRestServiceServerResetTestExecutionListener, org.springframework.boot.test.autoconfigure.web.servlet.MockMvcPrintOnlyOnFailureTestExecutionListener, org.springframework.boot.test.autoconfigure.web.servlet.WebDriverTestExecutionListener]
2021-11-30 22:43:55.504  INFO 7476 --- [           main] .b.t.a.w.s.WebMvcTestContextBootstrapper : Using TestExecutionListeners: [org.springframework.test.context.web.ServletTestExecutionListener@15d58530, org.springframework.test.context.support.DirtiesContextBeforeModesTestExecutionListener@31f5b923, org.springframework.boot.test.autoconfigure.SpringBootDependencyInjectionTestExecutionListener@79e2606f, org.springframework.test.context.support.DirtiesContextTestExecutionListener@734cf881, org.springframework.test.context.transaction.TransactionalTestExecutionListener@4a890fdd, org.springframework.test.context.jdbc.SqlScriptsTestExecutionListener@56299b0e, org.springframework.security.test.context.support.WithSecurityContextTestExecutionListener@3ca278bc, org.springframework.boot.test.autoconfigure.web.servlet.WebDriverTestExecutionListener@283e1759, org.springframework.boot.test.autoconfigure.web.servlet.MockMvcPrintOnlyOnFailureTestExecutionListener@2acb1264, org.springframework.boot.test.mock.mockito.ResetMocksTestExecutionListener@30a01dd8, org.springframework.boot.test.autoconfigure.restdocs.RestDocsTestExecutionListener@1f68e4e8, org.springframework.boot.test.mock.mockito.MockitoTestExecutionListener@47b4ac83, org.springframework.boot.test.autoconfigure.web.client.MockRestServiceServerResetTestExecutionListener@351ede23]

  .   ____          _            __ _ _
 /\\ / ___'_ __ _ _(_)_ __  __ _ \ \ \ \
( ( )\___ | '_ | '_| | '_ \/ _` | \ \ \ \
 \\/  ___)| |_)| | | | | || (_| |  ) ) ) )
  '  |____| .__|_| |_|_| |_\__, | / / / /
 =========|_|==============|___/=/_/_/_/
 :: Spring Boot ::        (v1.5.2.RELEASE)

2021-11-30 22:43:55.562  INFO 7476 --- [           main] com.istg.controller.CardControllerTest   : Starting CardControllerTest on Andrew with PID 7476 (started by Andrew in D:\3 course 2 sem\MT\ISTG)
2021-11-30 22:43:55.563  INFO 7476 --- [           main] com.istg.controller.CardControllerTest   : No active profile set, falling back to default profiles: default
2021-11-30 22:43:55.564  INFO 7476 --- [           main] o.s.w.c.s.GenericWebApplicationContext   : Refreshing org.springframework.web.context.support.GenericWebApplicationContext@120d6cbf: startup date [Tue Nov 30 22:43:55 MSK 2021]; root of context hierarchy
2021-11-30 22:43:55.818  INFO 7476 --- [           main] f.a.AutowiredAnnotationBeanPostProcessor : JSR-330 'javax.inject.Inject' annotation found and supported for autowiring
2021-11-30 22:43:55.858  INFO 7476 --- [           main] trationDelegate$BeanPostProcessorChecker : Bean 'org.springframework.security.config.annotation.configuration.ObjectPostProcessorConfiguration' of type [org.springframework.security.config.annotation.configuration.ObjectPostProcessorConfiguration$$EnhancerBySpringCGLIB$$b9a30e5d] is not eligible for getting processed by all BeanPostProcessors (for example: not eligible for auto-proxying)
2021-11-30 22:43:55.862  INFO 7476 --- [           main] trationDelegate$BeanPostProcessorChecker : Bean 'objectPostProcessor' of type [org.springframework.security.config.annotation.configuration.AutowireBeanFactoryObjectPostProcessor] is not eligible for getting processed by all BeanPostProcessors (for example: not eligible for auto-proxying)
2021-11-30 22:43:55.863  INFO 7476 --- [           main] trationDelegate$BeanPostProcessorChecker : Bean 'org.springframework.security.access.expression.method.DefaultMethodSecurityExpressionHandler@4544ab46' of type [org.springframework.security.access.expression.method.DefaultMethodSecurityExpressionHandler] is not eligible for getting processed by all BeanPostProcessors (for example: not eligible for auto-proxying)
2021-11-30 22:43:55.868  INFO 7476 --- [           main] trationDelegate$BeanPostProcessorChecker : Bean 'org.springframework.security.config.annotation.method.configuration.GlobalMethodSecurityConfiguration' of type [org.springframework.security.config.annotation.method.configuration.GlobalMethodSecurityConfiguration$$EnhancerBySpringCGLIB$$de77b10f] is not eligible for getting processed by all BeanPostProcessors (for example: not eligible for auto-proxying)
2021-11-30 22:43:55.870  INFO 7476 --- [           main] trationDelegate$BeanPostProcessorChecker : Bean 'methodSecurityMetadataSource' of type [org.springframework.security.access.method.DelegatingMethodSecurityMetadataSource] is not eligible for getting processed by all BeanPostProcessors (for example: not eligible for auto-proxying)
2021-11-30 22:43:55.898  INFO 7476 --- [           main] o.s.j.d.DriverManagerDataSource          : Loaded JDBC driver: org.postgresql.Driver
2021-11-30 22:43:56.255  INFO 7476 --- [           main] o.s.s.web.DefaultSecurityFilterChain     : Creating filter chain: org.springframework.security.web.util.matcher.AnyRequestMatcher@1, [org.springframework.security.web.context.request.async.WebAsyncManagerIntegrationFilter@61288814, org.springframework.security.web.context.SecurityContextPersistenceFilter@73a116d, org.springframework.security.web.header.HeaderWriterFilter@453a30f8, org.springframework.security.web.csrf.CsrfFilter@30b9728f, org.springframework.security.web.authentication.logout.LogoutFilter@29ccab93, org.springframework.security.web.authentication.UsernamePasswordAuthenticationFilter@98712fa, org.springframework.security.web.savedrequest.RequestCacheAwareFilter@205f52ea, org.springframework.security.web.servletapi.SecurityContextHolderAwareRequestFilter@34f60be9, org.springframework.security.web.authentication.AnonymousAuthenticationFilter@3b8d2abe, org.springframework.security.web.session.SessionManagementFilter@7cec3975, org.springframework.security.web.access.ExceptionTranslationFilter@6b899971, org.springframework.security.web.access.intercept.FilterSecurityInterceptor@4a6ef712]
2021-11-30 22:43:56.334  INFO 7476 --- [           main] s.w.s.m.m.a.RequestMappingHandlerAdapter : Looking for @ControllerAdvice: org.springframework.web.context.support.GenericWebApplicationContext@120d6cbf: startup date [Tue Nov 30 22:43:55 MSK 2021]; root of context hierarchy
2021-11-30 22:43:56.355  INFO 7476 --- [           main] s.w.s.m.m.a.RequestMappingHandlerMapping : Mapped "{[/admin/listofuser],methods=[GET]}" onto public java.lang.String com.istg.controller.AdminController.userList(org.springframework.ui.Model)
2021-11-30 22:43:56.355  INFO 7476 --- [           main] s.w.s.m.m.a.RequestMappingHandlerMapping : Mapped "{[/admin/home],methods=[GET]}" onto public java.lang.String com.istg.controller.AdminController.homeAdminPanel()
2021-11-30 22:43:56.355  INFO 7476 --- [           main] s.w.s.m.m.a.RequestMappingHandlerMapping : Mapped "{[/admin/listofgame],methods=[GET]}" onto public java.lang.String com.istg.controller.AdminController.listOfGame(org.springframework.ui.Model)
2021-11-30 22:43:56.356  INFO 7476 --- [           main] s.w.s.m.m.a.RequestMappingHandlerMapping : Mapped "{[/admin/listcontactus/delete/{id}],methods=[GET]}" onto public java.lang.String com.istg.controller.AdminController.deleteContactUS(java.lang.String)
2021-11-30 22:43:56.356  INFO 7476 --- [           main] s.w.s.m.m.a.RequestMappingHandlerMapping : Mapped "{[/admin/listofgame/addgame],methods=[POST]}" onto public java.lang.String com.istg.controller.AdminController.addnewGame(java.lang.String,java.lang.String,java.lang.String,java.lang.String,org.springframework.web.multipart.MultipartFile) throws java.io.IOException
2021-11-30 22:43:56.356  INFO 7476 --- [           main] s.w.s.m.m.a.RequestMappingHandlerMapping : Mapped "{[/admin/listcheckoutorder],methods=[GET]}" onto public java.lang.String com.istg.controller.AdminController.listcheckoutOrder(org.springframework.ui.Model)
2021-11-30 22:43:56.356  INFO 7476 --- [           main] s.w.s.m.m.a.RequestMappingHandlerMapping : Mapped "{[/admin/listoffeedback/delete/{id}],methods=[GET]}" onto public java.lang.String com.istg.controller.AdminController.deleteFeedback(java.lang.String)
2021-11-30 22:43:56.357  INFO 7476 --- [           main] s.w.s.m.m.a.RequestMappingHandlerMapping : Mapped "{[/admin/Edit/{id}],methods=[POST]}" onto public java.lang.String com.istg.controller.AdminController.editGame(java.lang.String,java.lang.String,java.lang.String,java.lang.String,org.springframework.web.multipart.MultipartFile,java.lang.String)
2021-11-30 22:43:56.357  INFO 7476 --- [           main] s.w.s.m.m.a.RequestMappingHandlerMapping : Mapped "{[/admin/listofuser/delete/{id}],methods=[GET]}" onto public java.lang.String com.istg.controller.AdminController.deleteUser(java.lang.String)
2021-11-30 22:43:56.357  INFO 7476 --- [           main] s.w.s.m.m.a.RequestMappingHandlerMapping : Mapped "{[/admin/listcarduser],methods=[GET]}" onto public java.lang.String com.istg.controller.AdminController.listcardUser(org.springframework.ui.Model)
2021-11-30 22:43:56.357  INFO 7476 --- [           main] s.w.s.m.m.a.RequestMappingHandlerMapping : Mapped "{[/admin/listoffeedback],methods=[GET]}" onto public java.lang.String com.istg.controller.AdminController.listFeedback(org.springframework.ui.Model)
2021-11-30 22:43:56.358  INFO 7476 --- [           main] s.w.s.m.m.a.RequestMappingHandlerMapping : Mapped "{[/admin/listcontactus],methods=[GET]}" onto public java.lang.String com.istg.controller.AdminController.listofContactus(org.springframework.ui.Model)
2021-11-30 22:43:56.358  INFO 7476 --- [           main] s.w.s.m.m.a.RequestMappingHandlerMapping : Mapped "{[/admin/listofuser/edit/{id}],methods=[POST]}" onto public java.lang.String com.istg.controller.AdminController.editUser(java.lang.String,java.lang.String,java.lang.String,java.lang.String,java.lang.String,java.lang.String)
2021-11-30 22:43:56.358  INFO 7476 --- [           main] s.w.s.m.m.a.RequestMappingHandlerMapping : Mapped "{[/admin/delete/{id}],methods=[GET]}" onto public java.lang.String com.istg.controller.AdminController.deleteGame(java.lang.String)
2021-11-30 22:43:56.358  INFO 7476 --- [           main] s.w.s.m.m.a.RequestMappingHandlerMapping : Mapped "{[/admin/listcheckoutorder/delete/{id}],methods=[GET]}" onto public java.lang.String com.istg.controller.AdminController.deleteCheckoutOrder(java.lang.String)
2021-11-30 22:43:56.361  INFO 7476 --- [           main] s.w.s.m.m.a.RequestMappingHandlerMapping : Mapped "{[/card/deletecard/{tb_id}],methods=[GET]}" onto public java.lang.String com.istg.controller.CardController.deleteProductFromCard(com.istg.domain.User,java.lang.String)
2021-11-30 22:43:56.361  INFO 7476 --- [           main] s.w.s.m.m.a.RequestMappingHandlerMapping : Mapped "{[/card/onegame/{id}],methods=[GET]}" onto public java.lang.String com.istg.controller.CardController.oneGame(java.lang.String,org.springframework.ui.Model)
2021-11-30 22:43:56.361  INFO 7476 --- [           main] s.w.s.m.m.a.RequestMappingHandlerMapping : Mapped "{[/card/orderCard],methods=[POST]}" onto public java.lang.String com.istg.controller.CardController.orderCard(com.istg.domain.User,java.lang.String,java.lang.String,java.lang.String,java.lang.String)
2021-11-30 22:43:56.361  INFO 7476 --- [           main] s.w.s.m.m.a.RequestMappingHandlerMapping : Mapped "{[/card/addtocard/{idGame}],methods=[GET]}" onto public java.lang.String com.istg.controller.CardController.addtoCard(com.istg.domain.User,java.lang.String)
2021-11-30 22:43:56.361  INFO 7476 --- [           main] s.w.s.m.m.a.RequestMappingHandlerMapping : Mapped "{[/card/carduser],methods=[GET]}" onto public java.lang.String com.istg.controller.CardController.cardUser(com.istg.domain.User,org.springframework.ui.Model)
2021-11-30 22:43:56.362  INFO 7476 --- [           main] s.w.s.m.m.a.RequestMappingHandlerMapping : Mapped "{[/contactus/sendcontact],methods=[POST]}" onto public java.lang.String com.istg.controller.ContactUsController.sendContact(java.lang.String,java.lang.String,java.lang.String,java.lang.String)
2021-11-30 22:43:56.362  INFO 7476 --- [           main] s.w.s.m.m.a.RequestMappingHandlerMapping : Mapped "{[/contactus/],methods=[GET]}" onto public java.lang.String com.istg.controller.ContactUsController.contactUsPage()
2021-11-30 22:43:56.363  INFO 7476 --- [           main] s.w.s.m.m.a.RequestMappingHandlerMapping : Mapped "{[/games/find],methods=[POST]}" onto public java.lang.String com.istg.controller.GamesController.findByName(java.lang.String,org.springframework.ui.Model)
2021-11-30 22:43:56.363  INFO 7476 --- [           main] s.w.s.m.m.a.RequestMappingHandlerMapping : Mapped "{[/games/],methods=[GET]}" onto public java.lang.String com.istg.controller.GamesController.gameHome(org.springframework.ui.Model)
2021-11-30 22:43:56.364  INFO 7476 --- [           main] s.w.s.m.m.a.RequestMappingHandlerMapping : Mapped "{[/home/],methods=[GET]}" onto public java.lang.String com.istg.controller.HomeController.homePage(org.springframework.ui.Model)
2021-11-30 22:43:56.365  INFO 7476 --- [           main] s.w.s.m.m.a.RequestMappingHandlerMapping : Mapped "{[/registration/],methods=[GET]}" onto public java.lang.String com.istg.controller.RegistrationController.registration()
2021-11-30 22:43:56.366  INFO 7476 --- [           main] s.w.s.m.m.a.RequestMappingHandlerMapping : Mapped "{[/registration/addnewuser],methods=[POST]}" onto public java.lang.String com.istg.controller.RegistrationController.registration(java.lang.String,java.lang.String,java.lang.String,java.lang.String,java.lang.String)
2021-11-30 22:43:56.367  INFO 7476 --- [           main] s.w.s.m.m.a.RequestMappingHandlerMapping : Mapped "{[/error]}" onto public org.springframework.http.ResponseEntity<java.util.Map<java.lang.String, java.lang.Object>> org.springframework.boot.autoconfigure.web.BasicErrorController.error(javax.servlet.http.HttpServletRequest)
2021-11-30 22:43:56.368  INFO 7476 --- [           main] s.w.s.m.m.a.RequestMappingHandlerMapping : Mapped "{[/error],produces=[text/html]}" onto public org.springframework.web.servlet.ModelAndView org.springframework.boot.autoconfigure.web.BasicErrorController.errorHtml(javax.servlet.http.HttpServletRequest,javax.servlet.http.HttpServletResponse)
2021-11-30 22:43:56.386  INFO 7476 --- [           main] o.s.w.s.handler.SimpleUrlHandlerMapping  : Mapped URL path [/login] onto handler of type [class org.springframework.web.servlet.mvc.ParameterizableViewController]
2021-11-30 22:43:56.414  INFO 7476 --- [           main] o.s.w.s.handler.SimpleUrlHandlerMapping  : Mapped URL path [/static/**] onto handler of type [class org.springframework.web.servlet.resource.ResourceHttpRequestHandler]
2021-11-30 22:43:56.414  INFO 7476 --- [           main] o.s.w.s.handler.SimpleUrlHandlerMapping  : Mapped URL path [/img/**] onto handler of type [class org.springframework.web.servlet.resource.ResourceHttpRequestHandler]
2021-11-30 22:43:56.414  INFO 7476 --- [           main] o.s.w.s.handler.SimpleUrlHandlerMapping  : Mapped URL path [/webjars/**] onto handler of type [class org.springframework.web.servlet.resource.ResourceHttpRequestHandler]
2021-11-30 22:43:56.414  INFO 7476 --- [           main] o.s.w.s.handler.SimpleUrlHandlerMapping  : Mapped URL path [/**] onto handler of type [class org.springframework.web.servlet.resource.ResourceHttpRequestHandler]
2021-11-30 22:43:56.447  INFO 7476 --- [           main] o.s.w.s.handler.SimpleUrlHandlerMapping  : Mapped URL path [/**/favicon.ico] onto handler of type [class org.springframework.web.servlet.resource.ResourceHttpRequestHandler]
2021-11-30 22:43:56.527  INFO 7476 --- [           main] o.s.w.s.v.f.FreeMarkerConfigurer         : ClassTemplateLoader for Spring macros added to FreeMarker configuration
2021-11-30 22:43:56.586  INFO 7476 --- [           main] o.s.b.t.m.w.SpringBootMockServletContext : Initializing Spring FrameworkServlet ''
2021-11-30 22:43:56.586  INFO 7476 --- [           main] o.s.t.web.servlet.TestDispatcherServlet  : FrameworkServlet '': initialization started
2021-11-30 22:43:56.592  INFO 7476 --- [           main] o.s.t.web.servlet.TestDispatcherServlet  : FrameworkServlet '': initialization completed in 6 ms
2021-11-30 22:43:56.699  INFO 7476 --- [           main] com.istg.controller.CardControllerTest   : Started CardControllerTest in 1.188 seconds (JVM running for 5.764)
2021-11-30 22:43:56.705  INFO 7476 --- [           main] c.istg.dao.implementations.UserDaoImpl   : Get user by username - tom 2021-11-30
2021-11-30 22:43:56.826  WARN 7476 --- [           main] o.s.test.context.TestContextManager      : Caught exception while allowing TestExecutionListener [org.springframework.security.test.context.support.WithSecurityContextTestExecutionListener@3ca278bc] to process 'before' execution of test method [public void com.istg.controller.CardControllerTest.orderCardFailed() throws java.lang.Exception] for test instance [com.istg.controller.CardControllerTest@391b01c5]

java.lang.IllegalStateException: Unable to create SecurityContext using @org.springframework.security.test.context.support.WithUserDetails(value="tom", userDetailsServiceBeanName="")
	at org.springframework.security.test.context.support.WithSecurityContextTestExecutionListener.createSecurityContext(WithSecurityContextTestExecutionListener.java:99) ~[spring-security-test-4.2.2.RELEASE.jar:4.2.2.RELEASE]
	at org.springframework.security.test.context.support.WithSecurityContextTestExecutionListener.createSecurityContext(WithSecurityContextTestExecutionListener.java:81) ~[spring-security-test-4.2.2.RELEASE.jar:4.2.2.RELEASE]
	at org.springframework.security.test.context.support.WithSecurityContextTestExecutionListener.beforeTestMethod(WithSecurityContextTestExecutionListener.java:60) ~[spring-security-test-4.2.2.RELEASE.jar:4.2.2.RELEASE]
	at org.springframework.test.context.TestContextManager.beforeTestMethod(TestContextManager.java:269) ~[spring-test-4.3.7.RELEASE.jar:4.3.7.RELEASE]
	at org.springframework.test.context.junit4.statements.RunBeforeTestMethodCallbacks.evaluate(RunBeforeTestMethodCallbacks.java:74) ~[spring-test-4.3.7.RELEASE.jar:4.3.7.RELEASE]
	at org.springframework.test.context.junit4.statements.RunAfterTestMethodCallbacks.evaluate(RunAfterTestMethodCallbacks.java:86) ~[spring-test-4.3.7.RELEASE.jar:4.3.7.RELEASE]
	at org.springframework.test.context.junit4.statements.SpringRepeat.evaluate(SpringRepeat.java:84) ~[spring-test-4.3.7.RELEASE.jar:4.3.7.RELEASE]
	at org.junit.runners.ParentRunner.runLeaf(ParentRunner.java:325) ~[junit-4.12.jar:4.12]
	at org.springframework.test.context.junit4.SpringJUnit4ClassRunner.runChild(SpringJUnit4ClassRunner.java:252) ~[spring-test-4.3.7.RELEASE.jar:4.3.7.RELEASE]
	at org.springframework.test.context.junit4.SpringJUnit4ClassRunner.runChild(SpringJUnit4ClassRunner.java:94) ~[spring-test-4.3.7.RELEASE.jar:4.3.7.RELEASE]
	at org.junit.runners.ParentRunner$3.run(ParentRunner.java:290) ~[junit-4.12.jar:4.12]
	at org.junit.runners.ParentRunner$1.schedule(ParentRunner.java:71) ~[junit-4.12.jar:4.12]
	at org.junit.runners.ParentRunner.runChildren(ParentRunner.java:288) ~[junit-4.12.jar:4.12]
	at org.junit.runners.ParentRunner.access$000(ParentRunner.java:58) ~[junit-4.12.jar:4.12]
	at org.junit.runners.ParentRunner$2.evaluate(ParentRunner.java:268) ~[junit-4.12.jar:4.12]
	at org.springframework.test.context.junit4.statements.RunBeforeTestClassCallbacks.evaluate(RunBeforeTestClassCallbacks.java:61) ~[spring-test-4.3.7.RELEASE.jar:4.3.7.RELEASE]
	at org.springframework.test.context.junit4.statements.RunAfterTestClassCallbacks.evaluate(RunAfterTestClassCallbacks.java:70) ~[spring-test-4.3.7.RELEASE.jar:4.3.7.RELEASE]
	at org.junit.runners.ParentRunner.run(ParentRunner.java:363) ~[junit-4.12.jar:4.12]
	at org.springframework.test.context.junit4.SpringJUnit4ClassRunner.run(SpringJUnit4ClassRunner.java:191) ~[spring-test-4.3.7.RELEASE.jar:4.3.7.RELEASE]
	at org.apache.maven.surefire.junit4.JUnit4Provider.execute(JUnit4Provider.java:367) ~[surefire-junit4-2.19.1.jar:2.19.1]
	at org.apache.maven.surefire.junit4.JUnit4Provider.executeWithRerun(JUnit4Provider.java:274) ~[surefire-junit4-2.19.1.jar:2.19.1]
	at org.apache.maven.surefire.junit4.JUnit4Provider.executeTestSet(JUnit4Provider.java:238) ~[surefire-junit4-2.19.1.jar:2.19.1]
	at org.apache.maven.surefire.junit4.JUnit4Provider.invoke(JUnit4Provider.java:161) ~[surefire-junit4-2.19.1.jar:2.19.1]
	at org.apache.maven.surefire.booter.ForkedBooter.invokeProviderInSameClassLoader(ForkedBooter.java:290) ~[surefire-booter-2.19.1.jar:2.19.1]
	at org.apache.maven.surefire.booter.ForkedBooter.runSuitesInProcess(ForkedBooter.java:242) ~[surefire-booter-2.19.1.jar:2.19.1]
	at org.apache.maven.surefire.booter.ForkedBooter.main(ForkedBooter.java:121) ~[surefire-booter-2.19.1.jar:2.19.1]
Caused by: org.springframework.jdbc.CannotGetJdbcConnectionException: Could not get JDBC Connection; nested exception is org.postgresql.util.PSQLException: FATAL: no pg_hba.conf entry for host "185.128.200.20", user "vjxcwkiilteanj", database "d1bvs7c11s3o58", SSL off
	at org.springframework.jdbc.datasource.DataSourceUtils.getConnection(DataSourceUtils.java:80) ~[spring-jdbc-4.3.7.RELEASE.jar:4.3.7.RELEASE]
	at org.springframework.jdbc.core.JdbcTemplate.execute(JdbcTemplate.java:619) ~[spring-jdbc-4.3.7.RELEASE.jar:4.3.7.RELEASE]
	at org.springframework.jdbc.core.JdbcTemplate.query(JdbcTemplate.java:684) ~[spring-jdbc-4.3.7.RELEASE.jar:4.3.7.RELEASE]
	at org.springframework.jdbc.core.JdbcTemplate.query(JdbcTemplate.java:716) ~[spring-jdbc-4.3.7.RELEASE.jar:4.3.7.RELEASE]
	at org.springframework.jdbc.core.JdbcTemplate.query(JdbcTemplate.java:726) ~[spring-jdbc-4.3.7.RELEASE.jar:4.3.7.RELEASE]
	at org.springframework.jdbc.core.JdbcTemplate.queryForObject(JdbcTemplate.java:800) ~[spring-jdbc-4.3.7.RELEASE.jar:4.3.7.RELEASE]
	at com.istg.dao.implementations.UserDaoImpl.getUserByUsername(UserDaoImpl.java:65) ~[classes/:na]
	at com.istg.service.implementations.UserServiceImpl.loadUserByUsername(UserServiceImpl.java:75) ~[classes/:na]
	at org.springframework.security.test.context.support.WithUserDetailsSecurityContextFactory.createSecurityContext(WithUserDetailsSecurityContextFactory.java:56) ~[spring-security-test-4.2.2.RELEASE.jar:4.2.2.RELEASE]
	at org.springframework.security.test.context.support.WithUserDetailsSecurityContextFactory.createSecurityContext(WithUserDetailsSecurityContextFactory.java:39) ~[spring-security-test-4.2.2.RELEASE.jar:4.2.2.RELEASE]
	at org.springframework.security.test.context.support.WithSecurityContextTestExecutionListener.createSecurityContext(WithSecurityContextTestExecutionListener.java:96) ~[spring-security-test-4.2.2.RELEASE.jar:4.2.2.RELEASE]
	... 25 common frames omitted
Caused by: org.postgresql.util.PSQLException: FATAL: no pg_hba.conf entry for host "185.128.200.20", user "vjxcwkiilteanj", database "d1bvs7c11s3o58", SSL off
	at org.postgresql.core.v3.ConnectionFactoryImpl.doAuthentication(ConnectionFactoryImpl.java:398) ~[postgresql-9.3-1100-jdbc41.jar:na]
	at org.postgresql.core.v3.ConnectionFactoryImpl.openConnectionImpl(ConnectionFactoryImpl.java:173) ~[postgresql-9.3-1100-jdbc41.jar:na]
	at org.postgresql.core.ConnectionFactory.openConnection(ConnectionFactory.java:64) ~[postgresql-9.3-1100-jdbc41.jar:na]
	at org.postgresql.jdbc2.AbstractJdbc2Connection.<init>(AbstractJdbc2Connection.java:136) ~[postgresql-9.3-1100-jdbc41.jar:na]
	at org.postgresql.jdbc3.AbstractJdbc3Connection.<init>(AbstractJdbc3Connection.java:29) ~[postgresql-9.3-1100-jdbc41.jar:na]
	at org.postgresql.jdbc3g.AbstractJdbc3gConnection.<init>(AbstractJdbc3gConnection.java:21) ~[postgresql-9.3-1100-jdbc41.jar:na]
	at org.postgresql.jdbc4.AbstractJdbc4Connection.<init>(AbstractJdbc4Connection.java:31) ~[postgresql-9.3-1100-jdbc41.jar:na]
	at org.postgresql.jdbc4.Jdbc4Connection.<init>(Jdbc4Connection.java:24) ~[postgresql-9.3-1100-jdbc41.jar:na]
	at org.postgresql.Driver.makeConnection(Driver.java:410) ~[postgresql-9.3-1100-jdbc41.jar:na]
	at org.postgresql.Driver.connect(Driver.java:280) ~[postgresql-9.3-1100-jdbc41.jar:na]
	at java.sql/java.sql.DriverManager.getConnection(DriverManager.java:677) ~[java.sql:na]
	at java.sql/java.sql.DriverManager.getConnection(DriverManager.java:189) ~[java.sql:na]
	at org.springframework.jdbc.datasource.DriverManagerDataSource.getConnectionFromDriverManager(DriverManagerDataSource.java:153) ~[spring-jdbc-4.3.7.RELEASE.jar:4.3.7.RELEASE]
	at org.springframework.jdbc.datasource.DriverManagerDataSource.getConnectionFromDriver(DriverManagerDataSource.java:144) ~[spring-jdbc-4.3.7.RELEASE.jar:4.3.7.RELEASE]
	at org.springframework.jdbc.datasource.AbstractDriverBasedDataSource.getConnectionFromDriver(AbstractDriverBasedDataSource.java:196) ~[spring-jdbc-4.3.7.RELEASE.jar:4.3.7.RELEASE]
	at org.springframework.jdbc.datasource.AbstractDriverBasedDataSource.getConnection(AbstractDriverBasedDataSource.java:159) ~[spring-jdbc-4.3.7.RELEASE.jar:4.3.7.RELEASE]
	at org.springframework.jdbc.datasource.DataSourceUtils.doGetConnection(DataSourceUtils.java:111) ~[spring-jdbc-4.3.7.RELEASE.jar:4.3.7.RELEASE]
	at org.springframework.jdbc.datasource.DataSourceUtils.getConnection(DataSourceUtils.java:77) ~[spring-jdbc-4.3.7.RELEASE.jar:4.3.7.RELEASE]
	... 35 common frames omitted

]]></system-out>
  </testcase>
  <testcase name="loadCardForUser" classname="com.istg.controller.CardControllerTest" time="0.121">
    <error message="Unable to create SecurityContext using @org.springframework.security.test.context.support.WithUserDetails(value=&quot;tom&quot;, userDetailsServiceBeanName=&quot;&quot;)" type="java.lang.IllegalStateException">java.lang.IllegalStateException: Unable to create SecurityContext using @org.springframework.security.test.context.support.WithUserDetails(value="tom", userDetailsServiceBeanName="")
Caused by: org.springframework.jdbc.CannotGetJdbcConnectionException: Could not get JDBC Connection; nested exception is org.postgresql.util.PSQLException: FATAL: no pg_hba.conf entry for host "185.128.200.20", user "vjxcwkiilteanj", database "d1bvs7c11s3o58", SSL off
Caused by: org.postgresql.util.PSQLException: FATAL: no pg_hba.conf entry for host "185.128.200.20", user "vjxcwkiilteanj", database "d1bvs7c11s3o58", SSL off
</error>
    <system-out><![CDATA[2021-11-30 22:43:56.831  INFO 7476 --- [           main] c.istg.dao.implementations.UserDaoImpl   : Get user by username - tom 2021-11-30
2021-11-30 22:43:56.948  WARN 7476 --- [           main] o.s.test.context.TestContextManager      : Caught exception while allowing TestExecutionListener [org.springframework.security.test.context.support.WithSecurityContextTestExecutionListener@3ca278bc] to process 'before' execution of test method [public void com.istg.controller.CardControllerTest.loadCardForUser() throws java.lang.Exception] for test instance [com.istg.controller.CardControllerTest@21ffc00e]

java.lang.IllegalStateException: Unable to create SecurityContext using @org.springframework.security.test.context.support.WithUserDetails(value="tom", userDetailsServiceBeanName="")
	at org.springframework.security.test.context.support.WithSecurityContextTestExecutionListener.createSecurityContext(WithSecurityContextTestExecutionListener.java:99) ~[spring-security-test-4.2.2.RELEASE.jar:4.2.2.RELEASE]
	at org.springframework.security.test.context.support.WithSecurityContextTestExecutionListener.createSecurityContext(WithSecurityContextTestExecutionListener.java:81) ~[spring-security-test-4.2.2.RELEASE.jar:4.2.2.RELEASE]
	at org.springframework.security.test.context.support.WithSecurityContextTestExecutionListener.beforeTestMethod(WithSecurityContextTestExecutionListener.java:60) ~[spring-security-test-4.2.2.RELEASE.jar:4.2.2.RELEASE]
	at org.springframework.test.context.TestContextManager.beforeTestMethod(TestContextManager.java:269) ~[spring-test-4.3.7.RELEASE.jar:4.3.7.RELEASE]
	at org.springframework.test.context.junit4.statements.RunBeforeTestMethodCallbacks.evaluate(RunBeforeTestMethodCallbacks.java:74) ~[spring-test-4.3.7.RELEASE.jar:4.3.7.RELEASE]
	at org.springframework.test.context.junit4.statements.RunAfterTestMethodCallbacks.evaluate(RunAfterTestMethodCallbacks.java:86) ~[spring-test-4.3.7.RELEASE.jar:4.3.7.RELEASE]
	at org.springframework.test.context.junit4.statements.SpringRepeat.evaluate(SpringRepeat.java:84) ~[spring-test-4.3.7.RELEASE.jar:4.3.7.RELEASE]
	at org.junit.runners.ParentRunner.runLeaf(ParentRunner.java:325) ~[junit-4.12.jar:4.12]
	at org.springframework.test.context.junit4.SpringJUnit4ClassRunner.runChild(SpringJUnit4ClassRunner.java:252) ~[spring-test-4.3.7.RELEASE.jar:4.3.7.RELEASE]
	at org.springframework.test.context.junit4.SpringJUnit4ClassRunner.runChild(SpringJUnit4ClassRunner.java:94) ~[spring-test-4.3.7.RELEASE.jar:4.3.7.RELEASE]
	at org.junit.runners.ParentRunner$3.run(ParentRunner.java:290) ~[junit-4.12.jar:4.12]
	at org.junit.runners.ParentRunner$1.schedule(ParentRunner.java:71) ~[junit-4.12.jar:4.12]
	at org.junit.runners.ParentRunner.runChildren(ParentRunner.java:288) ~[junit-4.12.jar:4.12]
	at org.junit.runners.ParentRunner.access$000(ParentRunner.java:58) ~[junit-4.12.jar:4.12]
	at org.junit.runners.ParentRunner$2.evaluate(ParentRunner.java:268) ~[junit-4.12.jar:4.12]
	at org.springframework.test.context.junit4.statements.RunBeforeTestClassCallbacks.evaluate(RunBeforeTestClassCallbacks.java:61) ~[spring-test-4.3.7.RELEASE.jar:4.3.7.RELEASE]
	at org.springframework.test.context.junit4.statements.RunAfterTestClassCallbacks.evaluate(RunAfterTestClassCallbacks.java:70) ~[spring-test-4.3.7.RELEASE.jar:4.3.7.RELEASE]
	at org.junit.runners.ParentRunner.run(ParentRunner.java:363) ~[junit-4.12.jar:4.12]
	at org.springframework.test.context.junit4.SpringJUnit4ClassRunner.run(SpringJUnit4ClassRunner.java:191) ~[spring-test-4.3.7.RELEASE.jar:4.3.7.RELEASE]
	at org.apache.maven.surefire.junit4.JUnit4Provider.execute(JUnit4Provider.java:367) ~[surefire-junit4-2.19.1.jar:2.19.1]
	at org.apache.maven.surefire.junit4.JUnit4Provider.executeWithRerun(JUnit4Provider.java:274) ~[surefire-junit4-2.19.1.jar:2.19.1]
	at org.apache.maven.surefire.junit4.JUnit4Provider.executeTestSet(JUnit4Provider.java:238) ~[surefire-junit4-2.19.1.jar:2.19.1]
	at org.apache.maven.surefire.junit4.JUnit4Provider.invoke(JUnit4Provider.java:161) ~[surefire-junit4-2.19.1.jar:2.19.1]
	at org.apache.maven.surefire.booter.ForkedBooter.invokeProviderInSameClassLoader(ForkedBooter.java:290) ~[surefire-booter-2.19.1.jar:2.19.1]
	at org.apache.maven.surefire.booter.ForkedBooter.runSuitesInProcess(ForkedBooter.java:242) ~[surefire-booter-2.19.1.jar:2.19.1]
	at org.apache.maven.surefire.booter.ForkedBooter.main(ForkedBooter.java:121) ~[surefire-booter-2.19.1.jar:2.19.1]
Caused by: org.springframework.jdbc.CannotGetJdbcConnectionException: Could not get JDBC Connection; nested exception is org.postgresql.util.PSQLException: FATAL: no pg_hba.conf entry for host "185.128.200.20", user "vjxcwkiilteanj", database "d1bvs7c11s3o58", SSL off
	at org.springframework.jdbc.datasource.DataSourceUtils.getConnection(DataSourceUtils.java:80) ~[spring-jdbc-4.3.7.RELEASE.jar:4.3.7.RELEASE]
	at org.springframework.jdbc.core.JdbcTemplate.execute(JdbcTemplate.java:619) ~[spring-jdbc-4.3.7.RELEASE.jar:4.3.7.RELEASE]
	at org.springframework.jdbc.core.JdbcTemplate.query(JdbcTemplate.java:684) ~[spring-jdbc-4.3.7.RELEASE.jar:4.3.7.RELEASE]
	at org.springframework.jdbc.core.JdbcTemplate.query(JdbcTemplate.java:716) ~[spring-jdbc-4.3.7.RELEASE.jar:4.3.7.RELEASE]
	at org.springframework.jdbc.core.JdbcTemplate.query(JdbcTemplate.java:726) ~[spring-jdbc-4.3.7.RELEASE.jar:4.3.7.RELEASE]
	at org.springframework.jdbc.core.JdbcTemplate.queryForObject(JdbcTemplate.java:800) ~[spring-jdbc-4.3.7.RELEASE.jar:4.3.7.RELEASE]
	at com.istg.dao.implementations.UserDaoImpl.getUserByUsername(UserDaoImpl.java:65) ~[classes/:na]
	at com.istg.service.implementations.UserServiceImpl.loadUserByUsername(UserServiceImpl.java:75) ~[classes/:na]
	at org.springframework.security.test.context.support.WithUserDetailsSecurityContextFactory.createSecurityContext(WithUserDetailsSecurityContextFactory.java:56) ~[spring-security-test-4.2.2.RELEASE.jar:4.2.2.RELEASE]
	at org.springframework.security.test.context.support.WithUserDetailsSecurityContextFactory.createSecurityContext(WithUserDetailsSecurityContextFactory.java:39) ~[spring-security-test-4.2.2.RELEASE.jar:4.2.2.RELEASE]
	at org.springframework.security.test.context.support.WithSecurityContextTestExecutionListener.createSecurityContext(WithSecurityContextTestExecutionListener.java:96) ~[spring-security-test-4.2.2.RELEASE.jar:4.2.2.RELEASE]
	... 25 common frames omitted
Caused by: org.postgresql.util.PSQLException: FATAL: no pg_hba.conf entry for host "185.128.200.20", user "vjxcwkiilteanj", database "d1bvs7c11s3o58", SSL off
	at org.postgresql.core.v3.ConnectionFactoryImpl.doAuthentication(ConnectionFactoryImpl.java:398) ~[postgresql-9.3-1100-jdbc41.jar:na]
	at org.postgresql.core.v3.ConnectionFactoryImpl.openConnectionImpl(ConnectionFactoryImpl.java:173) ~[postgresql-9.3-1100-jdbc41.jar:na]
	at org.postgresql.core.ConnectionFactory.openConnection(ConnectionFactory.java:64) ~[postgresql-9.3-1100-jdbc41.jar:na]
	at org.postgresql.jdbc2.AbstractJdbc2Connection.<init>(AbstractJdbc2Connection.java:136) ~[postgresql-9.3-1100-jdbc41.jar:na]
	at org.postgresql.jdbc3.AbstractJdbc3Connection.<init>(AbstractJdbc3Connection.java:29) ~[postgresql-9.3-1100-jdbc41.jar:na]
	at org.postgresql.jdbc3g.AbstractJdbc3gConnection.<init>(AbstractJdbc3gConnection.java:21) ~[postgresql-9.3-1100-jdbc41.jar:na]
	at org.postgresql.jdbc4.AbstractJdbc4Connection.<init>(AbstractJdbc4Connection.java:31) ~[postgresql-9.3-1100-jdbc41.jar:na]
	at org.postgresql.jdbc4.Jdbc4Connection.<init>(Jdbc4Connection.java:24) ~[postgresql-9.3-1100-jdbc41.jar:na]
	at org.postgresql.Driver.makeConnection(Driver.java:410) ~[postgresql-9.3-1100-jdbc41.jar:na]
	at org.postgresql.Driver.connect(Driver.java:280) ~[postgresql-9.3-1100-jdbc41.jar:na]
	at java.sql/java.sql.DriverManager.getConnection(DriverManager.java:677) ~[java.sql:na]
	at java.sql/java.sql.DriverManager.getConnection(DriverManager.java:189) ~[java.sql:na]
	at org.springframework.jdbc.datasource.DriverManagerDataSource.getConnectionFromDriverManager(DriverManagerDataSource.java:153) ~[spring-jdbc-4.3.7.RELEASE.jar:4.3.7.RELEASE]
	at org.springframework.jdbc.datasource.DriverManagerDataSource.getConnectionFromDriver(DriverManagerDataSource.java:144) ~[spring-jdbc-4.3.7.RELEASE.jar:4.3.7.RELEASE]
	at org.springframework.jdbc.datasource.AbstractDriverBasedDataSource.getConnectionFromDriver(AbstractDriverBasedDataSource.java:196) ~[spring-jdbc-4.3.7.RELEASE.jar:4.3.7.RELEASE]
	at org.springframework.jdbc.datasource.AbstractDriverBasedDataSource.getConnection(AbstractDriverBasedDataSource.java:159) ~[spring-jdbc-4.3.7.RELEASE.jar:4.3.7.RELEASE]
	at org.springframework.jdbc.datasource.DataSourceUtils.doGetConnection(DataSourceUtils.java:111) ~[spring-jdbc-4.3.7.RELEASE.jar:4.3.7.RELEASE]
	at org.springframework.jdbc.datasource.DataSourceUtils.getConnection(DataSourceUtils.java:77) ~[spring-jdbc-4.3.7.RELEASE.jar:4.3.7.RELEASE]
	... 35 common frames omitted

]]></system-out>
  </testcase>
  <testcase name="addDelete" classname="com.istg.controller.CardControllerTest" time="0.118">
    <error message="Unable to create SecurityContext using @org.springframework.security.test.context.support.WithUserDetails(value=&quot;tom&quot;, userDetailsServiceBeanName=&quot;&quot;)" type="java.lang.IllegalStateException">java.lang.IllegalStateException: Unable to create SecurityContext using @org.springframework.security.test.context.support.WithUserDetails(value="tom", userDetailsServiceBeanName="")
Caused by: org.springframework.jdbc.CannotGetJdbcConnectionException: Could not get JDBC Connection; nested exception is org.postgresql.util.PSQLException: FATAL: no pg_hba.conf entry for host "185.128.200.20", user "vjxcwkiilteanj", database "d1bvs7c11s3o58", SSL off
Caused by: org.postgresql.util.PSQLException: FATAL: no pg_hba.conf entry for host "185.128.200.20", user "vjxcwkiilteanj", database "d1bvs7c11s3o58", SSL off
</error>
    <system-out><![CDATA[2021-11-30 22:43:56.953  INFO 7476 --- [           main] c.istg.dao.implementations.UserDaoImpl   : Get user by username - tom 2021-11-30
2021-11-30 22:43:57.068  WARN 7476 --- [           main] o.s.test.context.TestContextManager      : Caught exception while allowing TestExecutionListener [org.springframework.security.test.context.support.WithSecurityContextTestExecutionListener@3ca278bc] to process 'before' execution of test method [public void com.istg.controller.CardControllerTest.addDelete() throws java.lang.Exception] for test instance [com.istg.controller.CardControllerTest@61becbcf]

java.lang.IllegalStateException: Unable to create SecurityContext using @org.springframework.security.test.context.support.WithUserDetails(value="tom", userDetailsServiceBeanName="")
	at org.springframework.security.test.context.support.WithSecurityContextTestExecutionListener.createSecurityContext(WithSecurityContextTestExecutionListener.java:99) ~[spring-security-test-4.2.2.RELEASE.jar:4.2.2.RELEASE]
	at org.springframework.security.test.context.support.WithSecurityContextTestExecutionListener.createSecurityContext(WithSecurityContextTestExecutionListener.java:81) ~[spring-security-test-4.2.2.RELEASE.jar:4.2.2.RELEASE]
	at org.springframework.security.test.context.support.WithSecurityContextTestExecutionListener.beforeTestMethod(WithSecurityContextTestExecutionListener.java:60) ~[spring-security-test-4.2.2.RELEASE.jar:4.2.2.RELEASE]
	at org.springframework.test.context.TestContextManager.beforeTestMethod(TestContextManager.java:269) ~[spring-test-4.3.7.RELEASE.jar:4.3.7.RELEASE]
	at org.springframework.test.context.junit4.statements.RunBeforeTestMethodCallbacks.evaluate(RunBeforeTestMethodCallbacks.java:74) ~[spring-test-4.3.7.RELEASE.jar:4.3.7.RELEASE]
	at org.springframework.test.context.junit4.statements.RunAfterTestMethodCallbacks.evaluate(RunAfterTestMethodCallbacks.java:86) ~[spring-test-4.3.7.RELEASE.jar:4.3.7.RELEASE]
	at org.springframework.test.context.junit4.statements.SpringRepeat.evaluate(SpringRepeat.java:84) ~[spring-test-4.3.7.RELEASE.jar:4.3.7.RELEASE]
	at org.junit.runners.ParentRunner.runLeaf(ParentRunner.java:325) ~[junit-4.12.jar:4.12]
	at org.springframework.test.context.junit4.SpringJUnit4ClassRunner.runChild(SpringJUnit4ClassRunner.java:252) ~[spring-test-4.3.7.RELEASE.jar:4.3.7.RELEASE]
	at org.springframework.test.context.junit4.SpringJUnit4ClassRunner.runChild(SpringJUnit4ClassRunner.java:94) ~[spring-test-4.3.7.RELEASE.jar:4.3.7.RELEASE]
	at org.junit.runners.ParentRunner$3.run(ParentRunner.java:290) ~[junit-4.12.jar:4.12]
	at org.junit.runners.ParentRunner$1.schedule(ParentRunner.java:71) ~[junit-4.12.jar:4.12]
	at org.junit.runners.ParentRunner.runChildren(ParentRunner.java:288) ~[junit-4.12.jar:4.12]
	at org.junit.runners.ParentRunner.access$000(ParentRunner.java:58) ~[junit-4.12.jar:4.12]
	at org.junit.runners.ParentRunner$2.evaluate(ParentRunner.java:268) ~[junit-4.12.jar:4.12]
	at org.springframework.test.context.junit4.statements.RunBeforeTestClassCallbacks.evaluate(RunBeforeTestClassCallbacks.java:61) ~[spring-test-4.3.7.RELEASE.jar:4.3.7.RELEASE]
	at org.springframework.test.context.junit4.statements.RunAfterTestClassCallbacks.evaluate(RunAfterTestClassCallbacks.java:70) ~[spring-test-4.3.7.RELEASE.jar:4.3.7.RELEASE]
	at org.junit.runners.ParentRunner.run(ParentRunner.java:363) ~[junit-4.12.jar:4.12]
	at org.springframework.test.context.junit4.SpringJUnit4ClassRunner.run(SpringJUnit4ClassRunner.java:191) ~[spring-test-4.3.7.RELEASE.jar:4.3.7.RELEASE]
	at org.apache.maven.surefire.junit4.JUnit4Provider.execute(JUnit4Provider.java:367) ~[surefire-junit4-2.19.1.jar:2.19.1]
	at org.apache.maven.surefire.junit4.JUnit4Provider.executeWithRerun(JUnit4Provider.java:274) ~[surefire-junit4-2.19.1.jar:2.19.1]
	at org.apache.maven.surefire.junit4.JUnit4Provider.executeTestSet(JUnit4Provider.java:238) ~[surefire-junit4-2.19.1.jar:2.19.1]
	at org.apache.maven.surefire.junit4.JUnit4Provider.invoke(JUnit4Provider.java:161) ~[surefire-junit4-2.19.1.jar:2.19.1]
	at org.apache.maven.surefire.booter.ForkedBooter.invokeProviderInSameClassLoader(ForkedBooter.java:290) ~[surefire-booter-2.19.1.jar:2.19.1]
	at org.apache.maven.surefire.booter.ForkedBooter.runSuitesInProcess(ForkedBooter.java:242) ~[surefire-booter-2.19.1.jar:2.19.1]
	at org.apache.maven.surefire.booter.ForkedBooter.main(ForkedBooter.java:121) ~[surefire-booter-2.19.1.jar:2.19.1]
Caused by: org.springframework.jdbc.CannotGetJdbcConnectionException: Could not get JDBC Connection; nested exception is org.postgresql.util.PSQLException: FATAL: no pg_hba.conf entry for host "185.128.200.20", user "vjxcwkiilteanj", database "d1bvs7c11s3o58", SSL off
	at org.springframework.jdbc.datasource.DataSourceUtils.getConnection(DataSourceUtils.java:80) ~[spring-jdbc-4.3.7.RELEASE.jar:4.3.7.RELEASE]
	at org.springframework.jdbc.core.JdbcTemplate.execute(JdbcTemplate.java:619) ~[spring-jdbc-4.3.7.RELEASE.jar:4.3.7.RELEASE]
	at org.springframework.jdbc.core.JdbcTemplate.query(JdbcTemplate.java:684) ~[spring-jdbc-4.3.7.RELEASE.jar:4.3.7.RELEASE]
	at org.springframework.jdbc.core.JdbcTemplate.query(JdbcTemplate.java:716) ~[spring-jdbc-4.3.7.RELEASE.jar:4.3.7.RELEASE]
	at org.springframework.jdbc.core.JdbcTemplate.query(JdbcTemplate.java:726) ~[spring-jdbc-4.3.7.RELEASE.jar:4.3.7.RELEASE]
	at org.springframework.jdbc.core.JdbcTemplate.queryForObject(JdbcTemplate.java:800) ~[spring-jdbc-4.3.7.RELEASE.jar:4.3.7.RELEASE]
	at com.istg.dao.implementations.UserDaoImpl.getUserByUsername(UserDaoImpl.java:65) ~[classes/:na]
	at com.istg.service.implementations.UserServiceImpl.loadUserByUsername(UserServiceImpl.java:75) ~[classes/:na]
	at org.springframework.security.test.context.support.WithUserDetailsSecurityContextFactory.createSecurityContext(WithUserDetailsSecurityContextFactory.java:56) ~[spring-security-test-4.2.2.RELEASE.jar:4.2.2.RELEASE]
	at org.springframework.security.test.context.support.WithUserDetailsSecurityContextFactory.createSecurityContext(WithUserDetailsSecurityContextFactory.java:39) ~[spring-security-test-4.2.2.RELEASE.jar:4.2.2.RELEASE]
	at org.springframework.security.test.context.support.WithSecurityContextTestExecutionListener.createSecurityContext(WithSecurityContextTestExecutionListener.java:96) ~[spring-security-test-4.2.2.RELEASE.jar:4.2.2.RELEASE]
	... 25 common frames omitted
Caused by: org.postgresql.util.PSQLException: FATAL: no pg_hba.conf entry for host "185.128.200.20", user "vjxcwkiilteanj", database "d1bvs7c11s3o58", SSL off
	at org.postgresql.core.v3.ConnectionFactoryImpl.doAuthentication(ConnectionFactoryImpl.java:398) ~[postgresql-9.3-1100-jdbc41.jar:na]
	at org.postgresql.core.v3.ConnectionFactoryImpl.openConnectionImpl(ConnectionFactoryImpl.java:173) ~[postgresql-9.3-1100-jdbc41.jar:na]
	at org.postgresql.core.ConnectionFactory.openConnection(ConnectionFactory.java:64) ~[postgresql-9.3-1100-jdbc41.jar:na]
	at org.postgresql.jdbc2.AbstractJdbc2Connection.<init>(AbstractJdbc2Connection.java:136) ~[postgresql-9.3-1100-jdbc41.jar:na]
	at org.postgresql.jdbc3.AbstractJdbc3Connection.<init>(AbstractJdbc3Connection.java:29) ~[postgresql-9.3-1100-jdbc41.jar:na]
	at org.postgresql.jdbc3g.AbstractJdbc3gConnection.<init>(AbstractJdbc3gConnection.java:21) ~[postgresql-9.3-1100-jdbc41.jar:na]
	at org.postgresql.jdbc4.AbstractJdbc4Connection.<init>(AbstractJdbc4Connection.java:31) ~[postgresql-9.3-1100-jdbc41.jar:na]
	at org.postgresql.jdbc4.Jdbc4Connection.<init>(Jdbc4Connection.java:24) ~[postgresql-9.3-1100-jdbc41.jar:na]
	at org.postgresql.Driver.makeConnection(Driver.java:410) ~[postgresql-9.3-1100-jdbc41.jar:na]
	at org.postgresql.Driver.connect(Driver.java:280) ~[postgresql-9.3-1100-jdbc41.jar:na]
	at java.sql/java.sql.DriverManager.getConnection(DriverManager.java:677) ~[java.sql:na]
	at java.sql/java.sql.DriverManager.getConnection(DriverManager.java:189) ~[java.sql:na]
	at org.springframework.jdbc.datasource.DriverManagerDataSource.getConnectionFromDriverManager(DriverManagerDataSource.java:153) ~[spring-jdbc-4.3.7.RELEASE.jar:4.3.7.RELEASE]
	at org.springframework.jdbc.datasource.DriverManagerDataSource.getConnectionFromDriver(DriverManagerDataSource.java:144) ~[spring-jdbc-4.3.7.RELEASE.jar:4.3.7.RELEASE]
	at org.springframework.jdbc.datasource.AbstractDriverBasedDataSource.getConnectionFromDriver(AbstractDriverBasedDataSource.java:196) ~[spring-jdbc-4.3.7.RELEASE.jar:4.3.7.RELEASE]
	at org.springframework.jdbc.datasource.AbstractDriverBasedDataSource.getConnection(AbstractDriverBasedDataSource.java:159) ~[spring-jdbc-4.3.7.RELEASE.jar:4.3.7.RELEASE]
	at org.springframework.jdbc.datasource.DataSourceUtils.doGetConnection(DataSourceUtils.java:111) ~[spring-jdbc-4.3.7.RELEASE.jar:4.3.7.RELEASE]
	at org.springframework.jdbc.datasource.DataSourceUtils.getConnection(DataSourceUtils.java:77) ~[spring-jdbc-4.3.7.RELEASE.jar:4.3.7.RELEASE]
	... 35 common frames omitted

]]></system-out>
  </testcase>
  <testcase name="orderCard" classname="com.istg.controller.CardControllerTest" time="0.115">
    <error message="Unable to create SecurityContext using @org.springframework.security.test.context.support.WithUserDetails(value=&quot;tom&quot;, userDetailsServiceBeanName=&quot;&quot;)" type="java.lang.IllegalStateException">java.lang.IllegalStateException: Unable to create SecurityContext using @org.springframework.security.test.context.support.WithUserDetails(value="tom", userDetailsServiceBeanName="")
Caused by: org.springframework.jdbc.CannotGetJdbcConnectionException: Could not get JDBC Connection; nested exception is org.postgresql.util.PSQLException: FATAL: no pg_hba.conf entry for host "185.128.200.20", user "vjxcwkiilteanj", database "d1bvs7c11s3o58", SSL off
Caused by: org.postgresql.util.PSQLException: FATAL: no pg_hba.conf entry for host "185.128.200.20", user "vjxcwkiilteanj", database "d1bvs7c11s3o58", SSL off
</error>
    <system-out><![CDATA[2021-11-30 22:43:57.072  INFO 7476 --- [           main] c.istg.dao.implementations.UserDaoImpl   : Get user by username - tom 2021-11-30
2021-11-30 22:43:57.184  WARN 7476 --- [           main] o.s.test.context.TestContextManager      : Caught exception while allowing TestExecutionListener [org.springframework.security.test.context.support.WithSecurityContextTestExecutionListener@3ca278bc] to process 'before' execution of test method [public void com.istg.controller.CardControllerTest.orderCard() throws java.lang.Exception] for test instance [com.istg.controller.CardControllerTest@726ef6aa]

java.lang.IllegalStateException: Unable to create SecurityContext using @org.springframework.security.test.context.support.WithUserDetails(value="tom", userDetailsServiceBeanName="")
	at org.springframework.security.test.context.support.WithSecurityContextTestExecutionListener.createSecurityContext(WithSecurityContextTestExecutionListener.java:99) ~[spring-security-test-4.2.2.RELEASE.jar:4.2.2.RELEASE]
	at org.springframework.security.test.context.support.WithSecurityContextTestExecutionListener.createSecurityContext(WithSecurityContextTestExecutionListener.java:81) ~[spring-security-test-4.2.2.RELEASE.jar:4.2.2.RELEASE]
	at org.springframework.security.test.context.support.WithSecurityContextTestExecutionListener.beforeTestMethod(WithSecurityContextTestExecutionListener.java:60) ~[spring-security-test-4.2.2.RELEASE.jar:4.2.2.RELEASE]
	at org.springframework.test.context.TestContextManager.beforeTestMethod(TestContextManager.java:269) ~[spring-test-4.3.7.RELEASE.jar:4.3.7.RELEASE]
	at org.springframework.test.context.junit4.statements.RunBeforeTestMethodCallbacks.evaluate(RunBeforeTestMethodCallbacks.java:74) ~[spring-test-4.3.7.RELEASE.jar:4.3.7.RELEASE]
	at org.springframework.test.context.junit4.statements.RunAfterTestMethodCallbacks.evaluate(RunAfterTestMethodCallbacks.java:86) ~[spring-test-4.3.7.RELEASE.jar:4.3.7.RELEASE]
	at org.springframework.test.context.junit4.statements.SpringRepeat.evaluate(SpringRepeat.java:84) ~[spring-test-4.3.7.RELEASE.jar:4.3.7.RELEASE]
	at org.junit.runners.ParentRunner.runLeaf(ParentRunner.java:325) ~[junit-4.12.jar:4.12]
	at org.springframework.test.context.junit4.SpringJUnit4ClassRunner.runChild(SpringJUnit4ClassRunner.java:252) ~[spring-test-4.3.7.RELEASE.jar:4.3.7.RELEASE]
	at org.springframework.test.context.junit4.SpringJUnit4ClassRunner.runChild(SpringJUnit4ClassRunner.java:94) ~[spring-test-4.3.7.RELEASE.jar:4.3.7.RELEASE]
	at org.junit.runners.ParentRunner$3.run(ParentRunner.java:290) ~[junit-4.12.jar:4.12]
	at org.junit.runners.ParentRunner$1.schedule(ParentRunner.java:71) ~[junit-4.12.jar:4.12]
	at org.junit.runners.ParentRunner.runChildren(ParentRunner.java:288) ~[junit-4.12.jar:4.12]
	at org.junit.runners.ParentRunner.access$000(ParentRunner.java:58) ~[junit-4.12.jar:4.12]
	at org.junit.runners.ParentRunner$2.evaluate(ParentRunner.java:268) ~[junit-4.12.jar:4.12]
	at org.springframework.test.context.junit4.statements.RunBeforeTestClassCallbacks.evaluate(RunBeforeTestClassCallbacks.java:61) ~[spring-test-4.3.7.RELEASE.jar:4.3.7.RELEASE]
	at org.springframework.test.context.junit4.statements.RunAfterTestClassCallbacks.evaluate(RunAfterTestClassCallbacks.java:70) ~[spring-test-4.3.7.RELEASE.jar:4.3.7.RELEASE]
	at org.junit.runners.ParentRunner.run(ParentRunner.java:363) ~[junit-4.12.jar:4.12]
	at org.springframework.test.context.junit4.SpringJUnit4ClassRunner.run(SpringJUnit4ClassRunner.java:191) ~[spring-test-4.3.7.RELEASE.jar:4.3.7.RELEASE]
	at org.apache.maven.surefire.junit4.JUnit4Provider.execute(JUnit4Provider.java:367) ~[surefire-junit4-2.19.1.jar:2.19.1]
	at org.apache.maven.surefire.junit4.JUnit4Provider.executeWithRerun(JUnit4Provider.java:274) ~[surefire-junit4-2.19.1.jar:2.19.1]
	at org.apache.maven.surefire.junit4.JUnit4Provider.executeTestSet(JUnit4Provider.java:238) ~[surefire-junit4-2.19.1.jar:2.19.1]
	at org.apache.maven.surefire.junit4.JUnit4Provider.invoke(JUnit4Provider.java:161) ~[surefire-junit4-2.19.1.jar:2.19.1]
	at org.apache.maven.surefire.booter.ForkedBooter.invokeProviderInSameClassLoader(ForkedBooter.java:290) ~[surefire-booter-2.19.1.jar:2.19.1]
	at org.apache.maven.surefire.booter.ForkedBooter.runSuitesInProcess(ForkedBooter.java:242) ~[surefire-booter-2.19.1.jar:2.19.1]
	at org.apache.maven.surefire.booter.ForkedBooter.main(ForkedBooter.java:121) ~[surefire-booter-2.19.1.jar:2.19.1]
Caused by: org.springframework.jdbc.CannotGetJdbcConnectionException: Could not get JDBC Connection; nested exception is org.postgresql.util.PSQLException: FATAL: no pg_hba.conf entry for host "185.128.200.20", user "vjxcwkiilteanj", database "d1bvs7c11s3o58", SSL off
	at org.springframework.jdbc.datasource.DataSourceUtils.getConnection(DataSourceUtils.java:80) ~[spring-jdbc-4.3.7.RELEASE.jar:4.3.7.RELEASE]
	at org.springframework.jdbc.core.JdbcTemplate.execute(JdbcTemplate.java:619) ~[spring-jdbc-4.3.7.RELEASE.jar:4.3.7.RELEASE]
	at org.springframework.jdbc.core.JdbcTemplate.query(JdbcTemplate.java:684) ~[spring-jdbc-4.3.7.RELEASE.jar:4.3.7.RELEASE]
	at org.springframework.jdbc.core.JdbcTemplate.query(JdbcTemplate.java:716) ~[spring-jdbc-4.3.7.RELEASE.jar:4.3.7.RELEASE]
	at org.springframework.jdbc.core.JdbcTemplate.query(JdbcTemplate.java:726) ~[spring-jdbc-4.3.7.RELEASE.jar:4.3.7.RELEASE]
	at org.springframework.jdbc.core.JdbcTemplate.queryForObject(JdbcTemplate.java:800) ~[spring-jdbc-4.3.7.RELEASE.jar:4.3.7.RELEASE]
	at com.istg.dao.implementations.UserDaoImpl.getUserByUsername(UserDaoImpl.java:65) ~[classes/:na]
	at com.istg.service.implementations.UserServiceImpl.loadUserByUsername(UserServiceImpl.java:75) ~[classes/:na]
	at org.springframework.security.test.context.support.WithUserDetailsSecurityContextFactory.createSecurityContext(WithUserDetailsSecurityContextFactory.java:56) ~[spring-security-test-4.2.2.RELEASE.jar:4.2.2.RELEASE]
	at org.springframework.security.test.context.support.WithUserDetailsSecurityContextFactory.createSecurityContext(WithUserDetailsSecurityContextFactory.java:39) ~[spring-security-test-4.2.2.RELEASE.jar:4.2.2.RELEASE]
	at org.springframework.security.test.context.support.WithSecurityContextTestExecutionListener.createSecurityContext(WithSecurityContextTestExecutionListener.java:96) ~[spring-security-test-4.2.2.RELEASE.jar:4.2.2.RELEASE]
	... 25 common frames omitted
Caused by: org.postgresql.util.PSQLException: FATAL: no pg_hba.conf entry for host "185.128.200.20", user "vjxcwkiilteanj", database "d1bvs7c11s3o58", SSL off
	at org.postgresql.core.v3.ConnectionFactoryImpl.doAuthentication(ConnectionFactoryImpl.java:398) ~[postgresql-9.3-1100-jdbc41.jar:na]
	at org.postgresql.core.v3.ConnectionFactoryImpl.openConnectionImpl(ConnectionFactoryImpl.java:173) ~[postgresql-9.3-1100-jdbc41.jar:na]
	at org.postgresql.core.ConnectionFactory.openConnection(ConnectionFactory.java:64) ~[postgresql-9.3-1100-jdbc41.jar:na]
	at org.postgresql.jdbc2.AbstractJdbc2Connection.<init>(AbstractJdbc2Connection.java:136) ~[postgresql-9.3-1100-jdbc41.jar:na]
	at org.postgresql.jdbc3.AbstractJdbc3Connection.<init>(AbstractJdbc3Connection.java:29) ~[postgresql-9.3-1100-jdbc41.jar:na]
	at org.postgresql.jdbc3g.AbstractJdbc3gConnection.<init>(AbstractJdbc3gConnection.java:21) ~[postgresql-9.3-1100-jdbc41.jar:na]
	at org.postgresql.jdbc4.AbstractJdbc4Connection.<init>(AbstractJdbc4Connection.java:31) ~[postgresql-9.3-1100-jdbc41.jar:na]
	at org.postgresql.jdbc4.Jdbc4Connection.<init>(Jdbc4Connection.java:24) ~[postgresql-9.3-1100-jdbc41.jar:na]
	at org.postgresql.Driver.makeConnection(Driver.java:410) ~[postgresql-9.3-1100-jdbc41.jar:na]
	at org.postgresql.Driver.connect(Driver.java:280) ~[postgresql-9.3-1100-jdbc41.jar:na]
	at java.sql/java.sql.DriverManager.getConnection(DriverManager.java:677) ~[java.sql:na]
	at java.sql/java.sql.DriverManager.getConnection(DriverManager.java:189) ~[java.sql:na]
	at org.springframework.jdbc.datasource.DriverManagerDataSource.getConnectionFromDriverManager(DriverManagerDataSource.java:153) ~[spring-jdbc-4.3.7.RELEASE.jar:4.3.7.RELEASE]
	at org.springframework.jdbc.datasource.DriverManagerDataSource.getConnectionFromDriver(DriverManagerDataSource.java:144) ~[spring-jdbc-4.3.7.RELEASE.jar:4.3.7.RELEASE]
	at org.springframework.jdbc.datasource.AbstractDriverBasedDataSource.getConnectionFromDriver(AbstractDriverBasedDataSource.java:196) ~[spring-jdbc-4.3.7.RELEASE.jar:4.3.7.RELEASE]
	at org.springframework.jdbc.datasource.AbstractDriverBasedDataSource.getConnection(AbstractDriverBasedDataSource.java:159) ~[spring-jdbc-4.3.7.RELEASE.jar:4.3.7.RELEASE]
	at org.springframework.jdbc.datasource.DataSourceUtils.doGetConnection(DataSourceUtils.java:111) ~[spring-jdbc-4.3.7.RELEASE.jar:4.3.7.RELEASE]
	at org.springframework.jdbc.datasource.DataSourceUtils.getConnection(DataSourceUtils.java:77) ~[spring-jdbc-4.3.7.RELEASE.jar:4.3.7.RELEASE]
	... 35 common frames omitted

]]></system-out>
  </testcase>
  <testcase name="loadCardForUserNodeCount" classname="com.istg.controller.CardControllerTest" time="0.101">
    <error message="Unable to create SecurityContext using @org.springframework.security.test.context.support.WithUserDetails(value=&quot;tom&quot;, userDetailsServiceBeanName=&quot;&quot;)" type="java.lang.IllegalStateException">java.lang.IllegalStateException: Unable to create SecurityContext using @org.springframework.security.test.context.support.WithUserDetails(value="tom", userDetailsServiceBeanName="")
Caused by: org.springframework.jdbc.CannotGetJdbcConnectionException: Could not get JDBC Connection; nested exception is org.postgresql.util.PSQLException: FATAL: no pg_hba.conf entry for host "185.128.200.20", user "vjxcwkiilteanj", database "d1bvs7c11s3o58", SSL off
Caused by: org.postgresql.util.PSQLException: FATAL: no pg_hba.conf entry for host "185.128.200.20", user "vjxcwkiilteanj", database "d1bvs7c11s3o58", SSL off
</error>
    <system-out><![CDATA[2021-11-30 22:43:57.188  INFO 7476 --- [           main] c.istg.dao.implementations.UserDaoImpl   : Get user by username - tom 2021-11-30
2021-11-30 22:43:57.286  WARN 7476 --- [           main] o.s.test.context.TestContextManager      : Caught exception while allowing TestExecutionListener [org.springframework.security.test.context.support.WithSecurityContextTestExecutionListener@3ca278bc] to process 'before' execution of test method [public void com.istg.controller.CardControllerTest.loadCardForUserNodeCount() throws java.lang.Exception] for test instance [com.istg.controller.CardControllerTest@7adff6cb]

java.lang.IllegalStateException: Unable to create SecurityContext using @org.springframework.security.test.context.support.WithUserDetails(value="tom", userDetailsServiceBeanName="")
	at org.springframework.security.test.context.support.WithSecurityContextTestExecutionListener.createSecurityContext(WithSecurityContextTestExecutionListener.java:99) ~[spring-security-test-4.2.2.RELEASE.jar:4.2.2.RELEASE]
	at org.springframework.security.test.context.support.WithSecurityContextTestExecutionListener.createSecurityContext(WithSecurityContextTestExecutionListener.java:81) ~[spring-security-test-4.2.2.RELEASE.jar:4.2.2.RELEASE]
	at org.springframework.security.test.context.support.WithSecurityContextTestExecutionListener.beforeTestMethod(WithSecurityContextTestExecutionListener.java:60) ~[spring-security-test-4.2.2.RELEASE.jar:4.2.2.RELEASE]
	at org.springframework.test.context.TestContextManager.beforeTestMethod(TestContextManager.java:269) ~[spring-test-4.3.7.RELEASE.jar:4.3.7.RELEASE]
	at org.springframework.test.context.junit4.statements.RunBeforeTestMethodCallbacks.evaluate(RunBeforeTestMethodCallbacks.java:74) ~[spring-test-4.3.7.RELEASE.jar:4.3.7.RELEASE]
	at org.springframework.test.context.junit4.statements.RunAfterTestMethodCallbacks.evaluate(RunAfterTestMethodCallbacks.java:86) ~[spring-test-4.3.7.RELEASE.jar:4.3.7.RELEASE]
	at org.springframework.test.context.junit4.statements.SpringRepeat.evaluate(SpringRepeat.java:84) ~[spring-test-4.3.7.RELEASE.jar:4.3.7.RELEASE]
	at org.junit.runners.ParentRunner.runLeaf(ParentRunner.java:325) ~[junit-4.12.jar:4.12]
	at org.springframework.test.context.junit4.SpringJUnit4ClassRunner.runChild(SpringJUnit4ClassRunner.java:252) ~[spring-test-4.3.7.RELEASE.jar:4.3.7.RELEASE]
	at org.springframework.test.context.junit4.SpringJUnit4ClassRunner.runChild(SpringJUnit4ClassRunner.java:94) ~[spring-test-4.3.7.RELEASE.jar:4.3.7.RELEASE]
	at org.junit.runners.ParentRunner$3.run(ParentRunner.java:290) ~[junit-4.12.jar:4.12]
	at org.junit.runners.ParentRunner$1.schedule(ParentRunner.java:71) ~[junit-4.12.jar:4.12]
	at org.junit.runners.ParentRunner.runChildren(ParentRunner.java:288) ~[junit-4.12.jar:4.12]
	at org.junit.runners.ParentRunner.access$000(ParentRunner.java:58) ~[junit-4.12.jar:4.12]
	at org.junit.runners.ParentRunner$2.evaluate(ParentRunner.java:268) ~[junit-4.12.jar:4.12]
	at org.springframework.test.context.junit4.statements.RunBeforeTestClassCallbacks.evaluate(RunBeforeTestClassCallbacks.java:61) ~[spring-test-4.3.7.RELEASE.jar:4.3.7.RELEASE]
	at org.springframework.test.context.junit4.statements.RunAfterTestClassCallbacks.evaluate(RunAfterTestClassCallbacks.java:70) ~[spring-test-4.3.7.RELEASE.jar:4.3.7.RELEASE]
	at org.junit.runners.ParentRunner.run(ParentRunner.java:363) ~[junit-4.12.jar:4.12]
	at org.springframework.test.context.junit4.SpringJUnit4ClassRunner.run(SpringJUnit4ClassRunner.java:191) ~[spring-test-4.3.7.RELEASE.jar:4.3.7.RELEASE]
	at org.apache.maven.surefire.junit4.JUnit4Provider.execute(JUnit4Provider.java:367) ~[surefire-junit4-2.19.1.jar:2.19.1]
	at org.apache.maven.surefire.junit4.JUnit4Provider.executeWithRerun(JUnit4Provider.java:274) ~[surefire-junit4-2.19.1.jar:2.19.1]
	at org.apache.maven.surefire.junit4.JUnit4Provider.executeTestSet(JUnit4Provider.java:238) ~[surefire-junit4-2.19.1.jar:2.19.1]
	at org.apache.maven.surefire.junit4.JUnit4Provider.invoke(JUnit4Provider.java:161) ~[surefire-junit4-2.19.1.jar:2.19.1]
	at org.apache.maven.surefire.booter.ForkedBooter.invokeProviderInSameClassLoader(ForkedBooter.java:290) ~[surefire-booter-2.19.1.jar:2.19.1]
	at org.apache.maven.surefire.booter.ForkedBooter.runSuitesInProcess(ForkedBooter.java:242) ~[surefire-booter-2.19.1.jar:2.19.1]
	at org.apache.maven.surefire.booter.ForkedBooter.main(ForkedBooter.java:121) ~[surefire-booter-2.19.1.jar:2.19.1]
Caused by: org.springframework.jdbc.CannotGetJdbcConnectionException: Could not get JDBC Connection; nested exception is org.postgresql.util.PSQLException: FATAL: no pg_hba.conf entry for host "185.128.200.20", user "vjxcwkiilteanj", database "d1bvs7c11s3o58", SSL off
	at org.springframework.jdbc.datasource.DataSourceUtils.getConnection(DataSourceUtils.java:80) ~[spring-jdbc-4.3.7.RELEASE.jar:4.3.7.RELEASE]
	at org.springframework.jdbc.core.JdbcTemplate.execute(JdbcTemplate.java:619) ~[spring-jdbc-4.3.7.RELEASE.jar:4.3.7.RELEASE]
	at org.springframework.jdbc.core.JdbcTemplate.query(JdbcTemplate.java:684) ~[spring-jdbc-4.3.7.RELEASE.jar:4.3.7.RELEASE]
	at org.springframework.jdbc.core.JdbcTemplate.query(JdbcTemplate.java:716) ~[spring-jdbc-4.3.7.RELEASE.jar:4.3.7.RELEASE]
	at org.springframework.jdbc.core.JdbcTemplate.query(JdbcTemplate.java:726) ~[spring-jdbc-4.3.7.RELEASE.jar:4.3.7.RELEASE]
	at org.springframework.jdbc.core.JdbcTemplate.queryForObject(JdbcTemplate.java:800) ~[spring-jdbc-4.3.7.RELEASE.jar:4.3.7.RELEASE]
	at com.istg.dao.implementations.UserDaoImpl.getUserByUsername(UserDaoImpl.java:65) ~[classes/:na]
	at com.istg.service.implementations.UserServiceImpl.loadUserByUsername(UserServiceImpl.java:75) ~[classes/:na]
	at org.springframework.security.test.context.support.WithUserDetailsSecurityContextFactory.createSecurityContext(WithUserDetailsSecurityContextFactory.java:56) ~[spring-security-test-4.2.2.RELEASE.jar:4.2.2.RELEASE]
	at org.springframework.security.test.context.support.WithUserDetailsSecurityContextFactory.createSecurityContext(WithUserDetailsSecurityContextFactory.java:39) ~[spring-security-test-4.2.2.RELEASE.jar:4.2.2.RELEASE]
	at org.springframework.security.test.context.support.WithSecurityContextTestExecutionListener.createSecurityContext(WithSecurityContextTestExecutionListener.java:96) ~[spring-security-test-4.2.2.RELEASE.jar:4.2.2.RELEASE]
	... 25 common frames omitted
Caused by: org.postgresql.util.PSQLException: FATAL: no pg_hba.conf entry for host "185.128.200.20", user "vjxcwkiilteanj", database "d1bvs7c11s3o58", SSL off
	at org.postgresql.core.v3.ConnectionFactoryImpl.doAuthentication(ConnectionFactoryImpl.java:398) ~[postgresql-9.3-1100-jdbc41.jar:na]
	at org.postgresql.core.v3.ConnectionFactoryImpl.openConnectionImpl(ConnectionFactoryImpl.java:173) ~[postgresql-9.3-1100-jdbc41.jar:na]
	at org.postgresql.core.ConnectionFactory.openConnection(ConnectionFactory.java:64) ~[postgresql-9.3-1100-jdbc41.jar:na]
	at org.postgresql.jdbc2.AbstractJdbc2Connection.<init>(AbstractJdbc2Connection.java:136) ~[postgresql-9.3-1100-jdbc41.jar:na]
	at org.postgresql.jdbc3.AbstractJdbc3Connection.<init>(AbstractJdbc3Connection.java:29) ~[postgresql-9.3-1100-jdbc41.jar:na]
	at org.postgresql.jdbc3g.AbstractJdbc3gConnection.<init>(AbstractJdbc3gConnection.java:21) ~[postgresql-9.3-1100-jdbc41.jar:na]
	at org.postgresql.jdbc4.AbstractJdbc4Connection.<init>(AbstractJdbc4Connection.java:31) ~[postgresql-9.3-1100-jdbc41.jar:na]
	at org.postgresql.jdbc4.Jdbc4Connection.<init>(Jdbc4Connection.java:24) ~[postgresql-9.3-1100-jdbc41.jar:na]
	at org.postgresql.Driver.makeConnection(Driver.java:410) ~[postgresql-9.3-1100-jdbc41.jar:na]
	at org.postgresql.Driver.connect(Driver.java:280) ~[postgresql-9.3-1100-jdbc41.jar:na]
	at java.sql/java.sql.DriverManager.getConnection(DriverManager.java:677) ~[java.sql:na]
	at java.sql/java.sql.DriverManager.getConnection(DriverManager.java:189) ~[java.sql:na]
	at org.springframework.jdbc.datasource.DriverManagerDataSource.getConnectionFromDriverManager(DriverManagerDataSource.java:153) ~[spring-jdbc-4.3.7.RELEASE.jar:4.3.7.RELEASE]
	at org.springframework.jdbc.datasource.DriverManagerDataSource.getConnectionFromDriver(DriverManagerDataSource.java:144) ~[spring-jdbc-4.3.7.RELEASE.jar:4.3.7.RELEASE]
	at org.springframework.jdbc.datasource.AbstractDriverBasedDataSource.getConnectionFromDriver(AbstractDriverBasedDataSource.java:196) ~[spring-jdbc-4.3.7.RELEASE.jar:4.3.7.RELEASE]
	at org.springframework.jdbc.datasource.AbstractDriverBasedDataSource.getConnection(AbstractDriverBasedDataSource.java:159) ~[spring-jdbc-4.3.7.RELEASE.jar:4.3.7.RELEASE]
	at org.springframework.jdbc.datasource.DataSourceUtils.doGetConnection(DataSourceUtils.java:111) ~[spring-jdbc-4.3.7.RELEASE.jar:4.3.7.RELEASE]
	at org.springframework.jdbc.datasource.DataSourceUtils.getConnection(DataSourceUtils.java:77) ~[spring-jdbc-4.3.7.RELEASE.jar:4.3.7.RELEASE]
	... 35 common frames omitted

]]></system-out>
  </testcase>
  <testcase name="addGametoCard" classname="com.istg.controller.CardControllerTest" time="0.116">
    <error message="Unable to create SecurityContext using @org.springframework.security.test.context.support.WithUserDetails(value=&quot;tom&quot;, userDetailsServiceBeanName=&quot;&quot;)" type="java.lang.IllegalStateException">java.lang.IllegalStateException: Unable to create SecurityContext using @org.springframework.security.test.context.support.WithUserDetails(value="tom", userDetailsServiceBeanName="")
Caused by: org.springframework.jdbc.CannotGetJdbcConnectionException: Could not get JDBC Connection; nested exception is org.postgresql.util.PSQLException: FATAL: no pg_hba.conf entry for host "185.128.200.20", user "vjxcwkiilteanj", database "d1bvs7c11s3o58", SSL off
Caused by: org.postgresql.util.PSQLException: FATAL: no pg_hba.conf entry for host "185.128.200.20", user "vjxcwkiilteanj", database "d1bvs7c11s3o58", SSL off
</error>
    <system-out><![CDATA[2021-11-30 22:43:57.289  INFO 7476 --- [           main] c.istg.dao.implementations.UserDaoImpl   : Get user by username - tom 2021-11-30
2021-11-30 22:43:57.398  WARN 7476 --- [           main] o.s.test.context.TestContextManager      : Caught exception while allowing TestExecutionListener [org.springframework.security.test.context.support.WithSecurityContextTestExecutionListener@3ca278bc] to process 'before' execution of test method [public void com.istg.controller.CardControllerTest.addGametoCard() throws java.lang.Exception] for test instance [com.istg.controller.CardControllerTest@5bccef9f]

java.lang.IllegalStateException: Unable to create SecurityContext using @org.springframework.security.test.context.support.WithUserDetails(value="tom", userDetailsServiceBeanName="")
	at org.springframework.security.test.context.support.WithSecurityContextTestExecutionListener.createSecurityContext(WithSecurityContextTestExecutionListener.java:99) ~[spring-security-test-4.2.2.RELEASE.jar:4.2.2.RELEASE]
	at org.springframework.security.test.context.support.WithSecurityContextTestExecutionListener.createSecurityContext(WithSecurityContextTestExecutionListener.java:81) ~[spring-security-test-4.2.2.RELEASE.jar:4.2.2.RELEASE]
	at org.springframework.security.test.context.support.WithSecurityContextTestExecutionListener.beforeTestMethod(WithSecurityContextTestExecutionListener.java:60) ~[spring-security-test-4.2.2.RELEASE.jar:4.2.2.RELEASE]
	at org.springframework.test.context.TestContextManager.beforeTestMethod(TestContextManager.java:269) ~[spring-test-4.3.7.RELEASE.jar:4.3.7.RELEASE]
	at org.springframework.test.context.junit4.statements.RunBeforeTestMethodCallbacks.evaluate(RunBeforeTestMethodCallbacks.java:74) ~[spring-test-4.3.7.RELEASE.jar:4.3.7.RELEASE]
	at org.springframework.test.context.junit4.statements.RunAfterTestMethodCallbacks.evaluate(RunAfterTestMethodCallbacks.java:86) ~[spring-test-4.3.7.RELEASE.jar:4.3.7.RELEASE]
	at org.springframework.test.context.junit4.statements.SpringRepeat.evaluate(SpringRepeat.java:84) ~[spring-test-4.3.7.RELEASE.jar:4.3.7.RELEASE]
	at org.junit.runners.ParentRunner.runLeaf(ParentRunner.java:325) ~[junit-4.12.jar:4.12]
	at org.springframework.test.context.junit4.SpringJUnit4ClassRunner.runChild(SpringJUnit4ClassRunner.java:252) ~[spring-test-4.3.7.RELEASE.jar:4.3.7.RELEASE]
	at org.springframework.test.context.junit4.SpringJUnit4ClassRunner.runChild(SpringJUnit4ClassRunner.java:94) ~[spring-test-4.3.7.RELEASE.jar:4.3.7.RELEASE]
	at org.junit.runners.ParentRunner$3.run(ParentRunner.java:290) ~[junit-4.12.jar:4.12]
	at org.junit.runners.ParentRunner$1.schedule(ParentRunner.java:71) ~[junit-4.12.jar:4.12]
	at org.junit.runners.ParentRunner.runChildren(ParentRunner.java:288) ~[junit-4.12.jar:4.12]
	at org.junit.runners.ParentRunner.access$000(ParentRunner.java:58) ~[junit-4.12.jar:4.12]
	at org.junit.runners.ParentRunner$2.evaluate(ParentRunner.java:268) ~[junit-4.12.jar:4.12]
	at org.springframework.test.context.junit4.statements.RunBeforeTestClassCallbacks.evaluate(RunBeforeTestClassCallbacks.java:61) ~[spring-test-4.3.7.RELEASE.jar:4.3.7.RELEASE]
	at org.springframework.test.context.junit4.statements.RunAfterTestClassCallbacks.evaluate(RunAfterTestClassCallbacks.java:70) ~[spring-test-4.3.7.RELEASE.jar:4.3.7.RELEASE]
	at org.junit.runners.ParentRunner.run(ParentRunner.java:363) ~[junit-4.12.jar:4.12]
	at org.springframework.test.context.junit4.SpringJUnit4ClassRunner.run(SpringJUnit4ClassRunner.java:191) ~[spring-test-4.3.7.RELEASE.jar:4.3.7.RELEASE]
	at org.apache.maven.surefire.junit4.JUnit4Provider.execute(JUnit4Provider.java:367) ~[surefire-junit4-2.19.1.jar:2.19.1]
	at org.apache.maven.surefire.junit4.JUnit4Provider.executeWithRerun(JUnit4Provider.java:274) ~[surefire-junit4-2.19.1.jar:2.19.1]
	at org.apache.maven.surefire.junit4.JUnit4Provider.executeTestSet(JUnit4Provider.java:238) ~[surefire-junit4-2.19.1.jar:2.19.1]
	at org.apache.maven.surefire.junit4.JUnit4Provider.invoke(JUnit4Provider.java:161) ~[surefire-junit4-2.19.1.jar:2.19.1]
	at org.apache.maven.surefire.booter.ForkedBooter.invokeProviderInSameClassLoader(ForkedBooter.java:290) ~[surefire-booter-2.19.1.jar:2.19.1]
	at org.apache.maven.surefire.booter.ForkedBooter.runSuitesInProcess(ForkedBooter.java:242) ~[surefire-booter-2.19.1.jar:2.19.1]
	at org.apache.maven.surefire.booter.ForkedBooter.main(ForkedBooter.java:121) ~[surefire-booter-2.19.1.jar:2.19.1]
Caused by: org.springframework.jdbc.CannotGetJdbcConnectionException: Could not get JDBC Connection; nested exception is org.postgresql.util.PSQLException: FATAL: no pg_hba.conf entry for host "185.128.200.20", user "vjxcwkiilteanj", database "d1bvs7c11s3o58", SSL off
	at org.springframework.jdbc.datasource.DataSourceUtils.getConnection(DataSourceUtils.java:80) ~[spring-jdbc-4.3.7.RELEASE.jar:4.3.7.RELEASE]
	at org.springframework.jdbc.core.JdbcTemplate.execute(JdbcTemplate.java:619) ~[spring-jdbc-4.3.7.RELEASE.jar:4.3.7.RELEASE]
	at org.springframework.jdbc.core.JdbcTemplate.query(JdbcTemplate.java:684) ~[spring-jdbc-4.3.7.RELEASE.jar:4.3.7.RELEASE]
	at org.springframework.jdbc.core.JdbcTemplate.query(JdbcTemplate.java:716) ~[spring-jdbc-4.3.7.RELEASE.jar:4.3.7.RELEASE]
	at org.springframework.jdbc.core.JdbcTemplate.query(JdbcTemplate.java:726) ~[spring-jdbc-4.3.7.RELEASE.jar:4.3.7.RELEASE]
	at org.springframework.jdbc.core.JdbcTemplate.queryForObject(JdbcTemplate.java:800) ~[spring-jdbc-4.3.7.RELEASE.jar:4.3.7.RELEASE]
	at com.istg.dao.implementations.UserDaoImpl.getUserByUsername(UserDaoImpl.java:65) ~[classes/:na]
	at com.istg.service.implementations.UserServiceImpl.loadUserByUsername(UserServiceImpl.java:75) ~[classes/:na]
	at org.springframework.security.test.context.support.WithUserDetailsSecurityContextFactory.createSecurityContext(WithUserDetailsSecurityContextFactory.java:56) ~[spring-security-test-4.2.2.RELEASE.jar:4.2.2.RELEASE]
	at org.springframework.security.test.context.support.WithUserDetailsSecurityContextFactory.createSecurityContext(WithUserDetailsSecurityContextFactory.java:39) ~[spring-security-test-4.2.2.RELEASE.jar:4.2.2.RELEASE]
	at org.springframework.security.test.context.support.WithSecurityContextTestExecutionListener.createSecurityContext(WithSecurityContextTestExecutionListener.java:96) ~[spring-security-test-4.2.2.RELEASE.jar:4.2.2.RELEASE]
	... 25 common frames omitted
Caused by: org.postgresql.util.PSQLException: FATAL: no pg_hba.conf entry for host "185.128.200.20", user "vjxcwkiilteanj", database "d1bvs7c11s3o58", SSL off
	at org.postgresql.core.v3.ConnectionFactoryImpl.doAuthentication(ConnectionFactoryImpl.java:398) ~[postgresql-9.3-1100-jdbc41.jar:na]
	at org.postgresql.core.v3.ConnectionFactoryImpl.openConnectionImpl(ConnectionFactoryImpl.java:173) ~[postgresql-9.3-1100-jdbc41.jar:na]
	at org.postgresql.core.ConnectionFactory.openConnection(ConnectionFactory.java:64) ~[postgresql-9.3-1100-jdbc41.jar:na]
	at org.postgresql.jdbc2.AbstractJdbc2Connection.<init>(AbstractJdbc2Connection.java:136) ~[postgresql-9.3-1100-jdbc41.jar:na]
	at org.postgresql.jdbc3.AbstractJdbc3Connection.<init>(AbstractJdbc3Connection.java:29) ~[postgresql-9.3-1100-jdbc41.jar:na]
	at org.postgresql.jdbc3g.AbstractJdbc3gConnection.<init>(AbstractJdbc3gConnection.java:21) ~[postgresql-9.3-1100-jdbc41.jar:na]
	at org.postgresql.jdbc4.AbstractJdbc4Connection.<init>(AbstractJdbc4Connection.java:31) ~[postgresql-9.3-1100-jdbc41.jar:na]
	at org.postgresql.jdbc4.Jdbc4Connection.<init>(Jdbc4Connection.java:24) ~[postgresql-9.3-1100-jdbc41.jar:na]
	at org.postgresql.Driver.makeConnection(Driver.java:410) ~[postgresql-9.3-1100-jdbc41.jar:na]
	at org.postgresql.Driver.connect(Driver.java:280) ~[postgresql-9.3-1100-jdbc41.jar:na]
	at java.sql/java.sql.DriverManager.getConnection(DriverManager.java:677) ~[java.sql:na]
	at java.sql/java.sql.DriverManager.getConnection(DriverManager.java:189) ~[java.sql:na]
	at org.springframework.jdbc.datasource.DriverManagerDataSource.getConnectionFromDriverManager(DriverManagerDataSource.java:153) ~[spring-jdbc-4.3.7.RELEASE.jar:4.3.7.RELEASE]
	at org.springframework.jdbc.datasource.DriverManagerDataSource.getConnectionFromDriver(DriverManagerDataSource.java:144) ~[spring-jdbc-4.3.7.RELEASE.jar:4.3.7.RELEASE]
	at org.springframework.jdbc.datasource.AbstractDriverBasedDataSource.getConnectionFromDriver(AbstractDriverBasedDataSource.java:196) ~[spring-jdbc-4.3.7.RELEASE.jar:4.3.7.RELEASE]
	at org.springframework.jdbc.datasource.AbstractDriverBasedDataSource.getConnection(AbstractDriverBasedDataSource.java:159) ~[spring-jdbc-4.3.7.RELEASE.jar:4.3.7.RELEASE]
	at org.springframework.jdbc.datasource.DataSourceUtils.doGetConnection(DataSourceUtils.java:111) ~[spring-jdbc-4.3.7.RELEASE.jar:4.3.7.RELEASE]
	at org.springframework.jdbc.datasource.DataSourceUtils.getConnection(DataSourceUtils.java:77) ~[spring-jdbc-4.3.7.RELEASE.jar:4.3.7.RELEASE]
	... 35 common frames omitted

]]></system-out>
  </testcase>
</testsuite>