<?xml version="1.0" encoding="UTF-8"?>
<testsuite xmlns:xsi="http://www.w3.org/2001/XMLSchema-instance" xsi:schemaLocation="https://maven.apache.org/surefire/maven-surefire-plugin/xsd/surefire-test-report.xsd" name="com.istg.controller.AdminControllerTest" time="6.062" tests="22" errors="1" skipped="0" failures="4">
  <properties>
[...]
</properties>
  <testcase name="AdminPanelListCheckoutOrderDelete" classname="com.istg.controller.AdminControllerTest" time="0.116"/>
  <testcase name="AdminPanelListCheckoutOrderCountNode" classname="com.istg.controller.AdminControllerTest" time="0.163"/>
  <testcase name="AdminPanelDeleteGame" classname="com.istg.controller.AdminControllerTest" time="0.009"/>
  <testcase name="homeAdminPageCountLink" classname="com.istg.controller.AdminControllerTest" time="0.044"/>
  <testcase name="AdminPanelListCardUser" classname="com.istg.controller.AdminControllerTest" time="0.207">
    <error message="Request processing failed; nested exception is org.springframework.jdbc.CannotGetJdbcConnectionException: Could not get JDBC Connection; nested exception is org.postgresql.util.PSQLException: FATAL: no pg_hba.conf entry for host &quot;185.128.200.20&quot;, user &quot;vjxcwkiilteanj&quot;, database &quot;d1bvs7c11s3o58&quot;, SSL off" type="org.springframework.web.util.NestedServletException">org.springframework.web.util.NestedServletException: Request processing failed; nested exception is org.springframework.jdbc.CannotGetJdbcConnectionException: Could not get JDBC Connection; nested exception is org.postgresql.util.PSQLException: FATAL: no pg_hba.conf entry for host "185.128.200.20", user "vjxcwkiilteanj", database "d1bvs7c11s3o58", SSL off
	at com.istg.controller.AdminControllerTest.AdminPanelListCardUser(AdminControllerTest.java:226)
Caused by: org.springframework.jdbc.CannotGetJdbcConnectionException: Could not get JDBC Connection; nested exception is org.postgresql.util.PSQLException: FATAL: no pg_hba.conf entry for host "185.128.200.20", user "vjxcwkiilteanj", database "d1bvs7c11s3o58", SSL off
	at com.istg.controller.AdminControllerTest.AdminPanelListCardUser(AdminControllerTest.java:226)
Caused by: org.postgresql.util.PSQLException: FATAL: no pg_hba.conf entry for host "185.128.200.20", user "vjxcwkiilteanj", database "d1bvs7c11s3o58", SSL off
	at com.istg.controller.AdminControllerTest.AdminPanelListCardUser(AdminControllerTest.java:226)
</error>
    <system-out><![CDATA[2021-12-03 16:26:11.373  INFO 16336 --- [           main] c.i.d.i.CardProductDaoImpl               : Get all card users 2021-12-03

MockHttpServletRequest:
      HTTP Method = GET
      Request URI = /admin/listcheckoutorder/delete/6
       Parameters = {}
          Headers = {}

Handler:
             Type = com.istg.controller.AdminController
           Method = public java.lang.String com.istg.controller.AdminController.deleteCheckoutOrder(java.lang.String)

Async:
    Async started = false
     Async result = null

Resolved Exception:
             Type = null

ModelAndView:
        View name = redirect:/admin/listcheckoutorder
             View = null
            Model = null

FlashMap:
       Attributes = null

MockHttpServletResponse:
           Status = 302
    Error message = null
          Headers = {X-Content-Type-Options=[nosniff], X-XSS-Protection=[1; mode=block], Cache-Control=[no-cache, no-store, max-age=0, must-revalidate], Pragma=[no-cache], Expires=[0], X-Frame-Options=[DENY], Location=[/admin/listcheckoutorder]}
     Content type = null
             Body = 
    Forwarded URL = null
   Redirected URL = /admin/listcheckoutorder
          Cookies = []

MockHttpServletRequest:
      HTTP Method = GET
      Request URI = /admin/listcheckoutorder
       Parameters = {}
          Headers = {}

Handler:
             Type = com.istg.controller.AdminController
           Method = public java.lang.String com.istg.controller.AdminController.listcheckoutOrder(org.springframework.ui.Model)

Async:
    Async started = false
     Async result = null

Resolved Exception:
             Type = null

ModelAndView:
        View name = listofcheckoutorder
             View = null
        Attribute = listOrder
            value = []

FlashMap:
       Attributes = null

MockHttpServletResponse:
           Status = 200
    Error message = null
          Headers = {X-Content-Type-Options=[nosniff], X-XSS-Protection=[1; mode=block], Cache-Control=[no-cache, no-store, max-age=0, must-revalidate], Pragma=[no-cache], Expires=[0], X-Frame-Options=[DENY], Content-Type=[text/html;charset=UTF-8]}
     Content type = text/html;charset=UTF-8
             Body = <html lang="en">
<head>
    <!-- Required meta tags -->
    <meta charset="utf-8"/>
    <meta name="viewport" content="width=device-width, initial-scale=1, shrink-to-fit=no"/>

    <link rel="stylesheet" href="https://cdn.jsdelivr.net/npm/bootstrap@4.5.3/dist/css/bootstrap.min.css" integrity="sha384-TX8t27EcRE3e/ihU7zmQxVncDAy5uIKz4rEkgIXeMed4M0jlfIDPvg6uqKI2xXr2" crossorigin="anonymous"/>
    <link rel="shortcut icon" type="image/png" href="/static/img/logo2.png"/>
    <link rel="stylesheet" href="/static/css/style.css"/>
    <title>Admin panel list of contact us</title>
</head>
<body class="bg_admin" style="height: 100%;">
<nav class="navbar navbar-expand-lg navbar-dark bg-dark">
    <a class="navbar-brand" href="#"><img width="50" height="50" src="/static/img/logo2.png" alt="logo"/></a>
    <button class="navbar-toggler" type="button" data-toggle="collapse" data-target="#navbarSupportedContent" aria-controls="navbarSupportedContent" aria-expanded="false" aria-label="Toggle navigation">
        <span class="navbar-toggler-icon"></span>
    </button>

    <div class="collapse navbar-collapse" id="navbarSupportedContent">
        <ul class="navbar-nav mr-auto">
            <li class="nav-item active">
                <a class="nav-link" href="/admin/home"><i class="fas fa-home"></i> Home <span class="sr-only">(current)</span></a>
            </li>
            <li class="nav-item">
                <a class="nav-link" href="/admin/listofgame"><i class="fas fa-list-alt"></i> List of games</a>
            </li>
            <li class="nav-item">
                <a class="nav-link" href="/admin/listofuser"><i class="fas fa-list-alt"></i> List of users</a>
            </li>
            <li class="nav-item">
                <a class="nav-link" href="/admin/listcarduser"><i class="fas fa-list-alt"></i> List of card users</a>
            </li>
            <li class="nav-item">
                <a class="nav-link" href="/admin/listcheckoutorder"><i class="fas fa-list-alt"></i> List of checkout order</a>
            </li>
            <li class="nav-item">
                <a class="nav-link" href="/admin/listcontactus"><i class="fas fa-list-alt"></i> List of contact us</a>
            </li>
            <li class="nav-item">
                <a class="nav-link" href="/home/"><i class="fas fa-sign-out-alt"></i> Back to site</a>
            </li>
        </ul>
    </div>
</nav>
<section class="table_games" style="">
    <div class="logo_list_of_game">
        <h3 id="title_admin" class="text-center">List of all checkout order</h3>
    </div>

    <div class="table-responsive">
        <div class="container">
            <table class="table">
                <thead class="thead-dark">
                    <tr>
                        <th scope="col">id order</th>
                        <th scope="col">id card</th>
                        <th scope="col">Name client</th>
                        <th scope="col">Soname client</th>
                        <th scope="col">Email client</th>
                        <th scope="col">Phone client</th>
                        <th scope="col">Date order</th>
                        <th scope="col">Delete</th>
                    </tr>
                </thead>
                <tbody>
                                </tbody>
            </table>
        </div>
    </div>
</section>

<script src="https://code.jquery.com/jquery-3.5.1.slim.min.js" integrity="sha384-DfXdz2htPH0lsSSs5nCTpuj/zy4C+OGpamoFVy38MVBnE+IbbVYUew+OrCXaRkfj" crossorigin="anonymous"></script>
<script src="https://cdn.jsdelivr.net/npm/popper.js@1.16.1/dist/umd/popper.min.js" integrity="sha384-9/reFTGAW83EW2RDu2S0VKaIzap3H66lZH81PoYlFhbGU+6BZp6G7niu735Sk7lN" crossorigin="anonymous"></script>
<script src="https://cdn.jsdelivr.net/npm/bootstrap@4.5.3/dist/js/bootstrap.min.js" integrity="sha384-w1Q4orYjBQndcko6MimVbzY0tgp4pWB4lZ7lr30WKz0vr/aWKhXdBNmNb5D92v7s" crossorigin="anonymous"></script>
<script src="https://kit.fontawesome.com/7ddafef627.js" crossorigin="anonymous"></script>
<script src="/static/js/main.js"></script>
</body>
</html>
    Forwarded URL = null
   Redirected URL = null
          Cookies = []

MockHttpServletRequest:
      HTTP Method = GET
      Request URI = /admin/delete/7
       Parameters = {}
          Headers = {}

Handler:
             Type = com.istg.controller.AdminController
           Method = public java.lang.String com.istg.controller.AdminController.deleteGame(java.lang.String)

Async:
    Async started = false
     Async result = null

Resolved Exception:
             Type = null

ModelAndView:
        View name = redirect:/admin/listofgame
             View = null
            Model = null

FlashMap:
       Attributes = null

MockHttpServletResponse:
           Status = 302
    Error message = null
          Headers = {X-Content-Type-Options=[nosniff], X-XSS-Protection=[1; mode=block], Cache-Control=[no-cache, no-store, max-age=0, must-revalidate], Pragma=[no-cache], Expires=[0], X-Frame-Options=[DENY], Location=[/admin/listofgame]}
     Content type = null
             Body = 
    Forwarded URL = null
   Redirected URL = /admin/listofgame
          Cookies = []

MockHttpServletRequest:
      HTTP Method = GET
      Request URI = /admin/home
       Parameters = {}
          Headers = {}

Handler:
             Type = com.istg.controller.AdminController
           Method = public java.lang.String com.istg.controller.AdminController.homeAdminPanel()

Async:
    Async started = false
     Async result = null

Resolved Exception:
             Type = null

ModelAndView:
        View name = adminPanel
             View = null
            Model = null

FlashMap:
       Attributes = null

MockHttpServletResponse:
           Status = 200
    Error message = null
          Headers = {X-Content-Type-Options=[nosniff], X-XSS-Protection=[1; mode=block], Cache-Control=[no-cache, no-store, max-age=0, must-revalidate], Pragma=[no-cache], Expires=[0], X-Frame-Options=[DENY], Content-Type=[text/html;charset=UTF-8]}
     Content type = text/html;charset=UTF-8
             Body = <html lang="en">
<head>
    <!-- Required meta tags -->
    <meta charset="utf-8"/>
    <meta name="viewport" content="width=device-width, initial-scale=1, shrink-to-fit=no"/>

    <!-- Bootstrap CSS -->
    <link rel="stylesheet" href="https://cdn.jsdelivr.net/npm/bootstrap@4.5.3/dist/css/bootstrap.min.css" integrity="sha384-TX8t27EcRE3e/ihU7zmQxVncDAy5uIKz4rEkgIXeMed4M0jlfIDPvg6uqKI2xXr2" crossorigin="anonymous"/>
    <link rel="shortcut icon" type="image/png" href="/static/img/logo2.png"/>
    <link rel="stylesheet" href="/static/css/style.css"/>
    <title>Admin panel home</title>
</head>
<body class="bg_admin">
<nav class="navbar navbar-expand-lg navbar-dark bg-dark">
    <a class="navbar-brand" href="#"><img width="50" height="50" src="/static/img/logo2.png" alt="logo"/></a>
    <button class="navbar-toggler" type="button" data-toggle="collapse" data-target="#navbarSupportedContent" aria-controls="navbarSupportedContent" aria-expanded="false" aria-label="Toggle navigation">
        <span class="navbar-toggler-icon"></span>
    </button>

    <div class="collapse navbar-collapse" id="navbarSupportedContent">
        <ul class="navbar-nav mr-auto">
                <li class="nav-item active">
                    <a class="nav-link" href="/admin/home"><i class="fas fa-home"></i> Home <span class="sr-only">(current)</span></a>
                </li>
                <li class="nav-item">
                    <a class="nav-link" href="/admin/listofgame"><i class="fas fa-list-alt"></i> List of games</a>
                </li>
                <li class="nav-item">
                    <a class="nav-link" href="/admin/listofuser"><i class="fas fa-list-alt"></i> List of users</a>
                </li>
                <li class="nav-item">
                    <a class="nav-link" href="/admin/listcarduser"><i class="fas fa-list-alt"></i> List of card users</a>
                </li>
                <li class="nav-item">
                    <a class="nav-link" href="/admin/listcheckoutorder"><i class="fas fa-list-alt"></i> List of checkout order</a>
                </li>
                <li class="nav-item">
                    <a class="nav-link" href="/admin/listcontactus"><i class="fas fa-list-alt"></i> List of contact us</a>
                </li>
                <li class="nav-item">
                    <a class="nav-link" href="/home/"><i class="fas fa-sign-out-alt"></i> Back to site</a>
                </li>
        </ul>
    </div>
</nav>
<section class="slider">
    <div id="carouselExampleCaptions" class="carousel slide" data-ride="carousel">
        <div class="carousel-inner">
            <div class="carousel-item active">
                <img src="/static/img/admin_slide_1.jpg" class="d-block w-100 h-25" style="height:450px !important;" alt="admin_slide_1"/>
                <div class="carousel-caption">
                    <h1 style="font-size:8vw;" class="display-2">Добро пожаловать</h1>
                    <h3 style="font-size:2vw;">на панель администратора</h3>
                </div>
            </div>
            <div class="carousel-item">
                <img src="/static/img/admin_slide_2.jpg" class="d-block w-100" style="height: 450px !important;" alt="admin_slide_2"/>
                <div class="carousel-caption">
                    <h1 style="font-size:8vw;" class="display-2">Тут</h1>
                    <h3 style="font-size:2vw;">вы можете всё</h3>
                </div>
            </div>
            <div class="carousel-item">
                <img src="/static/img/admin_slide_3.jpg" style="height: 450px !important;" class="d-block w-100" alt="admin_slide_3"/>
                <div class="carousel-caption">
                    <h1 style="font-size:6vw;" class="display-2">Создавайте! Творите! Работайте!</h1>
                    <h3 style="font-size:2vw;">Удачи.</h3>
                </div>
            </div>
        </div>
    </div>
 </section>
<section class="admin_function">
    <div class="container">
        <div class="logo_admin_function">
            <h3 id="title_admin" class="text-center">Списки объектов сайта для администратора</h3>
        </div>
        <div class="row" >
            <div class="col-xs-12 col-sm-6 col-md-12 col-lg-4" id="item_link">
                <div class="card" style="width: 16rem;">
                    <img src="/static/img/admin_slide_1.jpg" class="card-img-top" alt="admin_slide_1"/>
                    <div class="card-body">
                        <h5 class="card-title">List of game</h5>
                        <p class="card-text"></p>
                        <a href="/admin/listofgame" class="btn btn-secondary">Go on page</a>
                    </div>
                </div>
            </div>
            <div class="col-xs-12 col-sm-6 col-md-12 col-lg-4" id="item_link">
                <div class="card" style="width: 16rem;">
                    <img src="/static/img/admin_slide_1.jpg" class="card-img-top" alt="admin_slide_1"/>
                    <div class="card-body">
                        <h5 class="card-title">List of user</h5>
                        <p class="card-text"></p>
                        <a href="/admin/listofuser" class="btn btn-secondary">Go on page</a>
                    </div>
                </div>
            </div>
            <div class="col-xs-12 col-sm-6 col-md-12 col-lg-4" id="item_link">
                <div class="card" style="width: 16rem;">
                    <img src="/static/img/admin_slide_1.jpg" class="card-img-top" alt="admin_slide_1"/>
                    <div class="card-body">
                        <h5 class="card-title">List of feedback</h5>
                        <p class="card-text"></p>
                        <a href="/admin/listoffeedback" class="btn btn-secondary">Go on page</a>
                    </div>
                </div>
            </div>
            <div class="col-xs-12 col-sm-6 col-md-12 col-lg-4" id="item_link">
                <div class="card" style="width: 16rem;">
                    <img src="/static/img/admin_slide_2.jpg" class="card-img-top" alt="admin_slide_2"/>
                    <div class="card-body">
                        <h5 class="card-title">List of checkout order</h5>
                        <p class="card-text"></p>
                        <a href="/admin/listcheckoutorder" class="btn btn-secondary">Go on page</a>
                    </div>
                </div>
            </div>
            <div class="col-xs-12 col-sm-6 col-md-12 col-lg-4" id="item_link">
                <div class="card" style="width: 16rem;">
                    <img src="/static/img/admin_slide_2.jpg" class="card-img-top" alt="admin_slide_2"/>
                    <div class="card-body">
                        <h5 class="card-title">List of contact us</h5>
                        <p class="card-text"></p>
                        <a href="/admin/listcontactus" class="btn btn-secondary">Go on page</a>
                    </div>
                </div>
            </div>
        </div>
    </div>
</section>

<footer class="page-footer font-small bg-dark" style="height: 100px;color: white !important;">
    <div class="container">
        <div class="row" style="padding-top: 40px">
            <div class="col">
                <a href="#" class="fb-ic">
                    <i class="fab fa-facebook-f fa-lg white-text mr-md-5 mr-3 fa-2x"> </i>
                </a>
            </div>
            <div class="col">
                <a href="#" class="fb-ic">
                    <i class="fab fa-twitter fa-lg white-text mr-md-5 mr-3 fa-2x"> </i>
                </a>
            </div>
            <div class="col">
                <a href="#" class="fb-ic">
                    <i class="fab fa-google-plus-g fa-lg white-text mr-md-5 mr-3 fa-2x"> </i>
                </a>
            </div>
            <div class="col">
                <a  href="#" class="fb-ic">
                    <i class="fab fa-linkedin-in fa-lg white-text mr-md-5 mr-3 fa-2x"> </i>
                </a>
            </div>
            <div class="col">
                <a href="#" class="fb-ic">
                    <i class="fab fa-instagram fa-lg white-text mr-md-5 mr-3 fa-2x"> </i>
                </a>
            </div>
            <div class="col">
                <a href="#" class="fb-ic">
                    <i class="fab fa-pinterest fa-lg white-text fa-2x"> </i>
                </a>
            </div>
        </div>
    </div>
</footer>


<script src="https://code.jquery.com/jquery-3.5.1.slim.min.js" integrity="sha384-DfXdz2htPH0lsSSs5nCTpuj/zy4C+OGpamoFVy38MVBnE+IbbVYUew+OrCXaRkfj" crossorigin="anonymous"></script>
<script src="https://cdn.jsdelivr.net/npm/popper.js@1.16.1/dist/umd/popper.min.js" integrity="sha384-9/reFTGAW83EW2RDu2S0VKaIzap3H66lZH81PoYlFhbGU+6BZp6G7niu735Sk7lN" crossorigin="anonymous"></script>
<script src="https://cdn.jsdelivr.net/npm/bootstrap@4.5.3/dist/js/bootstrap.min.js" integrity="sha384-w1Q4orYjBQndcko6MimVbzY0tgp4pWB4lZ7lr30WKz0vr/aWKhXdBNmNb5D92v7s" crossorigin="anonymous"></script>
<script src="https://kit.fontawesome.com/7ddafef627.js" crossorigin="anonymous"></script>

<script>
    $('.carousel').carousel({
        interval: 2000
    })
</script>
</body>
</html>
    Forwarded URL = null
   Redirected URL = null
          Cookies = []
]]></system-out>
  </testcase>
  <testcase name="AdminPanelListUserUpdateTest" classname="com.istg.controller.AdminControllerTest" time="0"/>
  <testcase name="AdminPanelListUserLoadTest" classname="com.istg.controller.AdminControllerTest" time="0.022"/>
  <testcase name="AdminPanelListFeedBackDelete" classname="com.istg.controller.AdminControllerTest" time="0.011"/>
  <testcase name="AdminPanelListGameCountNode" classname="com.istg.controller.AdminControllerTest" time="0.042"/>
  <testcase name="homeAdminPageLoad" classname="com.istg.controller.AdminControllerTest" time="0.017"/>
  <testcase name="AdminPanelAddGameFailed" classname="com.istg.controller.AdminControllerTest" time="0.236">
    <failure message="Range for response status value 500 expected:&lt;REDIRECTION&gt; but was:&lt;SERVER_ERROR&gt;" type="java.lang.AssertionError"><![CDATA[java.lang.AssertionError: Range for response status value 500 expected:<REDIRECTION> but was:<SERVER_ERROR>
	at com.istg.controller.AdminControllerTest.AdminPanelAddGameFailed(AdminControllerTest.java:115)
]]></failure>
    <system-out><![CDATA[2021-12-03 16:26:11.685  WARN 16336 --- [           main] .w.s.m.s.DefaultHandlerExceptionResolver : Failed to convert request element: org.springframework.web.method.annotation.MethodArgumentConversionNotSupportedException: Failed to convert value of type 'org.springframework.mock.web.MockMultipartFile' to required type 'java.lang.String'; nested exception is java.lang.IllegalStateException: Cannot convert value of type 'org.springframework.mock.web.MockMultipartFile' to required type 'java.lang.String': no matching editors or conversion strategy found

MockHttpServletRequest:
      HTTP Method = GET
      Request URI = /admin/listcheckoutorder/delete/6
       Parameters = {}
          Headers = {}

Handler:
             Type = com.istg.controller.AdminController
           Method = public java.lang.String com.istg.controller.AdminController.deleteCheckoutOrder(java.lang.String)

Async:
    Async started = false
     Async result = null

Resolved Exception:
             Type = null

ModelAndView:
        View name = redirect:/admin/listcheckoutorder
             View = null
            Model = null

FlashMap:
       Attributes = null

MockHttpServletResponse:
           Status = 302
    Error message = null
          Headers = {X-Content-Type-Options=[nosniff], X-XSS-Protection=[1; mode=block], Cache-Control=[no-cache, no-store, max-age=0, must-revalidate], Pragma=[no-cache], Expires=[0], X-Frame-Options=[DENY], Location=[/admin/listcheckoutorder]}
     Content type = null
             Body = 
    Forwarded URL = null
   Redirected URL = /admin/listcheckoutorder
          Cookies = []

MockHttpServletRequest:
      HTTP Method = GET
      Request URI = /admin/listcheckoutorder
       Parameters = {}
          Headers = {}

Handler:
             Type = com.istg.controller.AdminController
           Method = public java.lang.String com.istg.controller.AdminController.listcheckoutOrder(org.springframework.ui.Model)

Async:
    Async started = false
     Async result = null

Resolved Exception:
             Type = null

ModelAndView:
        View name = listofcheckoutorder
             View = null
        Attribute = listOrder
            value = []

FlashMap:
       Attributes = null

MockHttpServletResponse:
           Status = 200
    Error message = null
          Headers = {X-Content-Type-Options=[nosniff], X-XSS-Protection=[1; mode=block], Cache-Control=[no-cache, no-store, max-age=0, must-revalidate], Pragma=[no-cache], Expires=[0], X-Frame-Options=[DENY], Content-Type=[text/html;charset=UTF-8]}
     Content type = text/html;charset=UTF-8
             Body = <html lang="en">
<head>
    <!-- Required meta tags -->
    <meta charset="utf-8"/>
    <meta name="viewport" content="width=device-width, initial-scale=1, shrink-to-fit=no"/>

    <link rel="stylesheet" href="https://cdn.jsdelivr.net/npm/bootstrap@4.5.3/dist/css/bootstrap.min.css" integrity="sha384-TX8t27EcRE3e/ihU7zmQxVncDAy5uIKz4rEkgIXeMed4M0jlfIDPvg6uqKI2xXr2" crossorigin="anonymous"/>
    <link rel="shortcut icon" type="image/png" href="/static/img/logo2.png"/>
    <link rel="stylesheet" href="/static/css/style.css"/>
    <title>Admin panel list of contact us</title>
</head>
<body class="bg_admin" style="height: 100%;">
<nav class="navbar navbar-expand-lg navbar-dark bg-dark">
    <a class="navbar-brand" href="#"><img width="50" height="50" src="/static/img/logo2.png" alt="logo"/></a>
    <button class="navbar-toggler" type="button" data-toggle="collapse" data-target="#navbarSupportedContent" aria-controls="navbarSupportedContent" aria-expanded="false" aria-label="Toggle navigation">
        <span class="navbar-toggler-icon"></span>
    </button>

    <div class="collapse navbar-collapse" id="navbarSupportedContent">
        <ul class="navbar-nav mr-auto">
            <li class="nav-item active">
                <a class="nav-link" href="/admin/home"><i class="fas fa-home"></i> Home <span class="sr-only">(current)</span></a>
            </li>
            <li class="nav-item">
                <a class="nav-link" href="/admin/listofgame"><i class="fas fa-list-alt"></i> List of games</a>
            </li>
            <li class="nav-item">
                <a class="nav-link" href="/admin/listofuser"><i class="fas fa-list-alt"></i> List of users</a>
            </li>
            <li class="nav-item">
                <a class="nav-link" href="/admin/listcarduser"><i class="fas fa-list-alt"></i> List of card users</a>
            </li>
            <li class="nav-item">
                <a class="nav-link" href="/admin/listcheckoutorder"><i class="fas fa-list-alt"></i> List of checkout order</a>
            </li>
            <li class="nav-item">
                <a class="nav-link" href="/admin/listcontactus"><i class="fas fa-list-alt"></i> List of contact us</a>
            </li>
            <li class="nav-item">
                <a class="nav-link" href="/home/"><i class="fas fa-sign-out-alt"></i> Back to site</a>
            </li>
        </ul>
    </div>
</nav>
<section class="table_games" style="">
    <div class="logo_list_of_game">
        <h3 id="title_admin" class="text-center">List of all checkout order</h3>
    </div>

    <div class="table-responsive">
        <div class="container">
            <table class="table">
                <thead class="thead-dark">
                    <tr>
                        <th scope="col">id order</th>
                        <th scope="col">id card</th>
                        <th scope="col">Name client</th>
                        <th scope="col">Soname client</th>
                        <th scope="col">Email client</th>
                        <th scope="col">Phone client</th>
                        <th scope="col">Date order</th>
                        <th scope="col">Delete</th>
                    </tr>
                </thead>
                <tbody>
                                </tbody>
            </table>
        </div>
    </div>
</section>

<script src="https://code.jquery.com/jquery-3.5.1.slim.min.js" integrity="sha384-DfXdz2htPH0lsSSs5nCTpuj/zy4C+OGpamoFVy38MVBnE+IbbVYUew+OrCXaRkfj" crossorigin="anonymous"></script>
<script src="https://cdn.jsdelivr.net/npm/popper.js@1.16.1/dist/umd/popper.min.js" integrity="sha384-9/reFTGAW83EW2RDu2S0VKaIzap3H66lZH81PoYlFhbGU+6BZp6G7niu735Sk7lN" crossorigin="anonymous"></script>
<script src="https://cdn.jsdelivr.net/npm/bootstrap@4.5.3/dist/js/bootstrap.min.js" integrity="sha384-w1Q4orYjBQndcko6MimVbzY0tgp4pWB4lZ7lr30WKz0vr/aWKhXdBNmNb5D92v7s" crossorigin="anonymous"></script>
<script src="https://kit.fontawesome.com/7ddafef627.js" crossorigin="anonymous"></script>
<script src="/static/js/main.js"></script>
</body>
</html>
    Forwarded URL = null
   Redirected URL = null
          Cookies = []

MockHttpServletRequest:
      HTTP Method = GET
      Request URI = /admin/delete/7
       Parameters = {}
          Headers = {}

Handler:
             Type = com.istg.controller.AdminController
           Method = public java.lang.String com.istg.controller.AdminController.deleteGame(java.lang.String)

Async:
    Async started = false
     Async result = null

Resolved Exception:
             Type = null

ModelAndView:
        View name = redirect:/admin/listofgame
             View = null
            Model = null

FlashMap:
       Attributes = null

MockHttpServletResponse:
           Status = 302
    Error message = null
          Headers = {X-Content-Type-Options=[nosniff], X-XSS-Protection=[1; mode=block], Cache-Control=[no-cache, no-store, max-age=0, must-revalidate], Pragma=[no-cache], Expires=[0], X-Frame-Options=[DENY], Location=[/admin/listofgame]}
     Content type = null
             Body = 
    Forwarded URL = null
   Redirected URL = /admin/listofgame
          Cookies = []

MockHttpServletRequest:
      HTTP Method = GET
      Request URI = /admin/home
       Parameters = {}
          Headers = {}

Handler:
             Type = com.istg.controller.AdminController
           Method = public java.lang.String com.istg.controller.AdminController.homeAdminPanel()

Async:
    Async started = false
     Async result = null

Resolved Exception:
             Type = null

ModelAndView:
        View name = adminPanel
             View = null
            Model = null

FlashMap:
       Attributes = null

MockHttpServletResponse:
           Status = 200
    Error message = null
          Headers = {X-Content-Type-Options=[nosniff], X-XSS-Protection=[1; mode=block], Cache-Control=[no-cache, no-store, max-age=0, must-revalidate], Pragma=[no-cache], Expires=[0], X-Frame-Options=[DENY], Content-Type=[text/html;charset=UTF-8]}
     Content type = text/html;charset=UTF-8
             Body = <html lang="en">
<head>
    <!-- Required meta tags -->
    <meta charset="utf-8"/>
    <meta name="viewport" content="width=device-width, initial-scale=1, shrink-to-fit=no"/>

    <!-- Bootstrap CSS -->
    <link rel="stylesheet" href="https://cdn.jsdelivr.net/npm/bootstrap@4.5.3/dist/css/bootstrap.min.css" integrity="sha384-TX8t27EcRE3e/ihU7zmQxVncDAy5uIKz4rEkgIXeMed4M0jlfIDPvg6uqKI2xXr2" crossorigin="anonymous"/>
    <link rel="shortcut icon" type="image/png" href="/static/img/logo2.png"/>
    <link rel="stylesheet" href="/static/css/style.css"/>
    <title>Admin panel home</title>
</head>
<body class="bg_admin">
<nav class="navbar navbar-expand-lg navbar-dark bg-dark">
    <a class="navbar-brand" href="#"><img width="50" height="50" src="/static/img/logo2.png" alt="logo"/></a>
    <button class="navbar-toggler" type="button" data-toggle="collapse" data-target="#navbarSupportedContent" aria-controls="navbarSupportedContent" aria-expanded="false" aria-label="Toggle navigation">
        <span class="navbar-toggler-icon"></span>
    </button>

    <div class="collapse navbar-collapse" id="navbarSupportedContent">
        <ul class="navbar-nav mr-auto">
                <li class="nav-item active">
                    <a class="nav-link" href="/admin/home"><i class="fas fa-home"></i> Home <span class="sr-only">(current)</span></a>
                </li>
                <li class="nav-item">
                    <a class="nav-link" href="/admin/listofgame"><i class="fas fa-list-alt"></i> List of games</a>
                </li>
                <li class="nav-item">
                    <a class="nav-link" href="/admin/listofuser"><i class="fas fa-list-alt"></i> List of users</a>
                </li>
                <li class="nav-item">
                    <a class="nav-link" href="/admin/listcarduser"><i class="fas fa-list-alt"></i> List of card users</a>
                </li>
                <li class="nav-item">
                    <a class="nav-link" href="/admin/listcheckoutorder"><i class="fas fa-list-alt"></i> List of checkout order</a>
                </li>
                <li class="nav-item">
                    <a class="nav-link" href="/admin/listcontactus"><i class="fas fa-list-alt"></i> List of contact us</a>
                </li>
                <li class="nav-item">
                    <a class="nav-link" href="/home/"><i class="fas fa-sign-out-alt"></i> Back to site</a>
                </li>
        </ul>
    </div>
</nav>
<section class="slider">
    <div id="carouselExampleCaptions" class="carousel slide" data-ride="carousel">
        <div class="carousel-inner">
            <div class="carousel-item active">
                <img src="/static/img/admin_slide_1.jpg" class="d-block w-100 h-25" style="height:450px !important;" alt="admin_slide_1"/>
                <div class="carousel-caption">
                    <h1 style="font-size:8vw;" class="display-2">Добро пожаловать</h1>
                    <h3 style="font-size:2vw;">на панель администратора</h3>
                </div>
            </div>
            <div class="carousel-item">
                <img src="/static/img/admin_slide_2.jpg" class="d-block w-100" style="height: 450px !important;" alt="admin_slide_2"/>
                <div class="carousel-caption">
                    <h1 style="font-size:8vw;" class="display-2">Тут</h1>
                    <h3 style="font-size:2vw;">вы можете всё</h3>
                </div>
            </div>
            <div class="carousel-item">
                <img src="/static/img/admin_slide_3.jpg" style="height: 450px !important;" class="d-block w-100" alt="admin_slide_3"/>
                <div class="carousel-caption">
                    <h1 style="font-size:6vw;" class="display-2">Создавайте! Творите! Работайте!</h1>
                    <h3 style="font-size:2vw;">Удачи.</h3>
                </div>
            </div>
        </div>
    </div>
 </section>
<section class="admin_function">
    <div class="container">
        <div class="logo_admin_function">
            <h3 id="title_admin" class="text-center">Списки объектов сайта для администратора</h3>
        </div>
        <div class="row" >
            <div class="col-xs-12 col-sm-6 col-md-12 col-lg-4" id="item_link">
                <div class="card" style="width: 16rem;">
                    <img src="/static/img/admin_slide_1.jpg" class="card-img-top" alt="admin_slide_1"/>
                    <div class="card-body">
                        <h5 class="card-title">List of game</h5>
                        <p class="card-text"></p>
                        <a href="/admin/listofgame" class="btn btn-secondary">Go on page</a>
                    </div>
                </div>
            </div>
            <div class="col-xs-12 col-sm-6 col-md-12 col-lg-4" id="item_link">
                <div class="card" style="width: 16rem;">
                    <img src="/static/img/admin_slide_1.jpg" class="card-img-top" alt="admin_slide_1"/>
                    <div class="card-body">
                        <h5 class="card-title">List of user</h5>
                        <p class="card-text"></p>
                        <a href="/admin/listofuser" class="btn btn-secondary">Go on page</a>
                    </div>
                </div>
            </div>
            <div class="col-xs-12 col-sm-6 col-md-12 col-lg-4" id="item_link">
                <div class="card" style="width: 16rem;">
                    <img src="/static/img/admin_slide_1.jpg" class="card-img-top" alt="admin_slide_1"/>
                    <div class="card-body">
                        <h5 class="card-title">List of feedback</h5>
                        <p class="card-text"></p>
                        <a href="/admin/listoffeedback" class="btn btn-secondary">Go on page</a>
                    </div>
                </div>
            </div>
            <div class="col-xs-12 col-sm-6 col-md-12 col-lg-4" id="item_link">
                <div class="card" style="width: 16rem;">
                    <img src="/static/img/admin_slide_2.jpg" class="card-img-top" alt="admin_slide_2"/>
                    <div class="card-body">
                        <h5 class="card-title">List of checkout order</h5>
                        <p class="card-text"></p>
                        <a href="/admin/listcheckoutorder" class="btn btn-secondary">Go on page</a>
                    </div>
                </div>
            </div>
            <div class="col-xs-12 col-sm-6 col-md-12 col-lg-4" id="item_link">
                <div class="card" style="width: 16rem;">
                    <img src="/static/img/admin_slide_2.jpg" class="card-img-top" alt="admin_slide_2"/>
                    <div class="card-body">
                        <h5 class="card-title">List of contact us</h5>
                        <p class="card-text"></p>
                        <a href="/admin/listcontactus" class="btn btn-secondary">Go on page</a>
                    </div>
                </div>
            </div>
        </div>
    </div>
</section>

<footer class="page-footer font-small bg-dark" style="height: 100px;color: white !important;">
    <div class="container">
        <div class="row" style="padding-top: 40px">
            <div class="col">
                <a href="#" class="fb-ic">
                    <i class="fab fa-facebook-f fa-lg white-text mr-md-5 mr-3 fa-2x"> </i>
                </a>
            </div>
            <div class="col">
                <a href="#" class="fb-ic">
                    <i class="fab fa-twitter fa-lg white-text mr-md-5 mr-3 fa-2x"> </i>
                </a>
            </div>
            <div class="col">
                <a href="#" class="fb-ic">
                    <i class="fab fa-google-plus-g fa-lg white-text mr-md-5 mr-3 fa-2x"> </i>
                </a>
            </div>
            <div class="col">
                <a  href="#" class="fb-ic">
                    <i class="fab fa-linkedin-in fa-lg white-text mr-md-5 mr-3 fa-2x"> </i>
                </a>
            </div>
            <div class="col">
                <a href="#" class="fb-ic">
                    <i class="fab fa-instagram fa-lg white-text mr-md-5 mr-3 fa-2x"> </i>
                </a>
            </div>
            <div class="col">
                <a href="#" class="fb-ic">
                    <i class="fab fa-pinterest fa-lg white-text fa-2x"> </i>
                </a>
            </div>
        </div>
    </div>
</footer>


<script src="https://code.jquery.com/jquery-3.5.1.slim.min.js" integrity="sha384-DfXdz2htPH0lsSSs5nCTpuj/zy4C+OGpamoFVy38MVBnE+IbbVYUew+OrCXaRkfj" crossorigin="anonymous"></script>
<script src="https://cdn.jsdelivr.net/npm/popper.js@1.16.1/dist/umd/popper.min.js" integrity="sha384-9/reFTGAW83EW2RDu2S0VKaIzap3H66lZH81PoYlFhbGU+6BZp6G7niu735Sk7lN" crossorigin="anonymous"></script>
<script src="https://cdn.jsdelivr.net/npm/bootstrap@4.5.3/dist/js/bootstrap.min.js" integrity="sha384-w1Q4orYjBQndcko6MimVbzY0tgp4pWB4lZ7lr30WKz0vr/aWKhXdBNmNb5D92v7s" crossorigin="anonymous"></script>
<script src="https://kit.fontawesome.com/7ddafef627.js" crossorigin="anonymous"></script>

<script>
    $('.carousel').carousel({
        interval: 2000
    })
</script>
</body>
</html>
    Forwarded URL = null
   Redirected URL = null
          Cookies = []

MockHttpServletRequest:
      HTTP Method = POST
      Request URI = /admin/listofuser/edit/3
       Parameters = {username_user_edit=[Tom], name_user_edit=[Tommas], soname_user_edit=[Shelby], email_user_edit=[tomshelb@mail.cu], role=[ADMIN], _csrf=[610c43ce-dfe0-4e2d-b0b7-9e378605dd56]}
          Headers = {}

Handler:
             Type = null

Async:
    Async started = false
     Async result = null

Resolved Exception:
             Type = null

ModelAndView:
        View name = null
             View = null
            Model = null

FlashMap:
       Attributes = null

MockHttpServletResponse:
           Status = 302
    Error message = null
          Headers = {X-Content-Type-Options=[nosniff], X-XSS-Protection=[1; mode=block], Cache-Control=[no-cache, no-store, max-age=0, must-revalidate], Pragma=[no-cache], Expires=[0], X-Frame-Options=[DENY], Location=[http://localhost/login]}
     Content type = null
             Body = 
    Forwarded URL = null
   Redirected URL = http://localhost/login
          Cookies = []

MockHttpServletRequest:
      HTTP Method = GET
      Request URI = /admin/listofuser
       Parameters = {}
          Headers = {}

Handler:
             Type = com.istg.controller.AdminController
           Method = public java.lang.String com.istg.controller.AdminController.userList(org.springframework.ui.Model)

Async:
    Async started = false
     Async result = null

Resolved Exception:
             Type = null

ModelAndView:
        View name = listofuser
             View = null
        Attribute = userList
            value = []

FlashMap:
       Attributes = null

MockHttpServletResponse:
           Status = 200
    Error message = null
          Headers = {X-Content-Type-Options=[nosniff], X-XSS-Protection=[1; mode=block], Cache-Control=[no-cache, no-store, max-age=0, must-revalidate], Pragma=[no-cache], Expires=[0], X-Frame-Options=[DENY], Content-Type=[text/html;charset=UTF-8]}
     Content type = text/html;charset=UTF-8
             Body = 
<html lang="en">
<head>
    <!-- Required meta tags -->
    <meta charset="utf-8"/>
    <meta name="viewport" content="width=device-width, initial-scale=1, shrink-to-fit=no"/>

    <link rel="stylesheet" href="https://cdn.jsdelivr.net/npm/bootstrap@4.5.3/dist/css/bootstrap.min.css" integrity="sha384-TX8t27EcRE3e/ihU7zmQxVncDAy5uIKz4rEkgIXeMed4M0jlfIDPvg6uqKI2xXr2" crossorigin="anonymous"/>
    <link rel="shortcut icon" type="image/png" href="/static/img/logo2.png"/>
    <link rel="stylesheet" href="/static/css/style.css"/>
    <title>Admin panel list of user</title>
</head>
<body class="bg_admin" style="height: 100%;">
<nav class="navbar navbar-expand-lg navbar-dark bg-dark">
    <a class="navbar-brand" href="#"><img width="50" height="50" src="/static/img/logo2.png" alt="logo"/></a>
    <button class="navbar-toggler" type="button" data-toggle="collapse" data-target="#navbarSupportedContent" aria-controls="navbarSupportedContent" aria-expanded="false" aria-label="Toggle navigation">
        <span class="navbar-toggler-icon"></span>
    </button>

    <div class="collapse navbar-collapse" id="navbarSupportedContent">
        <ul class="navbar-nav mr-auto">
            <li class="nav-item active">
                <a class="nav-link" href="/admin/home"><i class="fas fa-home"></i> Home <span class="sr-only">(current)</span></a>
            </li>
            <li class="nav-item">
                <a class="nav-link" href="/admin/listofgame"><i class="fas fa-list-alt"></i> List of games</a>
            </li>
            <li class="nav-item">
                <a class="nav-link" href="/admin/listofuser"><i class="fas fa-list-alt"></i> List of users</a>
            </li>
            <li class="nav-item">
                <a class="nav-link" href="/admin/listcarduser"><i class="fas fa-list-alt"></i> List of card users</a>
            </li>
            <li class="nav-item">
                <a class="nav-link" href="/admin/listcheckoutorder"><i class="fas fa-list-alt"></i> List of checkout order</a>
            </li>
            <li class="nav-item">
                <a class="nav-link" href="/admin/listcontactus"><i class="fas fa-list-alt"></i> List of contact us</a>
            </li>
            <li class="nav-item">
                <a class="nav-link" href="/home/"><i class="fas fa-sign-out-alt"></i> Back to site</a>
            </li>
        </ul>
    </div>
</nav>
<section class="table_games" style="">
    <div class="logo_list_of_game">
        <h3 id="title_admin" class="text-center">List of all users</h3>
    </div>

    <div class="table-responsive">
        <div class="container">
             <table class="table">
                <thead class="thead-dark">
                <tr>
                    <th scope="col">id user</th>
                    <th scope="col">Username</th>
                    <th scope="col">Name</th>
                    <th scope="col">Soname</th>
                    <th scope="col">Email</th>
                    <th scope="col">Role</th>
                    <th scope="col">Edit</th>
                    <th scope="col">Delete</th>
                </tr>
                </thead>
                <tbody>
                                </tbody>
            </table>
        </div>
    </div>
</section>

<div id="modal_edit" class="modal bounceIn">
<div id="close_edit_modal">+</div>
    <div class="modal_txt">
        <div>
            <h2>Edit user with name - <span id="name_user_edit_logo"></span></h2>
        </div>
        <div class="add_train_content">
            <form action ="" method="post" onsubmit="return confirmEdit()" name="form_edit_game">
                <div class="form-group">
                    <label for="exampleInputText">Username</label>
                    <input name="username_user_edit" type="text" class="form-control" id="exampleInputText" placeholder="Enter name game" required="required"/>
                </div>
                <div class="form-group">
                    <label for="exampleInputText">Name</label>
                    <input name="name_user_edit" type="text" class="form-control" id="exampleInputText" placeholder="Enter name game" required="required"/>
                </div>
                <div class="form-group">
                    <label for="exampleInputText">Soname</label>
                    <input name="soname_user_edit" type="text" class="form-control" id="exampleInputText" placeholder="Enter name game" required="required"/>
                </div>
                <div class="form-group">
                    <label for="exampleInputText">Email game</label>
                    <input name="email_user_edit" type="text" class="form-control" id="exampleInputText" placeholder="Enter name game" required="required"/>
                </div>
                    <div class="form-group">
                        <label for="exampleSelectType">Role now: <span id="role_user"></span></label>
                        <select name="role" id="exampleSelectType" class="custom-select custom-select-lg mb-3" style="font-size: 1rem !important;">
                            <option value="ADMIN">Admin</option>
                            <option value="USER">User</option>
                        </select>
                    </div>
                <input type="hidden" name="_csrf" value="95828a75-13da-42a1-88be-2062415fc47d" />
                <button type="submit" class="btn btn-primary">Submit</button>
            </form>

        </div>
    </div>
</div>

<script src="https://code.jquery.com/jquery-3.5.1.slim.min.js" integrity="sha384-DfXdz2htPH0lsSSs5nCTpuj/zy4C+OGpamoFVy38MVBnE+IbbVYUew+OrCXaRkfj" crossorigin="anonymous"></script>
<script src="https://cdn.jsdelivr.net/npm/popper.js@1.16.1/dist/umd/popper.min.js" integrity="sha384-9/reFTGAW83EW2RDu2S0VKaIzap3H66lZH81PoYlFhbGU+6BZp6G7niu735Sk7lN" crossorigin="anonymous"></script>
<script src="https://cdn.jsdelivr.net/npm/bootstrap@4.5.3/dist/js/bootstrap.min.js" integrity="sha384-w1Q4orYjBQndcko6MimVbzY0tgp4pWB4lZ7lr30WKz0vr/aWKhXdBNmNb5D92v7s" crossorigin="anonymous"></script>
<script src="https://kit.fontawesome.com/7ddafef627.js" crossorigin="anonymous"></script>
<script src="/static/js/main.js"></script>
<script>
    init_edit_modal_user();
</script>
</body>
</html>
    Forwarded URL = null
   Redirected URL = null
          Cookies = []

MockHttpServletRequest:
      HTTP Method = GET
      Request URI = /admin/listoffeedback/delete/1
       Parameters = {}
          Headers = {}

Handler:
             Type = com.istg.controller.AdminController
           Method = public java.lang.String com.istg.controller.AdminController.deleteFeedback(java.lang.String)

Async:
    Async started = false
     Async result = null

Resolved Exception:
             Type = null

ModelAndView:
        View name = redirect:/admin/listoffeedback
             View = null
            Model = null

FlashMap:
       Attributes = null

MockHttpServletResponse:
           Status = 302
    Error message = null
          Headers = {X-Content-Type-Options=[nosniff], X-XSS-Protection=[1; mode=block], Cache-Control=[no-cache, no-store, max-age=0, must-revalidate], Pragma=[no-cache], Expires=[0], X-Frame-Options=[DENY], Location=[/admin/listoffeedback]}
     Content type = null
             Body = 
    Forwarded URL = null
   Redirected URL = /admin/listoffeedback
          Cookies = []

MockHttpServletRequest:
      HTTP Method = GET
      Request URI = /admin/listofgame
       Parameters = {}
          Headers = {}

Handler:
             Type = com.istg.controller.AdminController
           Method = public java.lang.String com.istg.controller.AdminController.listOfGame(org.springframework.ui.Model)

Async:
    Async started = false
     Async result = null

Resolved Exception:
             Type = null

ModelAndView:
        View name = listofgame
             View = null
        Attribute = ListGame
            value = []
        Attribute = Type
            value = com.istg.controller.AdminController$$Lambda$146/0x0000000801071ae8@7ac685ef
           errors = []

FlashMap:
       Attributes = null

MockHttpServletResponse:
           Status = 200
    Error message = null
          Headers = {X-Content-Type-Options=[nosniff], X-XSS-Protection=[1; mode=block], Cache-Control=[no-cache, no-store, max-age=0, must-revalidate], Pragma=[no-cache], Expires=[0], X-Frame-Options=[DENY], Content-Type=[text/html;charset=UTF-8]}
     Content type = text/html;charset=UTF-8
             Body = <html lang="en">
<head>
    <!-- Required meta tags -->
    <meta charset="utf-8"/>
    <meta name="viewport" content="width=device-width, initial-scale=1, shrink-to-fit=no"/>

     <link rel="stylesheet" href="https://cdn.jsdelivr.net/npm/bootstrap@4.5.3/dist/css/bootstrap.min.css" integrity="sha384-TX8t27EcRE3e/ihU7zmQxVncDAy5uIKz4rEkgIXeMed4M0jlfIDPvg6uqKI2xXr2" crossorigin="anonymous"/>
    <link rel="shortcut icon" type="image/png" href="/static/img/logo2.png"/>
    <link rel="stylesheet" href="/static/css/style.css"/>
    <title>Admin panel list of game</title>
</head>
<body class="bg_admin" style="height: 100%;">
<nav class="navbar navbar-expand-lg navbar-dark bg-dark">
    <a class="navbar-brand" href="#"><img width="50" height="50" src="/static/img/logo2.png" alt="logo"/></a>
    <button class="navbar-toggler" type="button" data-toggle="collapse" data-target="#navbarSupportedContent" aria-controls="navbarSupportedContent" aria-expanded="false" aria-label="Toggle navigation">
        <span class="navbar-toggler-icon"></span>
    </button>

    <div class="collapse navbar-collapse" id="navbarSupportedContent">
        <ul class="navbar-nav mr-auto">
            <li class="nav-item active">
                <a class="nav-link" href="/admin/home"><i class="fas fa-home"></i> Home <span class="sr-only">(current)</span></a>
            </li>
            <li class="nav-item">
                <a class="nav-link" href="/admin/listofgame"><i class="fas fa-list-alt"></i> List of games</a>
            </li>
            <li class="nav-item">
                <a class="nav-link" href="/admin/listofuser"><i class="fas fa-list-alt"></i> List of users</a>
            </li>
            <li class="nav-item">
                <a class="nav-link" href="/admin/listcarduser"><i class="fas fa-list-alt"></i> List of card users</a>
            </li>
            <li class="nav-item">
                <a class="nav-link" href="/admin/listcheckoutorder"><i class="fas fa-list-alt"></i> List of checkout order</a>
            </li>
            <li class="nav-item">
                <a class="nav-link" href="/admin/listcontactus"><i class="fas fa-list-alt"></i> List of contact us</a>
            </li>
            <li class="nav-item">
                <a class="nav-link" href="/home/"><i class="fas fa-sign-out-alt"></i> Back to site</a>
            </li>
        </ul>
    </div>
</nav>
<section class="table_games" style="">
    <div class="logo_list_of_game">
        <h3 id="text_page" class="text-center">List of all games</h3>
    </div>

    <div class="table-responsive">
        <div class="container">
            <a id="open_modal" style="margin-bottom: 20px" href="#" class="btn btn-secondary">Add new game</a>
            <table class="table">
                <thead class="thead-dark">
                <tr>
                    <th scope="col">id_game</th>
                    <th scope="col">Name</th>
                    <th scope="col">Describe</th>
                    <th scope="col">Filename</th>
                    <th scope="col">Price</th>
                    <th scope="col">Type</th>
                    <th scope="col">Edit</th>
                    <th scope="col">Delete</th>
                </tr>
                </thead>
                <tbody>
                                </tbody>
            </table>
        </div>
    </div>
</section>

<div id="modal" class="modal bounceIn">
    <div id="close_modal">+</div>
    <div class="modal_txt">
        <div class="container">
            <div class="row">
                <div class="col-xs-12 col-sm-12 col-md-12 col-lg-12">
                    <div class="modal_txt">
                        <div>
                            <h2>Add new game</h2>
                        </div>
                        <form action="/admin/listofgame/addgame" method="post" enctype="multipart/form-data" onsubmit="return add_new_game()" class="form_add_train_new">
                            <div class="form-group">
                                <label for="exampleInputText">Name game</label>
                                <input name="name_game" type="text" class="form-control" id="exampleInputText" placeholder="Enter name game" required="required" minlength="8" maxlength="40"/>
                             </div>
                            <div class="form-group">
                                <label for="exampleInputText">Describe game</label>
                                <textarea name="describe_game" type="text" class="form-control" id="exampleInputText" placeholder="Enter describe game" minlength="20" maxlength="250" required="required"></textarea>
                            </div>
                            <div class="form-group">
                                <label for="exampleSelectType">Type game</label>
                                <select name="type_id" id="exampleSelectType" class="custom-select custom-select-lg mb-3" style="font-size: 1rem !important;">
                                    <option value="1">Adventure</option>
                                    <option value="2">Action</option>
                                    <option value="3">Intelegent</option>
                                </select>
                            </div>
                            <div class="form-group">
                                <label for="exampleInputPrice1">Price game</label>
                                <input name="price" type="text" class="form-control" id="exampleInputPrice1"  placeholder="Enter name game" required="required"/>
                            </div>
                            <div class="form-group">
                                <div class="custom-file">
                                    <input type="text" name="file" class="custom-file-input" id="inputGroupFile01"
                                           aria-describedby="inputGroupFileAddon01"/>
                                    <label class="custom-file-label" for="inputGroupFile01">Choose file</label>
                                </div>
                            </div>
                            <input type="hidden" name="_csrf" value="1dd5048c-deb5-43f5-8369-4dcda1660a75" />
                            <button type="submit" class="btn btn-primary">Submit</button>
                         </form>
                    </div>
                </div>
            </div>
        </div>
    </div>
</div>


<div id="modal_edit" class="modal bounceIn">
    <div id="close_edit_modal">+</div>
    <div class="modal_txt">
        <div>
            <h2>Edit game name - <span id="name_game_edit_logo"></span></h2>
        </div>
        <div class="add_train_content">
            <form action ="" method="post" enctype="multipart/form-data" onsubmit="return confirmEdit()" name="form_edit_game">
                <div class="form-group">
                    <label for="exampleInputText">Name game</label>
                    <input name="name_game_edit" type="text" class="form-control" id="exampleInputText" placeholder="Enter name game" required="required"/>
                </div>
                <div class="form-group">
                    <label for="exampleInputText">Describe game</label>
                    <textarea name="describe_game_edit" type="text" class="form-control" id="exampleInputText" placeholder="Enter describe game" required="required"></textarea>
                </div>
                <div class="form-group">
                    <label for="exampleSelectType">Type game</label>
                    <select name="type_id_edit" id="exampleSelectType" class="custom-select custom-select-lg mb-3" style="font-size: 1rem !important;">
                        <option value="1">Adventure</option>
                        <option value="2">Action</option>
                        <option value="3">Intelegent</option>
                    </select>
                </div>
                <div class="form-group">
                    <label for="exampleInputPrice1">Price game</label>
                    <input name="price_edit" type="text" class="form-control" id="exampleInputPrice1" placeholder="Enter name game" required="required"/>
                </div>
                <div class="form-group">
                    <span id="img_res"></span>
                    <img id="image_edit" src="" width="50px" height="50px" style="border-radius: 10px" alt="Edit image"/>
                    <div class="custom-file">
                        <input type="text" name="file_edit" class="custom-file-input" id="inputGroupFile01"
                               aria-describedby="inputGroupFileAddon01"/>
                        <label class="custom-file-label" for="inputGroupFile01">Choose file</label>
                    </div>
                </div>
                <input type="hidden" name="_csrf" value="1dd5048c-deb5-43f5-8369-4dcda1660a75" />
                <button type="submit" class="btn btn-primary">Submit</button>
            </form>

        </div>
    </div>
</div>

<script src="https://code.jquery.com/jquery-3.5.1.slim.min.js" integrity="sha384-DfXdz2htPH0lsSSs5nCTpuj/zy4C+OGpamoFVy38MVBnE+IbbVYUew+OrCXaRkfj" crossorigin="anonymous"></script>
<script src="https://cdn.jsdelivr.net/npm/popper.js@1.16.1/dist/umd/popper.min.js" integrity="sha384-9/reFTGAW83EW2RDu2S0VKaIzap3H66lZH81PoYlFhbGU+6BZp6G7niu735Sk7lN" crossorigin="anonymous"></script>
<script src="https://cdn.jsdelivr.net/npm/bootstrap@4.5.3/dist/js/bootstrap.min.js" integrity="sha384-w1Q4orYjBQndcko6MimVbzY0tgp4pWB4lZ7lr30WKz0vr/aWKhXdBNmNb5D92v7s" crossorigin="anonymous"></script>
<script src="https://kit.fontawesome.com/7ddafef627.js" crossorigin="anonymous"></script>
<script src="/static/js/main.js"></script>
<script>
    init_modal_open_close_btn_add_game();
    init_edit_modal_game();
</script>
</body>
</html>
    Forwarded URL = null
   Redirected URL = null
          Cookies = []

MockHttpServletRequest:
      HTTP Method = GET
      Request URI = /admin/home
       Parameters = {}
          Headers = {}

Handler:
             Type = com.istg.controller.AdminController
           Method = public java.lang.String com.istg.controller.AdminController.homeAdminPanel()

Async:
    Async started = false
     Async result = null

Resolved Exception:
             Type = null

ModelAndView:
        View name = adminPanel
             View = null
            Model = null

FlashMap:
       Attributes = null

MockHttpServletResponse:
           Status = 200
    Error message = null
          Headers = {X-Content-Type-Options=[nosniff], X-XSS-Protection=[1; mode=block], Cache-Control=[no-cache, no-store, max-age=0, must-revalidate], Pragma=[no-cache], Expires=[0], X-Frame-Options=[DENY], Content-Type=[text/html;charset=UTF-8]}
     Content type = text/html;charset=UTF-8
             Body = <html lang="en">
<head>
    <!-- Required meta tags -->
    <meta charset="utf-8"/>
    <meta name="viewport" content="width=device-width, initial-scale=1, shrink-to-fit=no"/>

    <!-- Bootstrap CSS -->
    <link rel="stylesheet" href="https://cdn.jsdelivr.net/npm/bootstrap@4.5.3/dist/css/bootstrap.min.css" integrity="sha384-TX8t27EcRE3e/ihU7zmQxVncDAy5uIKz4rEkgIXeMed4M0jlfIDPvg6uqKI2xXr2" crossorigin="anonymous"/>
    <link rel="shortcut icon" type="image/png" href="/static/img/logo2.png"/>
    <link rel="stylesheet" href="/static/css/style.css"/>
    <title>Admin panel home</title>
</head>
<body class="bg_admin">
<nav class="navbar navbar-expand-lg navbar-dark bg-dark">
    <a class="navbar-brand" href="#"><img width="50" height="50" src="/static/img/logo2.png" alt="logo"/></a>
    <button class="navbar-toggler" type="button" data-toggle="collapse" data-target="#navbarSupportedContent" aria-controls="navbarSupportedContent" aria-expanded="false" aria-label="Toggle navigation">
        <span class="navbar-toggler-icon"></span>
    </button>

    <div class="collapse navbar-collapse" id="navbarSupportedContent">
        <ul class="navbar-nav mr-auto">
                <li class="nav-item active">
                    <a class="nav-link" href="/admin/home"><i class="fas fa-home"></i> Home <span class="sr-only">(current)</span></a>
                </li>
                <li class="nav-item">
                    <a class="nav-link" href="/admin/listofgame"><i class="fas fa-list-alt"></i> List of games</a>
                </li>
                <li class="nav-item">
                    <a class="nav-link" href="/admin/listofuser"><i class="fas fa-list-alt"></i> List of users</a>
                </li>
                <li class="nav-item">
                    <a class="nav-link" href="/admin/listcarduser"><i class="fas fa-list-alt"></i> List of card users</a>
                </li>
                <li class="nav-item">
                    <a class="nav-link" href="/admin/listcheckoutorder"><i class="fas fa-list-alt"></i> List of checkout order</a>
                </li>
                <li class="nav-item">
                    <a class="nav-link" href="/admin/listcontactus"><i class="fas fa-list-alt"></i> List of contact us</a>
                </li>
                <li class="nav-item">
                    <a class="nav-link" href="/home/"><i class="fas fa-sign-out-alt"></i> Back to site</a>
                </li>
        </ul>
    </div>
</nav>
<section class="slider">
    <div id="carouselExampleCaptions" class="carousel slide" data-ride="carousel">
        <div class="carousel-inner">
            <div class="carousel-item active">
                <img src="/static/img/admin_slide_1.jpg" class="d-block w-100 h-25" style="height:450px !important;" alt="admin_slide_1"/>
                <div class="carousel-caption">
                    <h1 style="font-size:8vw;" class="display-2">Добро пожаловать</h1>
                    <h3 style="font-size:2vw;">на панель администратора</h3>
                </div>
            </div>
            <div class="carousel-item">
                <img src="/static/img/admin_slide_2.jpg" class="d-block w-100" style="height: 450px !important;" alt="admin_slide_2"/>
                <div class="carousel-caption">
                    <h1 style="font-size:8vw;" class="display-2">Тут</h1>
                    <h3 style="font-size:2vw;">вы можете всё</h3>
                </div>
            </div>
            <div class="carousel-item">
                <img src="/static/img/admin_slide_3.jpg" style="height: 450px !important;" class="d-block w-100" alt="admin_slide_3"/>
                <div class="carousel-caption">
                    <h1 style="font-size:6vw;" class="display-2">Создавайте! Творите! Работайте!</h1>
                    <h3 style="font-size:2vw;">Удачи.</h3>
                </div>
            </div>
        </div>
    </div>
 </section>
<section class="admin_function">
    <div class="container">
        <div class="logo_admin_function">
            <h3 id="title_admin" class="text-center">Списки объектов сайта для администратора</h3>
        </div>
        <div class="row" >
            <div class="col-xs-12 col-sm-6 col-md-12 col-lg-4" id="item_link">
                <div class="card" style="width: 16rem;">
                    <img src="/static/img/admin_slide_1.jpg" class="card-img-top" alt="admin_slide_1"/>
                    <div class="card-body">
                        <h5 class="card-title">List of game</h5>
                        <p class="card-text"></p>
                        <a href="/admin/listofgame" class="btn btn-secondary">Go on page</a>
                    </div>
                </div>
            </div>
            <div class="col-xs-12 col-sm-6 col-md-12 col-lg-4" id="item_link">
                <div class="card" style="width: 16rem;">
                    <img src="/static/img/admin_slide_1.jpg" class="card-img-top" alt="admin_slide_1"/>
                    <div class="card-body">
                        <h5 class="card-title">List of user</h5>
                        <p class="card-text"></p>
                        <a href="/admin/listofuser" class="btn btn-secondary">Go on page</a>
                    </div>
                </div>
            </div>
            <div class="col-xs-12 col-sm-6 col-md-12 col-lg-4" id="item_link">
                <div class="card" style="width: 16rem;">
                    <img src="/static/img/admin_slide_1.jpg" class="card-img-top" alt="admin_slide_1"/>
                    <div class="card-body">
                        <h5 class="card-title">List of feedback</h5>
                        <p class="card-text"></p>
                        <a href="/admin/listoffeedback" class="btn btn-secondary">Go on page</a>
                    </div>
                </div>
            </div>
            <div class="col-xs-12 col-sm-6 col-md-12 col-lg-4" id="item_link">
                <div class="card" style="width: 16rem;">
                    <img src="/static/img/admin_slide_2.jpg" class="card-img-top" alt="admin_slide_2"/>
                    <div class="card-body">
                        <h5 class="card-title">List of checkout order</h5>
                        <p class="card-text"></p>
                        <a href="/admin/listcheckoutorder" class="btn btn-secondary">Go on page</a>
                    </div>
                </div>
            </div>
            <div class="col-xs-12 col-sm-6 col-md-12 col-lg-4" id="item_link">
                <div class="card" style="width: 16rem;">
                    <img src="/static/img/admin_slide_2.jpg" class="card-img-top" alt="admin_slide_2"/>
                    <div class="card-body">
                        <h5 class="card-title">List of contact us</h5>
                        <p class="card-text"></p>
                        <a href="/admin/listcontactus" class="btn btn-secondary">Go on page</a>
                    </div>
                </div>
            </div>
        </div>
    </div>
</section>

<footer class="page-footer font-small bg-dark" style="height: 100px;color: white !important;">
    <div class="container">
        <div class="row" style="padding-top: 40px">
            <div class="col">
                <a href="#" class="fb-ic">
                    <i class="fab fa-facebook-f fa-lg white-text mr-md-5 mr-3 fa-2x"> </i>
                </a>
            </div>
            <div class="col">
                <a href="#" class="fb-ic">
                    <i class="fab fa-twitter fa-lg white-text mr-md-5 mr-3 fa-2x"> </i>
                </a>
            </div>
            <div class="col">
                <a href="#" class="fb-ic">
                    <i class="fab fa-google-plus-g fa-lg white-text mr-md-5 mr-3 fa-2x"> </i>
                </a>
            </div>
            <div class="col">
                <a  href="#" class="fb-ic">
                    <i class="fab fa-linkedin-in fa-lg white-text mr-md-5 mr-3 fa-2x"> </i>
                </a>
            </div>
            <div class="col">
                <a href="#" class="fb-ic">
                    <i class="fab fa-instagram fa-lg white-text mr-md-5 mr-3 fa-2x"> </i>
                </a>
            </div>
            <div class="col">
                <a href="#" class="fb-ic">
                    <i class="fab fa-pinterest fa-lg white-text fa-2x"> </i>
                </a>
            </div>
        </div>
    </div>
</footer>


<script src="https://code.jquery.com/jquery-3.5.1.slim.min.js" integrity="sha384-DfXdz2htPH0lsSSs5nCTpuj/zy4C+OGpamoFVy38MVBnE+IbbVYUew+OrCXaRkfj" crossorigin="anonymous"></script>
<script src="https://cdn.jsdelivr.net/npm/popper.js@1.16.1/dist/umd/popper.min.js" integrity="sha384-9/reFTGAW83EW2RDu2S0VKaIzap3H66lZH81PoYlFhbGU+6BZp6G7niu735Sk7lN" crossorigin="anonymous"></script>
<script src="https://cdn.jsdelivr.net/npm/bootstrap@4.5.3/dist/js/bootstrap.min.js" integrity="sha384-w1Q4orYjBQndcko6MimVbzY0tgp4pWB4lZ7lr30WKz0vr/aWKhXdBNmNb5D92v7s" crossorigin="anonymous"></script>
<script src="https://kit.fontawesome.com/7ddafef627.js" crossorigin="anonymous"></script>

<script>
    $('.carousel').carousel({
        interval: 2000
    })
</script>
</body>
</html>
    Forwarded URL = null
   Redirected URL = null
          Cookies = []

MockHttpServletRequest:
      HTTP Method = POST
      Request URI = /admin/listofgame/addgame
       Parameters = {name_game=[], describe_game=[test], price=[123], type_id=[1], _csrf=[fb517e47-7bc7-4960-a08e-92b334a1ae46]}
          Headers = {Content-Type=[multipart/form-data]}

Handler:
             Type = com.istg.controller.AdminController
           Method = public java.lang.String com.istg.controller.AdminController.addnewGame(java.lang.String,java.lang.String,java.lang.String,java.lang.String,java.lang.String) throws java.io.IOException

Async:
    Async started = false
     Async result = null

Resolved Exception:
             Type = org.springframework.web.method.annotation.MethodArgumentConversionNotSupportedException

ModelAndView:
        View name = null
             View = null
            Model = null

FlashMap:
       Attributes = null

MockHttpServletResponse:
           Status = 500
    Error message = null
          Headers = {X-Content-Type-Options=[nosniff], X-XSS-Protection=[1; mode=block], Cache-Control=[no-cache, no-store, max-age=0, must-revalidate], Pragma=[no-cache], Expires=[0], X-Frame-Options=[DENY]}
     Content type = null
             Body = 
    Forwarded URL = null
   Redirected URL = null
          Cookies = []
]]></system-out>
  </testcase>
  <testcase name="AdminPanelEditGame" classname="com.istg.controller.AdminControllerTest" time="0.225">
    <failure message="Range for response status value 500 expected:&lt;REDIRECTION&gt; but was:&lt;SERVER_ERROR&gt;" type="java.lang.AssertionError"><![CDATA[java.lang.AssertionError: Range for response status value 500 expected:<REDIRECTION> but was:<SERVER_ERROR>
	at com.istg.controller.AdminControllerTest.AdminPanelEditGame(AdminControllerTest.java:128)
]]></failure>
    <system-out><![CDATA[2021-12-03 16:26:11.712  WARN 16336 --- [           main] .w.s.m.s.DefaultHandlerExceptionResolver : Failed to convert request element: org.springframework.web.method.annotation.MethodArgumentConversionNotSupportedException: Failed to convert value of type 'org.springframework.mock.web.MockMultipartFile' to required type 'java.lang.String'; nested exception is java.lang.IllegalStateException: Cannot convert value of type 'org.springframework.mock.web.MockMultipartFile' to required type 'java.lang.String': no matching editors or conversion strategy found

MockHttpServletRequest:
      HTTP Method = GET
      Request URI = /admin/listcheckoutorder/delete/6
       Parameters = {}
          Headers = {}

Handler:
             Type = com.istg.controller.AdminController
           Method = public java.lang.String com.istg.controller.AdminController.deleteCheckoutOrder(java.lang.String)

Async:
    Async started = false
     Async result = null

Resolved Exception:
             Type = null

ModelAndView:
        View name = redirect:/admin/listcheckoutorder
             View = null
            Model = null

FlashMap:
       Attributes = null

MockHttpServletResponse:
           Status = 302
    Error message = null
          Headers = {X-Content-Type-Options=[nosniff], X-XSS-Protection=[1; mode=block], Cache-Control=[no-cache, no-store, max-age=0, must-revalidate], Pragma=[no-cache], Expires=[0], X-Frame-Options=[DENY], Location=[/admin/listcheckoutorder]}
     Content type = null
             Body = 
    Forwarded URL = null
   Redirected URL = /admin/listcheckoutorder
          Cookies = []

MockHttpServletRequest:
      HTTP Method = GET
      Request URI = /admin/listcheckoutorder
       Parameters = {}
          Headers = {}

Handler:
             Type = com.istg.controller.AdminController
           Method = public java.lang.String com.istg.controller.AdminController.listcheckoutOrder(org.springframework.ui.Model)

Async:
    Async started = false
     Async result = null

Resolved Exception:
             Type = null

ModelAndView:
        View name = listofcheckoutorder
             View = null
        Attribute = listOrder
            value = []

FlashMap:
       Attributes = null

MockHttpServletResponse:
           Status = 200
    Error message = null
          Headers = {X-Content-Type-Options=[nosniff], X-XSS-Protection=[1; mode=block], Cache-Control=[no-cache, no-store, max-age=0, must-revalidate], Pragma=[no-cache], Expires=[0], X-Frame-Options=[DENY], Content-Type=[text/html;charset=UTF-8]}
     Content type = text/html;charset=UTF-8
             Body = <html lang="en">
<head>
    <!-- Required meta tags -->
    <meta charset="utf-8"/>
    <meta name="viewport" content="width=device-width, initial-scale=1, shrink-to-fit=no"/>

    <link rel="stylesheet" href="https://cdn.jsdelivr.net/npm/bootstrap@4.5.3/dist/css/bootstrap.min.css" integrity="sha384-TX8t27EcRE3e/ihU7zmQxVncDAy5uIKz4rEkgIXeMed4M0jlfIDPvg6uqKI2xXr2" crossorigin="anonymous"/>
    <link rel="shortcut icon" type="image/png" href="/static/img/logo2.png"/>
    <link rel="stylesheet" href="/static/css/style.css"/>
    <title>Admin panel list of contact us</title>
</head>
<body class="bg_admin" style="height: 100%;">
<nav class="navbar navbar-expand-lg navbar-dark bg-dark">
    <a class="navbar-brand" href="#"><img width="50" height="50" src="/static/img/logo2.png" alt="logo"/></a>
    <button class="navbar-toggler" type="button" data-toggle="collapse" data-target="#navbarSupportedContent" aria-controls="navbarSupportedContent" aria-expanded="false" aria-label="Toggle navigation">
        <span class="navbar-toggler-icon"></span>
    </button>

    <div class="collapse navbar-collapse" id="navbarSupportedContent">
        <ul class="navbar-nav mr-auto">
            <li class="nav-item active">
                <a class="nav-link" href="/admin/home"><i class="fas fa-home"></i> Home <span class="sr-only">(current)</span></a>
            </li>
            <li class="nav-item">
                <a class="nav-link" href="/admin/listofgame"><i class="fas fa-list-alt"></i> List of games</a>
            </li>
            <li class="nav-item">
                <a class="nav-link" href="/admin/listofuser"><i class="fas fa-list-alt"></i> List of users</a>
            </li>
            <li class="nav-item">
                <a class="nav-link" href="/admin/listcarduser"><i class="fas fa-list-alt"></i> List of card users</a>
            </li>
            <li class="nav-item">
                <a class="nav-link" href="/admin/listcheckoutorder"><i class="fas fa-list-alt"></i> List of checkout order</a>
            </li>
            <li class="nav-item">
                <a class="nav-link" href="/admin/listcontactus"><i class="fas fa-list-alt"></i> List of contact us</a>
            </li>
            <li class="nav-item">
                <a class="nav-link" href="/home/"><i class="fas fa-sign-out-alt"></i> Back to site</a>
            </li>
        </ul>
    </div>
</nav>
<section class="table_games" style="">
    <div class="logo_list_of_game">
        <h3 id="title_admin" class="text-center">List of all checkout order</h3>
    </div>

    <div class="table-responsive">
        <div class="container">
            <table class="table">
                <thead class="thead-dark">
                    <tr>
                        <th scope="col">id order</th>
                        <th scope="col">id card</th>
                        <th scope="col">Name client</th>
                        <th scope="col">Soname client</th>
                        <th scope="col">Email client</th>
                        <th scope="col">Phone client</th>
                        <th scope="col">Date order</th>
                        <th scope="col">Delete</th>
                    </tr>
                </thead>
                <tbody>
                                </tbody>
            </table>
        </div>
    </div>
</section>

<script src="https://code.jquery.com/jquery-3.5.1.slim.min.js" integrity="sha384-DfXdz2htPH0lsSSs5nCTpuj/zy4C+OGpamoFVy38MVBnE+IbbVYUew+OrCXaRkfj" crossorigin="anonymous"></script>
<script src="https://cdn.jsdelivr.net/npm/popper.js@1.16.1/dist/umd/popper.min.js" integrity="sha384-9/reFTGAW83EW2RDu2S0VKaIzap3H66lZH81PoYlFhbGU+6BZp6G7niu735Sk7lN" crossorigin="anonymous"></script>
<script src="https://cdn.jsdelivr.net/npm/bootstrap@4.5.3/dist/js/bootstrap.min.js" integrity="sha384-w1Q4orYjBQndcko6MimVbzY0tgp4pWB4lZ7lr30WKz0vr/aWKhXdBNmNb5D92v7s" crossorigin="anonymous"></script>
<script src="https://kit.fontawesome.com/7ddafef627.js" crossorigin="anonymous"></script>
<script src="/static/js/main.js"></script>
</body>
</html>
    Forwarded URL = null
   Redirected URL = null
          Cookies = []

MockHttpServletRequest:
      HTTP Method = GET
      Request URI = /admin/delete/7
       Parameters = {}
          Headers = {}

Handler:
             Type = com.istg.controller.AdminController
           Method = public java.lang.String com.istg.controller.AdminController.deleteGame(java.lang.String)

Async:
    Async started = false
     Async result = null

Resolved Exception:
             Type = null

ModelAndView:
        View name = redirect:/admin/listofgame
             View = null
            Model = null

FlashMap:
       Attributes = null

MockHttpServletResponse:
           Status = 302
    Error message = null
          Headers = {X-Content-Type-Options=[nosniff], X-XSS-Protection=[1; mode=block], Cache-Control=[no-cache, no-store, max-age=0, must-revalidate], Pragma=[no-cache], Expires=[0], X-Frame-Options=[DENY], Location=[/admin/listofgame]}
     Content type = null
             Body = 
    Forwarded URL = null
   Redirected URL = /admin/listofgame
          Cookies = []

MockHttpServletRequest:
      HTTP Method = GET
      Request URI = /admin/home
       Parameters = {}
          Headers = {}

Handler:
             Type = com.istg.controller.AdminController
           Method = public java.lang.String com.istg.controller.AdminController.homeAdminPanel()

Async:
    Async started = false
     Async result = null

Resolved Exception:
             Type = null

ModelAndView:
        View name = adminPanel
             View = null
            Model = null

FlashMap:
       Attributes = null

MockHttpServletResponse:
           Status = 200
[...]
     Content type = text/html;charset=UTF-8
             Body = <html lang="en">
<head>
    <!-- Required meta tags -->
    <meta charset="utf-8"/>
    <meta name="viewport" content="width=device-width, initial-scale=1, shrink-to-fit=no"/>

    <link rel="stylesheet" href="https://cdn.jsdelivr.net/npm/bootstrap@4.5.3/dist/css/bootstrap.min.css" integrity="sha384-TX8t27EcRE3e/ihU7zmQxVncDAy5uIKz4rEkgIXeMed4M0jlfIDPvg6uqKI2xXr2" crossorigin="anonymous"/>
    <link rel="shortcut icon" type="image/png" href="/static/img/logo2.png"/>
    <link rel="stylesheet" href="/static/css/style.css"/>
    <title>Admin panel list of feedback</title>
</head>
<body class="bg_admin" style="height: 100%;">
<nav class="navbar navbar-expand-lg navbar-dark bg-dark">
    <a class="navbar-brand" href="#"><img width="50" height="50" src="/static/img/logo2.png" alt="logo"/></a>
    <button class="navbar-toggler" type="button" data-toggle="collapse" data-target="#navbarSupportedContent" aria-controls="navbarSupportedContent" aria-expanded="false" aria-label="Toggle navigation">
        <span class="navbar-toggler-icon"></span>
    </button>

    <div class="collapse navbar-collapse" id="navbarSupportedContent">
        <ul class="navbar-nav mr-auto">
            <li class="nav-item active">
                <a class="nav-link" href="/admin/home"><i class="fas fa-home"></i> Home <span class="sr-only">(current)</span></a>
            </li>
            <li class="nav-item">
                <a class="nav-link" href="/admin/listofgame"><i class="fas fa-list-alt"></i> List of games</a>
            </li>
            <li class="nav-item">
                <a class="nav-link" href="/admin/listofuser"><i class="fas fa-list-alt"></i> List of users</a>
            </li>
            <li class="nav-item">
                <a class="nav-link" href="/admin/listoffeedback"><i class="fas fa-list-alt"></i> List of feedback</a>
            </li>
            <li class="nav-item">
                <a class="nav-link" href="/admin/listcarduser"><i class="fas fa-list-alt"></i> List of card users</a>
            </li>
            <li class="nav-item">
                <a class="nav-link" href="/admin/listcheckoutorder"><i class="fas fa-list-alt"></i> List of checkout order</a>
            </li>
            <li class="nav-item">
                <a class="nav-link" href="/admin/listcontactus"><i class="fas fa-list-alt"></i> List of contact us</a>
            </li>
            <li class="nav-item">
                <a class="nav-link" href="/home/"><i class="fas fa-sign-out-alt"></i> Back to site</a>
            </li>
        </ul>
    </div>
</nav>
<section class="table_games" style="">
    <div class="logo_list_of_game">
        <h3 id="title_admin" class="text-center">List of all feedback</h3>
    </div>

    <div class="table-responsive">
        <div class="container">
            <table class="table">
                <thead class="thead-dark">
                <tr>
                    <th scope="col">id feedback</th>
                    <th scope="col">id game</th>
                    <th scope="col">Name client</th>
                    <th scope="col">Soname client</th>
                    <th scope="col">Email client</th>
                    <th scope="col">Mark</th>
                    <th scope="col">Delete</th>
                </tr>
                </thead>
                <tbody>
                                </tbody>
            </table>
        </div>
    </div>
</section>

<div id="modal_edit" class="modal bounceIn">
    <div id="close_edit_modal">+</div>
    <div class="modal_txt">
        <div>
            <h2>Edit feedback with name - <span id="name_user_edit_logo"></span></h2>
        </div>
        <div class="add_train_content">
            <form action ="" method="post" onsubmit="return confirmEdit()" name="form_edit_game">
                <div class="form-group">
                    <label for="exampleInputText">Username</label>
                    <input name="username_user_edit" type="text" class="form-control" id="exampleInputText" placeholder="Enter name game" required="required"/>
                </div>
                <div class="form-group">
                    <label for="exampleInputText">Name</label>
                    <input name="name_user_edit" type="text" class="form-control" id="exampleInputText" placeholder="Enter name game" required="required"/>
                </div>
                <div class="form-group">
                    <label for="exampleInputText">Soname</label>
                    <input name="soname_user_edit" type="text" class="form-control" id="exampleInputText" placeholder="Enter name game" required="required"/>
                </div>
                <div class="form-group">
                    <label for="exampleInputText">Email game</label>
                    <input name="email_user_edit" type="text" class="form-control" id="exampleInputText" placeholder="Enter name game" required="required"/>
                </div>
                <div class="form-group">
                    <label for="exampleSelectType">Role now: <span id="role_user"></span></label>
                    <select name="role" id="exampleSelectType" class="custom-select custom-select-lg mb-3" style="font-size: 1rem !important;">
                        <option value="ADMIN">Admin</option>
                        <option value="USER">User</option>
                    </select>
                </div>
                <input type="hidden" name="_csrf" value="065be6f5-e2cd-4293-8280-2021cf8f92b3" />
                <button type="submit" class="btn btn-primary">Submit</button>
            </form>

        </div>
    </div>
</div>

<script src="https://code.jquery.com/jquery-3.5.1.slim.min.js" integrity="sha384-DfXdz2htPH0lsSSs5nCTpuj/zy4C+OGpamoFVy38MVBnE+IbbVYUew+OrCXaRkfj" crossorigin="anonymous"></script>
<script src="https://cdn.jsdelivr.net/npm/popper.js@1.16.1/dist/umd/popper.min.js" integrity="sha384-9/reFTGAW83EW2RDu2S0VKaIzap3H66lZH81PoYlFhbGU+6BZp6G7niu735Sk7lN" crossorigin="anonymous"></script>
<script src="https://cdn.jsdelivr.net/npm/bootstrap@4.5.3/dist/js/bootstrap.min.js" integrity="sha384-w1Q4orYjBQndcko6MimVbzY0tgp4pWB4lZ7lr30WKz0vr/aWKhXdBNmNb5D92v7s" crossorigin="anonymous"></script>
<script src="https://kit.fontawesome.com/7ddafef627.js" crossorigin="anonymous"></script>
<script src="/static/js/main.js"></script>
<script>
    init_edit_modal_user();
</script>
</body>
</html>
    Forwarded URL = null
   Redirected URL = null
          Cookies = []

MockHttpServletRequest:
      HTTP Method = GET
      Request URI = /admin/listofuser/delete/2
       Parameters = {}
          Headers = {}

Handler:
             Type = com.istg.controller.AdminController
           Method = public java.lang.String com.istg.controller.AdminController.deleteUser(java.lang.String)

Async:
    Async started = false
     Async result = null

Resolved Exception:
             Type = null

ModelAndView:
        View name = redirect:/admin/listofuser
             View = null
            Model = null

FlashMap:
       Attributes = null

MockHttpServletResponse:
           Status = 302
    Error message = null
          Headers = {X-Content-Type-Options=[nosniff], X-XSS-Protection=[1; mode=block], Cache-Control=[no-cache, no-store, max-age=0, must-revalidate], Pragma=[no-cache], Expires=[0], X-Frame-Options=[DENY], Location=[/admin/listofuser]}
     Content type = null
             Body = 
    Forwarded URL = null
   Redirected URL = /admin/listofuser
          Cookies = []

MockHttpServletRequest:
      HTTP Method = GET
      Request URI = /admin/listofgame
       Parameters = {}
          Headers = {}

Handler:
             Type = com.istg.controller.AdminController
           Method = public java.lang.String com.istg.controller.AdminController.listOfGame(org.springframework.ui.Model)

Async:
    Async started = false
     Async result = null

Resolved Exception:
             Type = null

ModelAndView:
        View name = listofgame
             View = null
        Attribute = ListGame
            value = []
        Attribute = Type
            value = com.istg.controller.AdminController$$Lambda$146/0x0000000801071ae8@7ac685ef
           errors = []

FlashMap:
       Attributes = null

MockHttpServletResponse:
           Status = 200
    Error message = null
          Headers = {X-Content-Type-Options=[nosniff], X-XSS-Protection=[1; mode=block], Cache-Control=[no-cache, no-store, max-age=0, must-revalidate], Pragma=[no-cache], Expires=[0], X-Frame-Options=[DENY], Content-Type=[text/html;charset=UTF-8]}
     Content type = text/html;charset=UTF-8
             Body = <html lang="en">
<head>
    <!-- Required meta tags -->
    <meta charset="utf-8"/>
    <meta name="viewport" content="width=device-width, initial-scale=1, shrink-to-fit=no"/>

     <link rel="stylesheet" href="https://cdn.jsdelivr.net/npm/bootstrap@4.5.3/dist/css/bootstrap.min.css" integrity="sha384-TX8t27EcRE3e/ihU7zmQxVncDAy5uIKz4rEkgIXeMed4M0jlfIDPvg6uqKI2xXr2" crossorigin="anonymous"/>
    <link rel="shortcut icon" type="image/png" href="/static/img/logo2.png"/>
    <link rel="stylesheet" href="/static/css/style.css"/>
    <title>Admin panel list of game</title>
</head>
<body class="bg_admin" style="height: 100%;">
<nav class="navbar navbar-expand-lg navbar-dark bg-dark">
    <a class="navbar-brand" href="#"><img width="50" height="50" src="/static/img/logo2.png" alt="logo"/></a>
    <button class="navbar-toggler" type="button" data-toggle="collapse" data-target="#navbarSupportedContent" aria-controls="navbarSupportedContent" aria-expanded="false" aria-label="Toggle navigation">
        <span class="navbar-toggler-icon"></span>
    </button>

    <div class="collapse navbar-collapse" id="navbarSupportedContent">
        <ul class="navbar-nav mr-auto">
            <li class="nav-item active">
                <a class="nav-link" href="/admin/home"><i class="fas fa-home"></i> Home <span class="sr-only">(current)</span></a>
            </li>
            <li class="nav-item">
                <a class="nav-link" href="/admin/listofgame"><i class="fas fa-list-alt"></i> List of games</a>
            </li>
            <li class="nav-item">
                <a class="nav-link" href="/admin/listofuser"><i class="fas fa-list-alt"></i> List of users</a>
            </li>
            <li class="nav-item">
                <a class="nav-link" href="/admin/listcarduser"><i class="fas fa-list-alt"></i> List of card users</a>
            </li>
            <li class="nav-item">
                <a class="nav-link" href="/admin/listcheckoutorder"><i class="fas fa-list-alt"></i> List of checkout order</a>
            </li>
            <li class="nav-item">
                <a class="nav-link" href="/admin/listcontactus"><i class="fas fa-list-alt"></i> List of contact us</a>
            </li>
            <li class="nav-item">
                <a class="nav-link" href="/home/"><i class="fas fa-sign-out-alt"></i> Back to site</a>
            </li>
        </ul>
    </div>
</nav>
<section class="table_games" style="">
    <div class="logo_list_of_game">
        <h3 id="text_page" class="text-center">List of all games</h3>
    </div>

    <div class="table-responsive">
        <div class="container">
            <a id="open_modal" style="margin-bottom: 20px" href="#" class="btn btn-secondary">Add new game</a>
            <table class="table">
                <thead class="thead-dark">
                <tr>
                    <th scope="col">id_game</th>
                    <th scope="col">Name</th>
                    <th scope="col">Describe</th>
                    <th scope="col">Filename</th>
                    <th scope="col">Price</th>
                    <th scope="col">Type</th>
                    <th scope="col">Edit</th>
                    <th scope="col">Delete</th>
                </tr>
                </thead>
                <tbody>
                                </tbody>
            </table>
        </div>
    </div>
</section>

<div id="modal" class="modal bounceIn">
    <div id="close_modal">+</div>
    <div class="modal_txt">
        <div class="container">
            <div class="row">
                <div class="col-xs-12 col-sm-12 col-md-12 col-lg-12">
                    <div class="modal_txt">
                        <div>
                            <h2>Add new game</h2>
                        </div>
                        <form action="/admin/listofgame/addgame" method="post" enctype="multipart/form-data" onsubmit="return add_new_game()" class="form_add_train_new">
                            <div class="form-group">
                                <label for="exampleInputText">Name game</label>
                                <input name="name_game" type="text" class="form-control" id="exampleInputText" placeholder="Enter name game" required="required" minlength="8" maxlength="40"/>
                             </div>
                            <div class="form-group">
                                <label for="exampleInputText">Describe game</label>
                                <textarea name="describe_game" type="text" class="form-control" id="exampleInputText" placeholder="Enter describe game" minlength="20" maxlength="250" required="required"></textarea>
                            </div>
                            <div class="form-group">
                                <label for="exampleSelectType">Type game</label>
                                <select name="type_id" id="exampleSelectType" class="custom-select custom-select-lg mb-3" style="font-size: 1rem !important;">
                                    <option value="1">Adventure</option>
                                    <option value="2">Action</option>
                                    <option value="3">Intelegent</option>
                                </select>
                            </div>
                            <div class="form-group">
                                <label for="exampleInputPrice1">Price game</label>
                                <input name="price" type="text" class="form-control" id="exampleInputPrice1"  placeholder="Enter name game" required="required"/>
                            </div>
                            <div class="form-group">
                                <div class="custom-file">
                                    <input type="text" name="file" class="custom-file-input" id="inputGroupFile01"
                                           aria-describedby="inputGroupFileAddon01"/>
                                    <label class="custom-file-label" for="inputGroupFile01">Choose file</label>
                                </div>
                            </div>
                            <input type="hidden" name="_csrf" value="8cd1e401-9765-4059-9636-32662b51c127" />
                            <button type="submit" class="btn btn-primary">Submit</button>
                         </form>
                    </div>
                </div>
            </div>
        </div>
    </div>
</div>


<div id="modal_edit" class="modal bounceIn">
    <div id="close_edit_modal">+</div>
    <div class="modal_txt">
        <div>
            <h2>Edit game name - <span id="name_game_edit_logo"></span></h2>
        </div>
        <div class="add_train_content">
            <form action ="" method="post" enctype="multipart/form-data" onsubmit="return confirmEdit()" name="form_edit_game">
                <div class="form-group">
                    <label for="exampleInputText">Name game</label>
                    <input name="name_game_edit" type="text" class="form-control" id="exampleInputText" placeholder="Enter name game" required="required"/>
                </div>
                <div class="form-group">
                    <label for="exampleInputText">Describe game</label>
                    <textarea name="describe_game_edit" type="text" class="form-control" id="exampleInputText" placeholder="Enter describe game" required="required"></textarea>
                </div>
                <div class="form-group">
                    <label for="exampleSelectType">Type game</label>
                    <select name="type_id_edit" id="exampleSelectType" class="custom-select custom-select-lg mb-3" style="font-size: 1rem !important;">
                        <option value="1">Adventure</option>
                        <option value="2">Action</option>
                        <option value="3">Intelegent</option>
                    </select>
                </div>
                <div class="form-group">
                    <label for="exampleInputPrice1">Price game</label>
                    <input name="price_edit" type="text" class="form-control" id="exampleInputPrice1" placeholder="Enter name game" required="required"/>
                </div>
                <div class="form-group">
                    <span id="img_res"></span>
                    <img id="image_edit" src="" width="50px" height="50px" style="border-radius: 10px" alt="Edit image"/>
                    <div class="custom-file">
                        <input type="text" name="file_edit" class="custom-file-input" id="inputGroupFile01"
                               aria-describedby="inputGroupFileAddon01"/>
                        <label class="custom-file-label" for="inputGroupFile01">Choose file</label>
                    </div>
                </div>
                <input type="hidden" name="_csrf" value="8cd1e401-9765-4059-9636-32662b51c127" />
                <button type="submit" class="btn btn-primary">Submit</button>
            </form>

        </div>
    </div>
</div>

<script src="https://code.jquery.com/jquery-3.5.1.slim.min.js" integrity="sha384-DfXdz2htPH0lsSSs5nCTpuj/zy4C+OGpamoFVy38MVBnE+IbbVYUew+OrCXaRkfj" crossorigin="anonymous"></script>
<script src="https://cdn.jsdelivr.net/npm/popper.js@1.16.1/dist/umd/popper.min.js" integrity="sha384-9/reFTGAW83EW2RDu2S0VKaIzap3H66lZH81PoYlFhbGU+6BZp6G7niu735Sk7lN" crossorigin="anonymous"></script>
<script src="https://cdn.jsdelivr.net/npm/bootstrap@4.5.3/dist/js/bootstrap.min.js" integrity="sha384-w1Q4orYjBQndcko6MimVbzY0tgp4pWB4lZ7lr30WKz0vr/aWKhXdBNmNb5D92v7s" crossorigin="anonymous"></script>
<script src="https://kit.fontawesome.com/7ddafef627.js" crossorigin="anonymous"></script>
<script src="/static/js/main.js"></script>
<script>
    init_modal_open_close_btn_add_game();
    init_edit_modal_game();
</script>
</body>
</html>
    Forwarded URL = null
   Redirected URL = null
          Cookies = []

MockHttpServletRequest:
      HTTP Method = POST
      Request URI = /admin/Edit/-1
       Parameters = {name_game_edit=[zoomzoomator], describe_game_edit=[test], price_edit=[123], type_id_edit=[1], _csrf=[ec559cf9-a46c-4cb2-bf79-9453e394dd98]}
          Headers = {Content-Type=[multipart/form-data]}

Handler:
             Type = com.istg.controller.AdminController
           Method = public java.lang.String com.istg.controller.AdminController.editGame(java.lang.String,java.lang.String,java.lang.String,java.lang.String,java.lang.String,java.lang.String)

Async:
    Async started = false
     Async result = null

Resolved Exception:
             Type = org.springframework.web.method.annotation.MethodArgumentConversionNotSupportedException

ModelAndView:
        View name = null
             View = null
            Model = null

FlashMap:
       Attributes = null

MockHttpServletResponse:
           Status = 500
    Error message = null
          Headers = {X-Content-Type-Options=[nosniff], X-XSS-Protection=[1; mode=block], Cache-Control=[no-cache, no-store, max-age=0, must-revalidate], Pragma=[no-cache], Expires=[0], X-Frame-Options=[DENY]}
     Content type = null
             Body = 
    Forwarded URL = null
   Redirected URL = null
          Cookies = []
]]></system-out>
  </testcase>
</testsuite>