<?xml version="1.0" encoding="UTF-8"?>
<testsuite xmlns:xsi="http://www.w3.org/2001/XMLSchema-instance" xsi:schemaLocation="https://maven.apache.org/surefire/maven-surefire-plugin/xsd/surefire-test-report.xsd" name="com.istg.controller.CardControllerTest" time="1.802" tests="6" errors="6" skipped="0" failures="0">
  <properties>
[...]
</properties>
  <testcase name="orderCardFailed" classname="com.istg.controller.CardControllerTest" time="0.032">
    <error message="Unable to create SecurityContext using @org.springframework.security.test.context.support.WithUserDetails(value=&quot;tom&quot;, userDetailsServiceBeanName=&quot;&quot;)" type="java.lang.IllegalStateException">java.lang.IllegalStateException: Unable to create SecurityContext using @org.springframework.security.test.context.support.WithUserDetails(value="tom", userDetailsServiceBeanName="")
Caused by: org.springframework.jdbc.CannotGetJdbcConnectionException: Could not get JDBC Connection; nested exception is java.sql.SQLException: No suitable driver found for postgres://vjxcwkiilteanj:e2d9316253c0eb936edd3d5d85eddc3eca429e1f39629913a96f2875bcbe4c9e@ec2-3-248-87-6.eu-west-1.compute.amazonaws.com:5432/d1bvs7c11s3o58
Caused by: java.sql.SQLException: No suitable driver found for postgres://vjxcwkiilteanj:e2d9316253c0eb936edd3d5d85eddc3eca429e1f39629913a96f2875bcbe4c9e@ec2-3-248-87-6.eu-west-1.compute.amazonaws.com:5432/d1bvs7c11s3o58
</error>
    <system-out><![CDATA[2021-11-30 00:35:59.381  INFO 4268 --- [           main] o.s.t.c.support.AbstractContextLoader    : Could not detect default resource locations for test class [com.istg.controller.CardControllerTest]: no resource found for suffixes {-context.xml, Context.groovy}.
2021-11-30 00:35:59.407  INFO 4268 --- [           main] .b.t.a.w.s.WebMvcTestContextBootstrapper : Loaded default TestExecutionListener class names from location [META-INF/spring.factories]: [org.springframework.boot.test.mock.mockito.MockitoTestExecutionListener, org.springframework.boot.test.mock.mockito.ResetMocksTestExecutionListener, org.springframework.test.context.web.ServletTestExecutionListener, org.springframework.test.context.support.DirtiesContextBeforeModesTestExecutionListener, org.springframework.test.context.support.DependencyInjectionTestExecutionListener, org.springframework.test.context.support.DirtiesContextTestExecutionListener, org.springframework.test.context.transaction.TransactionalTestExecutionListener, org.springframework.test.context.jdbc.SqlScriptsTestExecutionListener, org.springframework.security.test.context.support.WithSecurityContextTestExecutionListener, org.springframework.boot.test.autoconfigure.restdocs.RestDocsTestExecutionListener, org.springframework.boot.test.autoconfigure.web.client.MockRestServiceServerResetTestExecutionListener, org.springframework.boot.test.autoconfigure.web.servlet.MockMvcPrintOnlyOnFailureTestExecutionListener, org.springframework.boot.test.autoconfigure.web.servlet.WebDriverTestExecutionListener]
2021-11-30 00:35:59.410  INFO 4268 --- [           main] .b.t.a.w.s.WebMvcTestContextBootstrapper : Using TestExecutionListeners: [org.springframework.test.context.web.ServletTestExecutionListener@54941dfd, org.springframework.test.context.support.DirtiesContextBeforeModesTestExecutionListener@5a7e81, org.springframework.boot.test.autoconfigure.SpringBootDependencyInjectionTestExecutionListener@4045fd1f, org.springframework.test.context.support.DirtiesContextTestExecutionListener@13ee97af, org.springframework.test.context.transaction.TransactionalTestExecutionListener@67e11bda, org.springframework.test.context.jdbc.SqlScriptsTestExecutionListener@341ccfd1, org.springframework.security.test.context.support.WithSecurityContextTestExecutionListener@5bde6148, org.springframework.boot.test.autoconfigure.web.servlet.WebDriverTestExecutionListener@3cead673, org.springframework.boot.test.autoconfigure.web.servlet.MockMvcPrintOnlyOnFailureTestExecutionListener@53ba25ff, org.springframework.boot.test.mock.mockito.ResetMocksTestExecutionListener@10a0a1e, org.springframework.boot.test.autoconfigure.restdocs.RestDocsTestExecutionListener@2976ef56, org.springframework.boot.test.mock.mockito.MockitoTestExecutionListener@4345fd45, org.springframework.boot.test.autoconfigure.web.client.MockRestServiceServerResetTestExecutionListener@4152bd0f]

  .   ____          _            __ _ _
 /\\ / ___'_ __ _ _(_)_ __  __ _ \ \ \ \
( ( )\___ | '_ | '_| | '_ \/ _` | \ \ \ \
 \\/  ___)| |_)| | | | | || (_| |  ) ) ) )
  '  |____| .__|_| |_|_| |_\__, | / / / /
 =========|_|==============|___/=/_/_/_/
 :: Spring Boot ::        (v1.5.2.RELEASE)

2021-11-30 00:35:59.470  INFO 4268 --- [           main] com.istg.controller.CardControllerTest   : Starting CardControllerTest on Andrew with PID 4268 (started by Andrew in D:\3 course 2 sem\MT\ISTG)
2021-11-30 00:35:59.470  INFO 4268 --- [           main] com.istg.controller.CardControllerTest   : No active profile set, falling back to default profiles: default
2021-11-30 00:35:59.474  INFO 4268 --- [           main] o.s.w.c.s.GenericWebApplicationContext   : Refreshing org.springframework.web.context.support.GenericWebApplicationContext@73a49597: startup date [Tue Nov 30 00:35:59 MSK 2021]; root of context hierarchy
2021-11-30 00:35:59.828  INFO 4268 --- [           main] f.a.AutowiredAnnotationBeanPostProcessor : JSR-330 'javax.inject.Inject' annotation found and supported for autowiring
2021-11-30 00:35:59.868  INFO 4268 --- [           main] trationDelegate$BeanPostProcessorChecker : Bean 'org.springframework.security.config.annotation.configuration.ObjectPostProcessorConfiguration' of type [org.springframework.security.config.annotation.configuration.ObjectPostProcessorConfiguration$$EnhancerBySpringCGLIB$$b9a30e5d] is not eligible for getting processed by all BeanPostProcessors (for example: not eligible for auto-proxying)
2021-11-30 00:35:59.871  INFO 4268 --- [           main] trationDelegate$BeanPostProcessorChecker : Bean 'objectPostProcessor' of type [org.springframework.security.config.annotation.configuration.AutowireBeanFactoryObjectPostProcessor] is not eligible for getting processed by all BeanPostProcessors (for example: not eligible for auto-proxying)
2021-11-30 00:35:59.871  INFO 4268 --- [           main] trationDelegate$BeanPostProcessorChecker : Bean 'org.springframework.security.access.expression.method.DefaultMethodSecurityExpressionHandler@51468039' of type [org.springframework.security.access.expression.method.DefaultMethodSecurityExpressionHandler] is not eligible for getting processed by all BeanPostProcessors (for example: not eligible for auto-proxying)
2021-11-30 00:35:59.877  INFO 4268 --- [           main] trationDelegate$BeanPostProcessorChecker : Bean 'org.springframework.security.config.annotation.method.configuration.GlobalMethodSecurityConfiguration' of type [org.springframework.security.config.annotation.method.configuration.GlobalMethodSecurityConfiguration$$EnhancerBySpringCGLIB$$de77b10f] is not eligible for getting processed by all BeanPostProcessors (for example: not eligible for auto-proxying)
2021-11-30 00:35:59.879  INFO 4268 --- [           main] trationDelegate$BeanPostProcessorChecker : Bean 'methodSecurityMetadataSource' of type [org.springframework.security.access.method.DelegatingMethodSecurityMetadataSource] is not eligible for getting processed by all BeanPostProcessors (for example: not eligible for auto-proxying)
2021-11-30 00:35:59.906  INFO 4268 --- [           main] o.s.j.d.DriverManagerDataSource          : Loaded JDBC driver: org.postgresql.Driver
2021-11-30 00:36:00.410  INFO 4268 --- [           main] o.s.s.web.DefaultSecurityFilterChain     : Creating filter chain: org.springframework.security.web.util.matcher.AnyRequestMatcher@1, [org.springframework.security.web.context.request.async.WebAsyncManagerIntegrationFilter@5f369fc6, org.springframework.security.web.context.SecurityContextPersistenceFilter@642c5bb3, org.springframework.security.web.header.HeaderWriterFilter@6df87ffd, org.springframework.security.web.csrf.CsrfFilter@4535bdc6, org.springframework.security.web.authentication.logout.LogoutFilter@5e46a125, org.springframework.security.web.authentication.UsernamePasswordAuthenticationFilter@4aa517c3, org.springframework.security.web.savedrequest.RequestCacheAwareFilter@4e79c25, org.springframework.security.web.servletapi.SecurityContextHolderAwareRequestFilter@2ace1cd3, org.springframework.security.web.authentication.AnonymousAuthenticationFilter@3a13f663, org.springframework.security.web.session.SessionManagementFilter@c1f0c7b, org.springframework.security.web.access.ExceptionTranslationFilter@23e86863, org.springframework.security.web.access.intercept.FilterSecurityInterceptor@11dbcb3b]
2021-11-30 00:36:00.506  INFO 4268 --- [           main] s.w.s.m.m.a.RequestMappingHandlerAdapter : Looking for @ControllerAdvice: org.springframework.web.context.support.GenericWebApplicationContext@73a49597: startup date [Tue Nov 30 00:35:59 MSK 2021]; root of context hierarchy
2021-11-30 00:36:00.537  INFO 4268 --- [           main] s.w.s.m.m.a.RequestMappingHandlerMapping : Mapped "{[/admin/listofuser],methods=[GET]}" onto public java.lang.String com.istg.controller.AdminController.userList(org.springframework.ui.Model)
2021-11-30 00:36:00.537  INFO 4268 --- [           main] s.w.s.m.m.a.RequestMappingHandlerMapping : Mapped "{[/admin/listofgame/addgame],methods=[POST]}" onto public java.lang.String com.istg.controller.AdminController.addnewGame(java.lang.String,java.lang.String,java.lang.String,java.lang.String,org.springframework.web.multipart.MultipartFile) throws java.io.IOException
2021-11-30 00:36:00.537  INFO 4268 --- [           main] s.w.s.m.m.a.RequestMappingHandlerMapping : Mapped "{[/admin/home],methods=[GET]}" onto public java.lang.String com.istg.controller.AdminController.homeAdminPanel()
2021-11-30 00:36:00.537  INFO 4268 --- [           main] s.w.s.m.m.a.RequestMappingHandlerMapping : Mapped "{[/admin/listofgame],methods=[GET]}" onto public java.lang.String com.istg.controller.AdminController.listOfGame(org.springframework.ui.Model)
2021-11-30 00:36:00.538  INFO 4268 --- [           main] s.w.s.m.m.a.RequestMappingHandlerMapping : Mapped "{[/admin/listoffeedback],methods=[GET]}" onto public java.lang.String com.istg.controller.AdminController.listFeedback(org.springframework.ui.Model)
2021-11-30 00:36:00.538  INFO 4268 --- [           main] s.w.s.m.m.a.RequestMappingHandlerMapping : Mapped "{[/admin/delete/{id}],methods=[GET]}" onto public java.lang.String com.istg.controller.AdminController.deleteGame(java.lang.String)
2021-11-30 00:36:00.538  INFO 4268 --- [           main] s.w.s.m.m.a.RequestMappingHandlerMapping : Mapped "{[/admin/listcarduser],methods=[GET]}" onto public java.lang.String com.istg.controller.AdminController.listcardUser(org.springframework.ui.Model)
2021-11-30 00:36:00.538  INFO 4268 --- [           main] s.w.s.m.m.a.RequestMappingHandlerMapping : Mapped "{[/admin/listofuser/edit/{id}],methods=[POST]}" onto public java.lang.String com.istg.controller.AdminController.editUser(java.lang.String,java.lang.String,java.lang.String,java.lang.String,java.lang.String,java.lang.String)
2021-11-30 00:36:00.538  INFO 4268 --- [           main] s.w.s.m.m.a.RequestMappingHandlerMapping : Mapped "{[/admin/listofuser/delete/{id}],methods=[GET]}" onto public java.lang.String com.istg.controller.AdminController.deleteUser(java.lang.String)
2021-11-30 00:36:00.539  INFO 4268 --- [           main] s.w.s.m.m.a.RequestMappingHandlerMapping : Mapped "{[/admin/listcontactus/delete/{id}],methods=[GET]}" onto public java.lang.String com.istg.controller.AdminController.deleteContactUS(java.lang.String)
2021-11-30 00:36:00.539  INFO 4268 --- [           main] s.w.s.m.m.a.RequestMappingHandlerMapping : Mapped "{[/admin/Edit/{id}],methods=[POST]}" onto public java.lang.String com.istg.controller.AdminController.editGame(java.lang.String,java.lang.String,java.lang.String,java.lang.String,org.springframework.web.multipart.MultipartFile,java.lang.String)
2021-11-30 00:36:00.539  INFO 4268 --- [           main] s.w.s.m.m.a.RequestMappingHandlerMapping : Mapped "{[/admin/listoffeedback/delete/{id}],methods=[GET]}" onto public java.lang.String com.istg.controller.AdminController.deleteFeedback(java.lang.String)
2021-11-30 00:36:00.540  INFO 4268 --- [           main] s.w.s.m.m.a.RequestMappingHandlerMapping : Mapped "{[/admin/listcontactus],methods=[GET]}" onto public java.lang.String com.istg.controller.AdminController.listofContactus(org.springframework.ui.Model)
2021-11-30 00:36:00.540  INFO 4268 --- [           main] s.w.s.m.m.a.RequestMappingHandlerMapping : Mapped "{[/admin/listcheckoutorder],methods=[GET]}" onto public java.lang.String com.istg.controller.AdminController.listcheckoutOrder(org.springframework.ui.Model)
2021-11-30 00:36:00.541  INFO 4268 --- [           main] s.w.s.m.m.a.RequestMappingHandlerMapping : Mapped "{[/admin/listcheckoutorder/delete/{id}],methods=[GET]}" onto public java.lang.String com.istg.controller.AdminController.deleteCheckoutOrder(java.lang.String)
2021-11-30 00:36:00.546  INFO 4268 --- [           main] s.w.s.m.m.a.RequestMappingHandlerMapping : Mapped "{[/card/deletecard/{tb_id}],methods=[GET]}" onto public java.lang.String com.istg.controller.CardController.deleteProductFromCard(com.istg.domain.User,java.lang.String)
2021-11-30 00:36:00.547  INFO 4268 --- [           main] s.w.s.m.m.a.RequestMappingHandlerMapping : Mapped "{[/card/onegame/{id}],methods=[GET]}" onto public java.lang.String com.istg.controller.CardController.oneGame(java.lang.String,org.springframework.ui.Model)
2021-11-30 00:36:00.547  INFO 4268 --- [           main] s.w.s.m.m.a.RequestMappingHandlerMapping : Mapped "{[/card/orderCard],methods=[POST]}" onto public java.lang.String com.istg.controller.CardController.orderCard(com.istg.domain.User,java.lang.String,java.lang.String,java.lang.String,java.lang.String)
2021-11-30 00:36:00.547  INFO 4268 --- [           main] s.w.s.m.m.a.RequestMappingHandlerMapping : Mapped "{[/card/carduser],methods=[GET]}" onto public java.lang.String com.istg.controller.CardController.cardUser(com.istg.domain.User,org.springframework.ui.Model)
2021-11-30 00:36:00.547  INFO 4268 --- [           main] s.w.s.m.m.a.RequestMappingHandlerMapping : Mapped "{[/card/addtocard/{idGame}],methods=[GET]}" onto public java.lang.String com.istg.controller.CardController.addtoCard(com.istg.domain.User,java.lang.String)
2021-11-30 00:36:00.548  INFO 4268 --- [           main] s.w.s.m.m.a.RequestMappingHandlerMapping : Mapped "{[/contactus/sendcontact],methods=[POST]}" onto public java.lang.String com.istg.controller.ContactUsController.sendContact(java.lang.String,java.lang.String,java.lang.String,java.lang.String)
2021-11-30 00:36:00.548  INFO 4268 --- [           main] s.w.s.m.m.a.RequestMappingHandlerMapping : Mapped "{[/contactus/],methods=[GET]}" onto public java.lang.String com.istg.controller.ContactUsController.contactUsPage()
2021-11-30 00:36:00.549  INFO 4268 --- [           main] s.w.s.m.m.a.RequestMappingHandlerMapping : Mapped "{[/games/find],methods=[POST]}" onto public java.lang.String com.istg.controller.GamesController.findByName(java.lang.String,org.springframework.ui.Model)
2021-11-30 00:36:00.549  INFO 4268 --- [           main] s.w.s.m.m.a.RequestMappingHandlerMapping : Mapped "{[/games/],methods=[GET]}" onto public java.lang.String com.istg.controller.GamesController.gameHome(org.springframework.ui.Model)
2021-11-30 00:36:00.550  INFO 4268 --- [           main] s.w.s.m.m.a.RequestMappingHandlerMapping : Mapped "{[/home/],methods=[GET]}" onto public java.lang.String com.istg.controller.HomeController.homePage(org.springframework.ui.Model)
2021-11-30 00:36:00.551  INFO 4268 --- [           main] s.w.s.m.m.a.RequestMappingHandlerMapping : Mapped "{[/registration/],methods=[GET]}" onto public java.lang.String com.istg.controller.RegistrationController.registration()
2021-11-30 00:36:00.551  INFO 4268 --- [           main] s.w.s.m.m.a.RequestMappingHandlerMapping : Mapped "{[/registration/addnewuser],methods=[POST]}" onto public java.lang.String com.istg.controller.RegistrationController.registration(java.lang.String,java.lang.String,java.lang.String,java.lang.String,java.lang.String)
2021-11-30 00:36:00.553  INFO 4268 --- [           main] s.w.s.m.m.a.RequestMappingHandlerMapping : Mapped "{[/error]}" onto public org.springframework.http.ResponseEntity<java.util.Map<java.lang.String, java.lang.Object>> org.springframework.boot.autoconfigure.web.BasicErrorController.error(javax.servlet.http.HttpServletRequest)
2021-11-30 00:36:00.553  INFO 4268 --- [           main] s.w.s.m.m.a.RequestMappingHandlerMapping : Mapped "{[/error],produces=[text/html]}" onto public org.springframework.web.servlet.ModelAndView org.springframework.boot.autoconfigure.web.BasicErrorController.errorHtml(javax.servlet.http.HttpServletRequest,javax.servlet.http.HttpServletResponse)
2021-11-30 00:36:00.599  INFO 4268 --- [           main] o.s.w.s.handler.SimpleUrlHandlerMapping  : Mapped URL path [/login] onto handler of type [class org.springframework.web.servlet.mvc.ParameterizableViewController]
2021-11-30 00:36:00.637  INFO 4268 --- [           main] o.s.w.s.handler.SimpleUrlHandlerMapping  : Mapped URL path [/static/**] onto handler of type [class org.springframework.web.servlet.resource.ResourceHttpRequestHandler]
2021-11-30 00:36:00.637  INFO 4268 --- [           main] o.s.w.s.handler.SimpleUrlHandlerMapping  : Mapped URL path [/img/**] onto handler of type [class org.springframework.web.servlet.resource.ResourceHttpRequestHandler]
2021-11-30 00:36:00.637  INFO 4268 --- [           main] o.s.w.s.handler.SimpleUrlHandlerMapping  : Mapped URL path [/webjars/**] onto handler of type [class org.springframework.web.servlet.resource.ResourceHttpRequestHandler]
2021-11-30 00:36:00.637  INFO 4268 --- [           main] o.s.w.s.handler.SimpleUrlHandlerMapping  : Mapped URL path [/**] onto handler of type [class org.springframework.web.servlet.resource.ResourceHttpRequestHandler]
2021-11-30 00:36:00.717  INFO 4268 --- [           main] o.s.w.s.handler.SimpleUrlHandlerMapping  : Mapped URL path [/**/favicon.ico] onto handler of type [class org.springframework.web.servlet.resource.ResourceHttpRequestHandler]
2021-11-30 00:36:00.811  INFO 4268 --- [           main] o.s.w.s.v.f.FreeMarkerConfigurer         : ClassTemplateLoader for Spring macros added to FreeMarker configuration
2021-11-30 00:36:00.906  INFO 4268 --- [           main] o.s.b.t.m.w.SpringBootMockServletContext : Initializing Spring FrameworkServlet ''
2021-11-30 00:36:00.906  INFO 4268 --- [           main] o.s.t.web.servlet.TestDispatcherServlet  : FrameworkServlet '': initialization started
2021-11-30 00:36:00.921  INFO 4268 --- [           main] o.s.t.web.servlet.TestDispatcherServlet  : FrameworkServlet '': initialization completed in 14 ms
2021-11-30 00:36:01.107  INFO 4268 --- [           main] com.istg.controller.CardControllerTest   : Started CardControllerTest in 1.687 seconds (JVM running for 7.116)
2021-11-30 00:36:01.115  INFO 4268 --- [           main] c.istg.dao.implementations.UserDaoImpl   : Get user by username - tom 2021-11-30
2021-11-30 00:36:01.121  WARN 4268 --- [           main] o.s.test.context.TestContextManager      : Caught exception while allowing TestExecutionListener [org.springframework.security.test.context.support.WithSecurityContextTestExecutionListener@5bde6148] to process 'before' execution of test method [public void com.istg.controller.CardControllerTest.orderCardFailed() throws java.lang.Exception] for test instance [com.istg.controller.CardControllerTest@3fe24670]

java.lang.IllegalStateException: Unable to create SecurityContext using @org.springframework.security.test.context.support.WithUserDetails(value="tom", userDetailsServiceBeanName="")
	at org.springframework.security.test.context.support.WithSecurityContextTestExecutionListener.createSecurityContext(WithSecurityContextTestExecutionListener.java:99) ~[spring-security-test-4.2.2.RELEASE.jar:4.2.2.RELEASE]
	at org.springframework.security.test.context.support.WithSecurityContextTestExecutionListener.createSecurityContext(WithSecurityContextTestExecutionListener.java:81) ~[spring-security-test-4.2.2.RELEASE.jar:4.2.2.RELEASE]
	at org.springframework.security.test.context.support.WithSecurityContextTestExecutionListener.beforeTestMethod(WithSecurityContextTestExecutionListener.java:60) ~[spring-security-test-4.2.2.RELEASE.jar:4.2.2.RELEASE]
	at org.springframework.test.context.TestContextManager.beforeTestMethod(TestContextManager.java:269) ~[spring-test-4.3.7.RELEASE.jar:4.3.7.RELEASE]
	at org.springframework.test.context.junit4.statements.RunBeforeTestMethodCallbacks.evaluate(RunBeforeTestMethodCallbacks.java:74) ~[spring-test-4.3.7.RELEASE.jar:4.3.7.RELEASE]
	at org.springframework.test.context.junit4.statements.RunAfterTestMethodCallbacks.evaluate(RunAfterTestMethodCallbacks.java:86) ~[spring-test-4.3.7.RELEASE.jar:4.3.7.RELEASE]
	at org.springframework.test.context.junit4.statements.SpringRepeat.evaluate(SpringRepeat.java:84) ~[spring-test-4.3.7.RELEASE.jar:4.3.7.RELEASE]
	at org.junit.runners.ParentRunner.runLeaf(ParentRunner.java:325) ~[junit-4.12.jar:4.12]
	at org.springframework.test.context.junit4.SpringJUnit4ClassRunner.runChild(SpringJUnit4ClassRunner.java:252) ~[spring-test-4.3.7.RELEASE.jar:4.3.7.RELEASE]
	at org.springframework.test.context.junit4.SpringJUnit4ClassRunner.runChild(SpringJUnit4ClassRunner.java:94) ~[spring-test-4.3.7.RELEASE.jar:4.3.7.RELEASE]
	at org.junit.runners.ParentRunner$3.run(ParentRunner.java:290) ~[junit-4.12.jar:4.12]
	at org.junit.runners.ParentRunner$1.schedule(ParentRunner.java:71) ~[junit-4.12.jar:4.12]
	at org.junit.runners.ParentRunner.runChildren(ParentRunner.java:288) ~[junit-4.12.jar:4.12]
	at org.junit.runners.ParentRunner.access$000(ParentRunner.java:58) ~[junit-4.12.jar:4.12]
	at org.junit.runners.ParentRunner$2.evaluate(ParentRunner.java:268) ~[junit-4.12.jar:4.12]
	at org.springframework.test.context.junit4.statements.RunBeforeTestClassCallbacks.evaluate(RunBeforeTestClassCallbacks.java:61) ~[spring-test-4.3.7.RELEASE.jar:4.3.7.RELEASE]
	at org.springframework.test.context.junit4.statements.RunAfterTestClassCallbacks.evaluate(RunAfterTestClassCallbacks.java:70) ~[spring-test-4.3.7.RELEASE.jar:4.3.7.RELEASE]
	at org.junit.runners.ParentRunner.run(ParentRunner.java:363) ~[junit-4.12.jar:4.12]
	at org.springframework.test.context.junit4.SpringJUnit4ClassRunner.run(SpringJUnit4ClassRunner.java:191) ~[spring-test-4.3.7.RELEASE.jar:4.3.7.RELEASE]
	at org.apache.maven.surefire.junit4.JUnit4Provider.execute(JUnit4Provider.java:367) ~[surefire-junit4-2.19.1.jar:2.19.1]
	at org.apache.maven.surefire.junit4.JUnit4Provider.executeWithRerun(JUnit4Provider.java:274) ~[surefire-junit4-2.19.1.jar:2.19.1]
	at org.apache.maven.surefire.junit4.JUnit4Provider.executeTestSet(JUnit4Provider.java:238) ~[surefire-junit4-2.19.1.jar:2.19.1]
	at org.apache.maven.surefire.junit4.JUnit4Provider.invoke(JUnit4Provider.java:161) ~[surefire-junit4-2.19.1.jar:2.19.1]
	at org.apache.maven.surefire.booter.ForkedBooter.invokeProviderInSameClassLoader(ForkedBooter.java:290) ~[surefire-booter-2.19.1.jar:2.19.1]
	at org.apache.maven.surefire.booter.ForkedBooter.runSuitesInProcess(ForkedBooter.java:242) ~[surefire-booter-2.19.1.jar:2.19.1]
	at org.apache.maven.surefire.booter.ForkedBooter.main(ForkedBooter.java:121) ~[surefire-booter-2.19.1.jar:2.19.1]
Caused by: org.springframework.jdbc.CannotGetJdbcConnectionException: Could not get JDBC Connection; nested exception is java.sql.SQLException: No suitable driver found for postgres://vjxcwkiilteanj:e2d9316253c0eb936edd3d5d85eddc3eca429e1f39629913a96f2875bcbe4c9e@ec2-3-248-87-6.eu-west-1.compute.amazonaws.com:5432/d1bvs7c11s3o58
	at org.springframework.jdbc.datasource.DataSourceUtils.getConnection(DataSourceUtils.java:80) ~[spring-jdbc-4.3.7.RELEASE.jar:4.3.7.RELEASE]
	at org.springframework.jdbc.core.JdbcTemplate.execute(JdbcTemplate.java:619) ~[spring-jdbc-4.3.7.RELEASE.jar:4.3.7.RELEASE]
	at org.springframework.jdbc.core.JdbcTemplate.query(JdbcTemplate.java:684) ~[spring-jdbc-4.3.7.RELEASE.jar:4.3.7.RELEASE]
	at org.springframework.jdbc.core.JdbcTemplate.query(JdbcTemplate.java:716) ~[spring-jdbc-4.3.7.RELEASE.jar:4.3.7.RELEASE]
	at org.springframework.jdbc.core.JdbcTemplate.query(JdbcTemplate.java:726) ~[spring-jdbc-4.3.7.RELEASE.jar:4.3.7.RELEASE]
	at org.springframework.jdbc.core.JdbcTemplate.queryForObject(JdbcTemplate.java:800) ~[spring-jdbc-4.3.7.RELEASE.jar:4.3.7.RELEASE]
	at com.istg.dao.implementations.UserDaoImpl.getUserByUsername(UserDaoImpl.java:65) ~[classes/:na]
	at com.istg.service.implementations.UserServiceImpl.loadUserByUsername(UserServiceImpl.java:75) ~[classes/:na]
	at org.springframework.security.test.context.support.WithUserDetailsSecurityContextFactory.createSecurityContext(WithUserDetailsSecurityContextFactory.java:56) ~[spring-security-test-4.2.2.RELEASE.jar:4.2.2.RELEASE]
	at org.springframework.security.test.context.support.WithUserDetailsSecurityContextFactory.createSecurityContext(WithUserDetailsSecurityContextFactory.java:39) ~[spring-security-test-4.2.2.RELEASE.jar:4.2.2.RELEASE]
	at org.springframework.security.test.context.support.WithSecurityContextTestExecutionListener.createSecurityContext(WithSecurityContextTestExecutionListener.java:96) ~[spring-security-test-4.2.2.RELEASE.jar:4.2.2.RELEASE]
	... 25 common frames omitted
Caused by: java.sql.SQLException: No suitable driver found for postgres://vjxcwkiilteanj:e2d9316253c0eb936edd3d5d85eddc3eca429e1f39629913a96f2875bcbe4c9e@ec2-3-248-87-6.eu-west-1.compute.amazonaws.com:5432/d1bvs7c11s3o58
	at java.sql/java.sql.DriverManager.getConnection(DriverManager.java:702) ~[java.sql:na]
	at java.sql/java.sql.DriverManager.getConnection(DriverManager.java:189) ~[java.sql:na]
	at org.springframework.jdbc.datasource.DriverManagerDataSource.getConnectionFromDriverManager(DriverManagerDataSource.java:153) ~[spring-jdbc-4.3.7.RELEASE.jar:4.3.7.RELEASE]
	at org.springframework.jdbc.datasource.DriverManagerDataSource.getConnectionFromDriver(DriverManagerDataSource.java:144) ~[spring-jdbc-4.3.7.RELEASE.jar:4.3.7.RELEASE]
	at org.springframework.jdbc.datasource.AbstractDriverBasedDataSource.getConnectionFromDriver(AbstractDriverBasedDataSource.java:196) ~[spring-jdbc-4.3.7.RELEASE.jar:4.3.7.RELEASE]
	at org.springframework.jdbc.datasource.AbstractDriverBasedDataSource.getConnection(AbstractDriverBasedDataSource.java:159) ~[spring-jdbc-4.3.7.RELEASE.jar:4.3.7.RELEASE]
	at org.springframework.jdbc.datasource.DataSourceUtils.doGetConnection(DataSourceUtils.java:111) ~[spring-jdbc-4.3.7.RELEASE.jar:4.3.7.RELEASE]
	at org.springframework.jdbc.datasource.DataSourceUtils.getConnection(DataSourceUtils.java:77) ~[spring-jdbc-4.3.7.RELEASE.jar:4.3.7.RELEASE]
	... 35 common frames omitted

]]></system-out>
  </testcase>
  <testcase name="loadCardForUser" classname="com.istg.controller.CardControllerTest" time="0.023">
    <error message="Unable to create SecurityContext using @org.springframework.security.test.context.support.WithUserDetails(value=&quot;tom&quot;, userDetailsServiceBeanName=&quot;&quot;)" type="java.lang.IllegalStateException">java.lang.IllegalStateException: Unable to create SecurityContext using @org.springframework.security.test.context.support.WithUserDetails(value="tom", userDetailsServiceBeanName="")
Caused by: org.springframework.jdbc.CannotGetJdbcConnectionException: Could not get JDBC Connection; nested exception is java.sql.SQLException: No suitable driver found for postgres://vjxcwkiilteanj:e2d9316253c0eb936edd3d5d85eddc3eca429e1f39629913a96f2875bcbe4c9e@ec2-3-248-87-6.eu-west-1.compute.amazonaws.com:5432/d1bvs7c11s3o58
Caused by: java.sql.SQLException: No suitable driver found for postgres://vjxcwkiilteanj:e2d9316253c0eb936edd3d5d85eddc3eca429e1f39629913a96f2875bcbe4c9e@ec2-3-248-87-6.eu-west-1.compute.amazonaws.com:5432/d1bvs7c11s3o58
</error>
    <system-out><![CDATA[2021-11-30 00:36:01.125  INFO 4268 --- [           main] c.istg.dao.implementations.UserDaoImpl   : Get user by username - tom 2021-11-30
2021-11-30 00:36:01.126  WARN 4268 --- [           main] o.s.test.context.TestContextManager      : Caught exception while allowing TestExecutionListener [org.springframework.security.test.context.support.WithSecurityContextTestExecutionListener@5bde6148] to process 'before' execution of test method [public void com.istg.controller.CardControllerTest.loadCardForUser() throws java.lang.Exception] for test instance [com.istg.controller.CardControllerTest@7509226c]

java.lang.IllegalStateException: Unable to create SecurityContext using @org.springframework.security.test.context.support.WithUserDetails(value="tom", userDetailsServiceBeanName="")
	at org.springframework.security.test.context.support.WithSecurityContextTestExecutionListener.createSecurityContext(WithSecurityContextTestExecutionListener.java:99) ~[spring-security-test-4.2.2.RELEASE.jar:4.2.2.RELEASE]
	at org.springframework.security.test.context.support.WithSecurityContextTestExecutionListener.createSecurityContext(WithSecurityContextTestExecutionListener.java:81) ~[spring-security-test-4.2.2.RELEASE.jar:4.2.2.RELEASE]
	at org.springframework.security.test.context.support.WithSecurityContextTestExecutionListener.beforeTestMethod(WithSecurityContextTestExecutionListener.java:60) ~[spring-security-test-4.2.2.RELEASE.jar:4.2.2.RELEASE]
	at org.springframework.test.context.TestContextManager.beforeTestMethod(TestContextManager.java:269) ~[spring-test-4.3.7.RELEASE.jar:4.3.7.RELEASE]
	at org.springframework.test.context.junit4.statements.RunBeforeTestMethodCallbacks.evaluate(RunBeforeTestMethodCallbacks.java:74) ~[spring-test-4.3.7.RELEASE.jar:4.3.7.RELEASE]
	at org.springframework.test.context.junit4.statements.RunAfterTestMethodCallbacks.evaluate(RunAfterTestMethodCallbacks.java:86) ~[spring-test-4.3.7.RELEASE.jar:4.3.7.RELEASE]
	at org.springframework.test.context.junit4.statements.SpringRepeat.evaluate(SpringRepeat.java:84) ~[spring-test-4.3.7.RELEASE.jar:4.3.7.RELEASE]
	at org.junit.runners.ParentRunner.runLeaf(ParentRunner.java:325) ~[junit-4.12.jar:4.12]
	at org.springframework.test.context.junit4.SpringJUnit4ClassRunner.runChild(SpringJUnit4ClassRunner.java:252) ~[spring-test-4.3.7.RELEASE.jar:4.3.7.RELEASE]
	at org.springframework.test.context.junit4.SpringJUnit4ClassRunner.runChild(SpringJUnit4ClassRunner.java:94) ~[spring-test-4.3.7.RELEASE.jar:4.3.7.RELEASE]
	at org.junit.runners.ParentRunner$3.run(ParentRunner.java:290) ~[junit-4.12.jar:4.12]
	at org.junit.runners.ParentRunner$1.schedule(ParentRunner.java:71) ~[junit-4.12.jar:4.12]
	at org.junit.runners.ParentRunner.runChildren(ParentRunner.java:288) ~[junit-4.12.jar:4.12]
	at org.junit.runners.ParentRunner.access$000(ParentRunner.java:58) ~[junit-4.12.jar:4.12]
	at org.junit.runners.ParentRunner$2.evaluate(ParentRunner.java:268) ~[junit-4.12.jar:4.12]
	at org.springframework.test.context.junit4.statements.RunBeforeTestClassCallbacks.evaluate(RunBeforeTestClassCallbacks.java:61) ~[spring-test-4.3.7.RELEASE.jar:4.3.7.RELEASE]
	at org.springframework.test.context.junit4.statements.RunAfterTestClassCallbacks.evaluate(RunAfterTestClassCallbacks.java:70) ~[spring-test-4.3.7.RELEASE.jar:4.3.7.RELEASE]
	at org.junit.runners.ParentRunner.run(ParentRunner.java:363) ~[junit-4.12.jar:4.12]
	at org.springframework.test.context.junit4.SpringJUnit4ClassRunner.run(SpringJUnit4ClassRunner.java:191) ~[spring-test-4.3.7.RELEASE.jar:4.3.7.RELEASE]
	at org.apache.maven.surefire.junit4.JUnit4Provider.execute(JUnit4Provider.java:367) ~[surefire-junit4-2.19.1.jar:2.19.1]
	at org.apache.maven.surefire.junit4.JUnit4Provider.executeWithRerun(JUnit4Provider.java:274) ~[surefire-junit4-2.19.1.jar:2.19.1]
	at org.apache.maven.surefire.junit4.JUnit4Provider.executeTestSet(JUnit4Provider.java:238) ~[surefire-junit4-2.19.1.jar:2.19.1]
	at org.apache.maven.surefire.junit4.JUnit4Provider.invoke(JUnit4Provider.java:161) ~[surefire-junit4-2.19.1.jar:2.19.1]
	at org.apache.maven.surefire.booter.ForkedBooter.invokeProviderInSameClassLoader(ForkedBooter.java:290) ~[surefire-booter-2.19.1.jar:2.19.1]
	at org.apache.maven.surefire.booter.ForkedBooter.runSuitesInProcess(ForkedBooter.java:242) ~[surefire-booter-2.19.1.jar:2.19.1]
	at org.apache.maven.surefire.booter.ForkedBooter.main(ForkedBooter.java:121) ~[surefire-booter-2.19.1.jar:2.19.1]
Caused by: org.springframework.jdbc.CannotGetJdbcConnectionException: Could not get JDBC Connection; nested exception is java.sql.SQLException: No suitable driver found for postgres://vjxcwkiilteanj:e2d9316253c0eb936edd3d5d85eddc3eca429e1f39629913a96f2875bcbe4c9e@ec2-3-248-87-6.eu-west-1.compute.amazonaws.com:5432/d1bvs7c11s3o58
	at org.springframework.jdbc.datasource.DataSourceUtils.getConnection(DataSourceUtils.java:80) ~[spring-jdbc-4.3.7.RELEASE.jar:4.3.7.RELEASE]
	at org.springframework.jdbc.core.JdbcTemplate.execute(JdbcTemplate.java:619) ~[spring-jdbc-4.3.7.RELEASE.jar:4.3.7.RELEASE]
	at org.springframework.jdbc.core.JdbcTemplate.query(JdbcTemplate.java:684) ~[spring-jdbc-4.3.7.RELEASE.jar:4.3.7.RELEASE]
	at org.springframework.jdbc.core.JdbcTemplate.query(JdbcTemplate.java:716) ~[spring-jdbc-4.3.7.RELEASE.jar:4.3.7.RELEASE]
	at org.springframework.jdbc.core.JdbcTemplate.query(JdbcTemplate.java:726) ~[spring-jdbc-4.3.7.RELEASE.jar:4.3.7.RELEASE]
	at org.springframework.jdbc.core.JdbcTemplate.queryForObject(JdbcTemplate.java:800) ~[spring-jdbc-4.3.7.RELEASE.jar:4.3.7.RELEASE]
	at com.istg.dao.implementations.UserDaoImpl.getUserByUsername(UserDaoImpl.java:65) ~[classes/:na]
	at com.istg.service.implementations.UserServiceImpl.loadUserByUsername(UserServiceImpl.java:75) ~[classes/:na]
	at org.springframework.security.test.context.support.WithUserDetailsSecurityContextFactory.createSecurityContext(WithUserDetailsSecurityContextFactory.java:56) ~[spring-security-test-4.2.2.RELEASE.jar:4.2.2.RELEASE]
	at org.springframework.security.test.context.support.WithUserDetailsSecurityContextFactory.createSecurityContext(WithUserDetailsSecurityContextFactory.java:39) ~[spring-security-test-4.2.2.RELEASE.jar:4.2.2.RELEASE]
	at org.springframework.security.test.context.support.WithSecurityContextTestExecutionListener.createSecurityContext(WithSecurityContextTestExecutionListener.java:96) ~[spring-security-test-4.2.2.RELEASE.jar:4.2.2.RELEASE]
	... 25 common frames omitted
Caused by: java.sql.SQLException: No suitable driver found for postgres://vjxcwkiilteanj:e2d9316253c0eb936edd3d5d85eddc3eca429e1f39629913a96f2875bcbe4c9e@ec2-3-248-87-6.eu-west-1.compute.amazonaws.com:5432/d1bvs7c11s3o58
	at java.sql/java.sql.DriverManager.getConnection(DriverManager.java:702) ~[java.sql:na]
	at java.sql/java.sql.DriverManager.getConnection(DriverManager.java:189) ~[java.sql:na]
	at org.springframework.jdbc.datasource.DriverManagerDataSource.getConnectionFromDriverManager(DriverManagerDataSource.java:153) ~[spring-jdbc-4.3.7.RELEASE.jar:4.3.7.RELEASE]
	at org.springframework.jdbc.datasource.DriverManagerDataSource.getConnectionFromDriver(DriverManagerDataSource.java:144) ~[spring-jdbc-4.3.7.RELEASE.jar:4.3.7.RELEASE]
	at org.springframework.jdbc.datasource.AbstractDriverBasedDataSource.getConnectionFromDriver(AbstractDriverBasedDataSource.java:196) ~[spring-jdbc-4.3.7.RELEASE.jar:4.3.7.RELEASE]
	at org.springframework.jdbc.datasource.AbstractDriverBasedDataSource.getConnection(AbstractDriverBasedDataSource.java:159) ~[spring-jdbc-4.3.7.RELEASE.jar:4.3.7.RELEASE]
	at org.springframework.jdbc.datasource.DataSourceUtils.doGetConnection(DataSourceUtils.java:111) ~[spring-jdbc-4.3.7.RELEASE.jar:4.3.7.RELEASE]
	at org.springframework.jdbc.datasource.DataSourceUtils.getConnection(DataSourceUtils.java:77) ~[spring-jdbc-4.3.7.RELEASE.jar:4.3.7.RELEASE]
	... 35 common frames omitted

]]></system-out>
  </testcase>
  <testcase name="addDelete" classname="com.istg.controller.CardControllerTest" time="0.021">
    <error message="Unable to create SecurityContext using @org.springframework.security.test.context.support.WithUserDetails(value=&quot;tom&quot;, userDetailsServiceBeanName=&quot;&quot;)" type="java.lang.IllegalStateException">java.lang.IllegalStateException: Unable to create SecurityContext using @org.springframework.security.test.context.support.WithUserDetails(value="tom", userDetailsServiceBeanName="")
Caused by: org.springframework.jdbc.CannotGetJdbcConnectionException: Could not get JDBC Connection; nested exception is java.sql.SQLException: No suitable driver found for postgres://vjxcwkiilteanj:e2d9316253c0eb936edd3d5d85eddc3eca429e1f39629913a96f2875bcbe4c9e@ec2-3-248-87-6.eu-west-1.compute.amazonaws.com:5432/d1bvs7c11s3o58
Caused by: java.sql.SQLException: No suitable driver found for postgres://vjxcwkiilteanj:e2d9316253c0eb936edd3d5d85eddc3eca429e1f39629913a96f2875bcbe4c9e@ec2-3-248-87-6.eu-west-1.compute.amazonaws.com:5432/d1bvs7c11s3o58
</error>
    <system-out><![CDATA[2021-11-30 00:36:01.133  INFO 4268 --- [           main] c.istg.dao.implementations.UserDaoImpl   : Get user by username - tom 2021-11-30
2021-11-30 00:36:01.134  WARN 4268 --- [           main] o.s.test.context.TestContextManager      : Caught exception while allowing TestExecutionListener [org.springframework.security.test.context.support.WithSecurityContextTestExecutionListener@5bde6148] to process 'before' execution of test method [public void com.istg.controller.CardControllerTest.addDelete() throws java.lang.Exception] for test instance [com.istg.controller.CardControllerTest@75c77add]

java.lang.IllegalStateException: Unable to create SecurityContext using @org.springframework.security.test.context.support.WithUserDetails(value="tom", userDetailsServiceBeanName="")
	at org.springframework.security.test.context.support.WithSecurityContextTestExecutionListener.createSecurityContext(WithSecurityContextTestExecutionListener.java:99) ~[spring-security-test-4.2.2.RELEASE.jar:4.2.2.RELEASE]
	at org.springframework.security.test.context.support.WithSecurityContextTestExecutionListener.createSecurityContext(WithSecurityContextTestExecutionListener.java:81) ~[spring-security-test-4.2.2.RELEASE.jar:4.2.2.RELEASE]
	at org.springframework.security.test.context.support.WithSecurityContextTestExecutionListener.beforeTestMethod(WithSecurityContextTestExecutionListener.java:60) ~[spring-security-test-4.2.2.RELEASE.jar:4.2.2.RELEASE]
	at org.springframework.test.context.TestContextManager.beforeTestMethod(TestContextManager.java:269) ~[spring-test-4.3.7.RELEASE.jar:4.3.7.RELEASE]
	at org.springframework.test.context.junit4.statements.RunBeforeTestMethodCallbacks.evaluate(RunBeforeTestMethodCallbacks.java:74) ~[spring-test-4.3.7.RELEASE.jar:4.3.7.RELEASE]
	at org.springframework.test.context.junit4.statements.RunAfterTestMethodCallbacks.evaluate(RunAfterTestMethodCallbacks.java:86) ~[spring-test-4.3.7.RELEASE.jar:4.3.7.RELEASE]
	at org.springframework.test.context.junit4.statements.SpringRepeat.evaluate(SpringRepeat.java:84) ~[spring-test-4.3.7.RELEASE.jar:4.3.7.RELEASE]
	at org.junit.runners.ParentRunner.runLeaf(ParentRunner.java:325) ~[junit-4.12.jar:4.12]
	at org.springframework.test.context.junit4.SpringJUnit4ClassRunner.runChild(SpringJUnit4ClassRunner.java:252) ~[spring-test-4.3.7.RELEASE.jar:4.3.7.RELEASE]
	at org.springframework.test.context.junit4.SpringJUnit4ClassRunner.runChild(SpringJUnit4ClassRunner.java:94) ~[spring-test-4.3.7.RELEASE.jar:4.3.7.RELEASE]
	at org.junit.runners.ParentRunner$3.run(ParentRunner.java:290) ~[junit-4.12.jar:4.12]
	at org.junit.runners.ParentRunner$1.schedule(ParentRunner.java:71) ~[junit-4.12.jar:4.12]
	at org.junit.runners.ParentRunner.runChildren(ParentRunner.java:288) ~[junit-4.12.jar:4.12]
	at org.junit.runners.ParentRunner.access$000(ParentRunner.java:58) ~[junit-4.12.jar:4.12]
	at org.junit.runners.ParentRunner$2.evaluate(ParentRunner.java:268) ~[junit-4.12.jar:4.12]
	at org.springframework.test.context.junit4.statements.RunBeforeTestClassCallbacks.evaluate(RunBeforeTestClassCallbacks.java:61) ~[spring-test-4.3.7.RELEASE.jar:4.3.7.RELEASE]
	at org.springframework.test.context.junit4.statements.RunAfterTestClassCallbacks.evaluate(RunAfterTestClassCallbacks.java:70) ~[spring-test-4.3.7.RELEASE.jar:4.3.7.RELEASE]
	at org.junit.runners.ParentRunner.run(ParentRunner.java:363) ~[junit-4.12.jar:4.12]
	at org.springframework.test.context.junit4.SpringJUnit4ClassRunner.run(SpringJUnit4ClassRunner.java:191) ~[spring-test-4.3.7.RELEASE.jar:4.3.7.RELEASE]
	at org.apache.maven.surefire.junit4.JUnit4Provider.execute(JUnit4Provider.java:367) ~[surefire-junit4-2.19.1.jar:2.19.1]
	at org.apache.maven.surefire.junit4.JUnit4Provider.executeWithRerun(JUnit4Provider.java:274) ~[surefire-junit4-2.19.1.jar:2.19.1]
	at org.apache.maven.surefire.junit4.JUnit4Provider.executeTestSet(JUnit4Provider.java:238) ~[surefire-junit4-2.19.1.jar:2.19.1]
	at org.apache.maven.surefire.junit4.JUnit4Provider.invoke(JUnit4Provider.java:161) ~[surefire-junit4-2.19.1.jar:2.19.1]
	at org.apache.maven.surefire.booter.ForkedBooter.invokeProviderInSameClassLoader(ForkedBooter.java:290) ~[surefire-booter-2.19.1.jar:2.19.1]
	at org.apache.maven.surefire.booter.ForkedBooter.runSuitesInProcess(ForkedBooter.java:242) ~[surefire-booter-2.19.1.jar:2.19.1]
	at org.apache.maven.surefire.booter.ForkedBooter.main(ForkedBooter.java:121) ~[surefire-booter-2.19.1.jar:2.19.1]
Caused by: org.springframework.jdbc.CannotGetJdbcConnectionException: Could not get JDBC Connection; nested exception is java.sql.SQLException: No suitable driver found for postgres://vjxcwkiilteanj:e2d9316253c0eb936edd3d5d85eddc3eca429e1f39629913a96f2875bcbe4c9e@ec2-3-248-87-6.eu-west-1.compute.amazonaws.com:5432/d1bvs7c11s3o58
	at org.springframework.jdbc.datasource.DataSourceUtils.getConnection(DataSourceUtils.java:80) ~[spring-jdbc-4.3.7.RELEASE.jar:4.3.7.RELEASE]
	at org.springframework.jdbc.core.JdbcTemplate.execute(JdbcTemplate.java:619) ~[spring-jdbc-4.3.7.RELEASE.jar:4.3.7.RELEASE]
	at org.springframework.jdbc.core.JdbcTemplate.query(JdbcTemplate.java:684) ~[spring-jdbc-4.3.7.RELEASE.jar:4.3.7.RELEASE]
	at org.springframework.jdbc.core.JdbcTemplate.query(JdbcTemplate.java:716) ~[spring-jdbc-4.3.7.RELEASE.jar:4.3.7.RELEASE]
	at org.springframework.jdbc.core.JdbcTemplate.query(JdbcTemplate.java:726) ~[spring-jdbc-4.3.7.RELEASE.jar:4.3.7.RELEASE]
	at org.springframework.jdbc.core.JdbcTemplate.queryForObject(JdbcTemplate.java:800) ~[spring-jdbc-4.3.7.RELEASE.jar:4.3.7.RELEASE]
	at com.istg.dao.implementations.UserDaoImpl.getUserByUsername(UserDaoImpl.java:65) ~[classes/:na]
	at com.istg.service.implementations.UserServiceImpl.loadUserByUsername(UserServiceImpl.java:75) ~[classes/:na]
	at org.springframework.security.test.context.support.WithUserDetailsSecurityContextFactory.createSecurityContext(WithUserDetailsSecurityContextFactory.java:56) ~[spring-security-test-4.2.2.RELEASE.jar:4.2.2.RELEASE]
	at org.springframework.security.test.context.support.WithUserDetailsSecurityContextFactory.createSecurityContext(WithUserDetailsSecurityContextFactory.java:39) ~[spring-security-test-4.2.2.RELEASE.jar:4.2.2.RELEASE]
	at org.springframework.security.test.context.support.WithSecurityContextTestExecutionListener.createSecurityContext(WithSecurityContextTestExecutionListener.java:96) ~[spring-security-test-4.2.2.RELEASE.jar:4.2.2.RELEASE]
	... 25 common frames omitted
Caused by: java.sql.SQLException: No suitable driver found for postgres://vjxcwkiilteanj:e2d9316253c0eb936edd3d5d85eddc3eca429e1f39629913a96f2875bcbe4c9e@ec2-3-248-87-6.eu-west-1.compute.amazonaws.com:5432/d1bvs7c11s3o58
	at java.sql/java.sql.DriverManager.getConnection(DriverManager.java:702) ~[java.sql:na]
	at java.sql/java.sql.DriverManager.getConnection(DriverManager.java:189) ~[java.sql:na]
	at org.springframework.jdbc.datasource.DriverManagerDataSource.getConnectionFromDriverManager(DriverManagerDataSource.java:153) ~[spring-jdbc-4.3.7.RELEASE.jar:4.3.7.RELEASE]
	at org.springframework.jdbc.datasource.DriverManagerDataSource.getConnectionFromDriver(DriverManagerDataSource.java:144) ~[spring-jdbc-4.3.7.RELEASE.jar:4.3.7.RELEASE]
	at org.springframework.jdbc.datasource.AbstractDriverBasedDataSource.getConnectionFromDriver(AbstractDriverBasedDataSource.java:196) ~[spring-jdbc-4.3.7.RELEASE.jar:4.3.7.RELEASE]
	at org.springframework.jdbc.datasource.AbstractDriverBasedDataSource.getConnection(AbstractDriverBasedDataSource.java:159) ~[spring-jdbc-4.3.7.RELEASE.jar:4.3.7.RELEASE]
	at org.springframework.jdbc.datasource.DataSourceUtils.doGetConnection(DataSourceUtils.java:111) ~[spring-jdbc-4.3.7.RELEASE.jar:4.3.7.RELEASE]
	at org.springframework.jdbc.datasource.DataSourceUtils.getConnection(DataSourceUtils.java:77) ~[spring-jdbc-4.3.7.RELEASE.jar:4.3.7.RELEASE]
	... 35 common frames omitted

]]></system-out>
  </testcase>
  <testcase name="orderCard" classname="com.istg.controller.CardControllerTest" time="0.02">
    <error message="Unable to create SecurityContext using @org.springframework.security.test.context.support.WithUserDetails(value=&quot;tom&quot;, userDetailsServiceBeanName=&quot;&quot;)" type="java.lang.IllegalStateException">java.lang.IllegalStateException: Unable to create SecurityContext using @org.springframework.security.test.context.support.WithUserDetails(value="tom", userDetailsServiceBeanName="")
Caused by: org.springframework.jdbc.CannotGetJdbcConnectionException: Could not get JDBC Connection; nested exception is java.sql.SQLException: No suitable driver found for postgres://vjxcwkiilteanj:e2d9316253c0eb936edd3d5d85eddc3eca429e1f39629913a96f2875bcbe4c9e@ec2-3-248-87-6.eu-west-1.compute.amazonaws.com:5432/d1bvs7c11s3o58
Caused by: java.sql.SQLException: No suitable driver found for postgres://vjxcwkiilteanj:e2d9316253c0eb936edd3d5d85eddc3eca429e1f39629913a96f2875bcbe4c9e@ec2-3-248-87-6.eu-west-1.compute.amazonaws.com:5432/d1bvs7c11s3o58
</error>
    <system-out><![CDATA[2021-11-30 00:36:01.139  INFO 4268 --- [           main] c.istg.dao.implementations.UserDaoImpl   : Get user by username - tom 2021-11-30
2021-11-30 00:36:01.140  WARN 4268 --- [           main] o.s.test.context.TestContextManager      : Caught exception while allowing TestExecutionListener [org.springframework.security.test.context.support.WithSecurityContextTestExecutionListener@5bde6148] to process 'before' execution of test method [public void com.istg.controller.CardControllerTest.orderCard() throws java.lang.Exception] for test instance [com.istg.controller.CardControllerTest@31531d0d]

java.lang.IllegalStateException: Unable to create SecurityContext using @org.springframework.security.test.context.support.WithUserDetails(value="tom", userDetailsServiceBeanName="")
	at org.springframework.security.test.context.support.WithSecurityContextTestExecutionListener.createSecurityContext(WithSecurityContextTestExecutionListener.java:99) ~[spring-security-test-4.2.2.RELEASE.jar:4.2.2.RELEASE]
	at org.springframework.security.test.context.support.WithSecurityContextTestExecutionListener.createSecurityContext(WithSecurityContextTestExecutionListener.java:81) ~[spring-security-test-4.2.2.RELEASE.jar:4.2.2.RELEASE]
	at org.springframework.security.test.context.support.WithSecurityContextTestExecutionListener.beforeTestMethod(WithSecurityContextTestExecutionListener.java:60) ~[spring-security-test-4.2.2.RELEASE.jar:4.2.2.RELEASE]
	at org.springframework.test.context.TestContextManager.beforeTestMethod(TestContextManager.java:269) ~[spring-test-4.3.7.RELEASE.jar:4.3.7.RELEASE]
	at org.springframework.test.context.junit4.statements.RunBeforeTestMethodCallbacks.evaluate(RunBeforeTestMethodCallbacks.java:74) ~[spring-test-4.3.7.RELEASE.jar:4.3.7.RELEASE]
	at org.springframework.test.context.junit4.statements.RunAfterTestMethodCallbacks.evaluate(RunAfterTestMethodCallbacks.java:86) ~[spring-test-4.3.7.RELEASE.jar:4.3.7.RELEASE]
	at org.springframework.test.context.junit4.statements.SpringRepeat.evaluate(SpringRepeat.java:84) ~[spring-test-4.3.7.RELEASE.jar:4.3.7.RELEASE]
	at org.junit.runners.ParentRunner.runLeaf(ParentRunner.java:325) ~[junit-4.12.jar:4.12]
	at org.springframework.test.context.junit4.SpringJUnit4ClassRunner.runChild(SpringJUnit4ClassRunner.java:252) ~[spring-test-4.3.7.RELEASE.jar:4.3.7.RELEASE]
	at org.springframework.test.context.junit4.SpringJUnit4ClassRunner.runChild(SpringJUnit4ClassRunner.java:94) ~[spring-test-4.3.7.RELEASE.jar:4.3.7.RELEASE]
	at org.junit.runners.ParentRunner$3.run(ParentRunner.java:290) ~[junit-4.12.jar:4.12]
	at org.junit.runners.ParentRunner$1.schedule(ParentRunner.java:71) ~[junit-4.12.jar:4.12]
	at org.junit.runners.ParentRunner.runChildren(ParentRunner.java:288) ~[junit-4.12.jar:4.12]
	at org.junit.runners.ParentRunner.access$000(ParentRunner.java:58) ~[junit-4.12.jar:4.12]
	at org.junit.runners.ParentRunner$2.evaluate(ParentRunner.java:268) ~[junit-4.12.jar:4.12]
	at org.springframework.test.context.junit4.statements.RunBeforeTestClassCallbacks.evaluate(RunBeforeTestClassCallbacks.java:61) ~[spring-test-4.3.7.RELEASE.jar:4.3.7.RELEASE]
	at org.springframework.test.context.junit4.statements.RunAfterTestClassCallbacks.evaluate(RunAfterTestClassCallbacks.java:70) ~[spring-test-4.3.7.RELEASE.jar:4.3.7.RELEASE]
	at org.junit.runners.ParentRunner.run(ParentRunner.java:363) ~[junit-4.12.jar:4.12]
	at org.springframework.test.context.junit4.SpringJUnit4ClassRunner.run(SpringJUnit4ClassRunner.java:191) ~[spring-test-4.3.7.RELEASE.jar:4.3.7.RELEASE]
	at org.apache.maven.surefire.junit4.JUnit4Provider.execute(JUnit4Provider.java:367) ~[surefire-junit4-2.19.1.jar:2.19.1]
	at org.apache.maven.surefire.junit4.JUnit4Provider.executeWithRerun(JUnit4Provider.java:274) ~[surefire-junit4-2.19.1.jar:2.19.1]
	at org.apache.maven.surefire.junit4.JUnit4Provider.executeTestSet(JUnit4Provider.java:238) ~[surefire-junit4-2.19.1.jar:2.19.1]
	at org.apache.maven.surefire.junit4.JUnit4Provider.invoke(JUnit4Provider.java:161) ~[surefire-junit4-2.19.1.jar:2.19.1]
	at org.apache.maven.surefire.booter.ForkedBooter.invokeProviderInSameClassLoader(ForkedBooter.java:290) ~[surefire-booter-2.19.1.jar:2.19.1]
	at org.apache.maven.surefire.booter.ForkedBooter.runSuitesInProcess(ForkedBooter.java:242) ~[surefire-booter-2.19.1.jar:2.19.1]
	at org.apache.maven.surefire.booter.ForkedBooter.main(ForkedBooter.java:121) ~[surefire-booter-2.19.1.jar:2.19.1]
Caused by: org.springframework.jdbc.CannotGetJdbcConnectionException: Could not get JDBC Connection; nested exception is java.sql.SQLException: No suitable driver found for postgres://vjxcwkiilteanj:e2d9316253c0eb936edd3d5d85eddc3eca429e1f39629913a96f2875bcbe4c9e@ec2-3-248-87-6.eu-west-1.compute.amazonaws.com:5432/d1bvs7c11s3o58
	at org.springframework.jdbc.datasource.DataSourceUtils.getConnection(DataSourceUtils.java:80) ~[spring-jdbc-4.3.7.RELEASE.jar:4.3.7.RELEASE]
	at org.springframework.jdbc.core.JdbcTemplate.execute(JdbcTemplate.java:619) ~[spring-jdbc-4.3.7.RELEASE.jar:4.3.7.RELEASE]
	at org.springframework.jdbc.core.JdbcTemplate.query(JdbcTemplate.java:684) ~[spring-jdbc-4.3.7.RELEASE.jar:4.3.7.RELEASE]
	at org.springframework.jdbc.core.JdbcTemplate.query(JdbcTemplate.java:716) ~[spring-jdbc-4.3.7.RELEASE.jar:4.3.7.RELEASE]
	at org.springframework.jdbc.core.JdbcTemplate.query(JdbcTemplate.java:726) ~[spring-jdbc-4.3.7.RELEASE.jar:4.3.7.RELEASE]
	at org.springframework.jdbc.core.JdbcTemplate.queryForObject(JdbcTemplate.java:800) ~[spring-jdbc-4.3.7.RELEASE.jar:4.3.7.RELEASE]
	at com.istg.dao.implementations.UserDaoImpl.getUserByUsername(UserDaoImpl.java:65) ~[classes/:na]
	at com.istg.service.implementations.UserServiceImpl.loadUserByUsername(UserServiceImpl.java:75) ~[classes/:na]
	at org.springframework.security.test.context.support.WithUserDetailsSecurityContextFactory.createSecurityContext(WithUserDetailsSecurityContextFactory.java:56) ~[spring-security-test-4.2.2.RELEASE.jar:4.2.2.RELEASE]
	at org.springframework.security.test.context.support.WithUserDetailsSecurityContextFactory.createSecurityContext(WithUserDetailsSecurityContextFactory.java:39) ~[spring-security-test-4.2.2.RELEASE.jar:4.2.2.RELEASE]
	at org.springframework.security.test.context.support.WithSecurityContextTestExecutionListener.createSecurityContext(WithSecurityContextTestExecutionListener.java:96) ~[spring-security-test-4.2.2.RELEASE.jar:4.2.2.RELEASE]
	... 25 common frames omitted
Caused by: java.sql.SQLException: No suitable driver found for postgres://vjxcwkiilteanj:e2d9316253c0eb936edd3d5d85eddc3eca429e1f39629913a96f2875bcbe4c9e@ec2-3-248-87-6.eu-west-1.compute.amazonaws.com:5432/d1bvs7c11s3o58
	at java.sql/java.sql.DriverManager.getConnection(DriverManager.java:702) ~[java.sql:na]
	at java.sql/java.sql.DriverManager.getConnection(DriverManager.java:189) ~[java.sql:na]
	at org.springframework.jdbc.datasource.DriverManagerDataSource.getConnectionFromDriverManager(DriverManagerDataSource.java:153) ~[spring-jdbc-4.3.7.RELEASE.jar:4.3.7.RELEASE]
	at org.springframework.jdbc.datasource.DriverManagerDataSource.getConnectionFromDriver(DriverManagerDataSource.java:144) ~[spring-jdbc-4.3.7.RELEASE.jar:4.3.7.RELEASE]
	at org.springframework.jdbc.datasource.AbstractDriverBasedDataSource.getConnectionFromDriver(AbstractDriverBasedDataSource.java:196) ~[spring-jdbc-4.3.7.RELEASE.jar:4.3.7.RELEASE]
	at org.springframework.jdbc.datasource.AbstractDriverBasedDataSource.getConnection(AbstractDriverBasedDataSource.java:159) ~[spring-jdbc-4.3.7.RELEASE.jar:4.3.7.RELEASE]
	at org.springframework.jdbc.datasource.DataSourceUtils.doGetConnection(DataSourceUtils.java:111) ~[spring-jdbc-4.3.7.RELEASE.jar:4.3.7.RELEASE]
	at org.springframework.jdbc.datasource.DataSourceUtils.getConnection(DataSourceUtils.java:77) ~[spring-jdbc-4.3.7.RELEASE.jar:4.3.7.RELEASE]
	... 35 common frames omitted

]]></system-out>
  </testcase>
  <testcase name="loadCardForUserNodeCount" classname="com.istg.controller.CardControllerTest" time="0.021">
    <error message="Unable to create SecurityContext using @org.springframework.security.test.context.support.WithUserDetails(value=&quot;tom&quot;, userDetailsServiceBeanName=&quot;&quot;)" type="java.lang.IllegalStateException">java.lang.IllegalStateException: Unable to create SecurityContext using @org.springframework.security.test.context.support.WithUserDetails(value="tom", userDetailsServiceBeanName="")
Caused by: org.springframework.jdbc.CannotGetJdbcConnectionException: Could not get JDBC Connection; nested exception is java.sql.SQLException: No suitable driver found for postgres://vjxcwkiilteanj:e2d9316253c0eb936edd3d5d85eddc3eca429e1f39629913a96f2875bcbe4c9e@ec2-3-248-87-6.eu-west-1.compute.amazonaws.com:5432/d1bvs7c11s3o58
Caused by: java.sql.SQLException: No suitable driver found for postgres://vjxcwkiilteanj:e2d9316253c0eb936edd3d5d85eddc3eca429e1f39629913a96f2875bcbe4c9e@ec2-3-248-87-6.eu-west-1.compute.amazonaws.com:5432/d1bvs7c11s3o58
</error>
    <system-out><![CDATA[2021-11-30 00:36:01.145  INFO 4268 --- [           main] c.istg.dao.implementations.UserDaoImpl   : Get user by username - tom 2021-11-30
2021-11-30 00:36:01.147  WARN 4268 --- [           main] o.s.test.context.TestContextManager      : Caught exception while allowing TestExecutionListener [org.springframework.security.test.context.support.WithSecurityContextTestExecutionListener@5bde6148] to process 'before' execution of test method [public void com.istg.controller.CardControllerTest.loadCardForUserNodeCount() throws java.lang.Exception] for test instance [com.istg.controller.CardControllerTest@175957b6]

java.lang.IllegalStateException: Unable to create SecurityContext using @org.springframework.security.test.context.support.WithUserDetails(value="tom", userDetailsServiceBeanName="")
	at org.springframework.security.test.context.support.WithSecurityContextTestExecutionListener.createSecurityContext(WithSecurityContextTestExecutionListener.java:99) ~[spring-security-test-4.2.2.RELEASE.jar:4.2.2.RELEASE]
	at org.springframework.security.test.context.support.WithSecurityContextTestExecutionListener.createSecurityContext(WithSecurityContextTestExecutionListener.java:81) ~[spring-security-test-4.2.2.RELEASE.jar:4.2.2.RELEASE]
	at org.springframework.security.test.context.support.WithSecurityContextTestExecutionListener.beforeTestMethod(WithSecurityContextTestExecutionListener.java:60) ~[spring-security-test-4.2.2.RELEASE.jar:4.2.2.RELEASE]
	at org.springframework.test.context.TestContextManager.beforeTestMethod(TestContextManager.java:269) ~[spring-test-4.3.7.RELEASE.jar:4.3.7.RELEASE]
	at org.springframework.test.context.junit4.statements.RunBeforeTestMethodCallbacks.evaluate(RunBeforeTestMethodCallbacks.java:74) ~[spring-test-4.3.7.RELEASE.jar:4.3.7.RELEASE]
	at org.springframework.test.context.junit4.statements.RunAfterTestMethodCallbacks.evaluate(RunAfterTestMethodCallbacks.java:86) ~[spring-test-4.3.7.RELEASE.jar:4.3.7.RELEASE]
	at org.springframework.test.context.junit4.statements.SpringRepeat.evaluate(SpringRepeat.java:84) ~[spring-test-4.3.7.RELEASE.jar:4.3.7.RELEASE]
	at org.junit.runners.ParentRunner.runLeaf(ParentRunner.java:325) ~[junit-4.12.jar:4.12]
	at org.springframework.test.context.junit4.SpringJUnit4ClassRunner.runChild(SpringJUnit4ClassRunner.java:252) ~[spring-test-4.3.7.RELEASE.jar:4.3.7.RELEASE]
	at org.springframework.test.context.junit4.SpringJUnit4ClassRunner.runChild(SpringJUnit4ClassRunner.java:94) ~[spring-test-4.3.7.RELEASE.jar:4.3.7.RELEASE]
	at org.junit.runners.ParentRunner$3.run(ParentRunner.java:290) ~[junit-4.12.jar:4.12]
	at org.junit.runners.ParentRunner$1.schedule(ParentRunner.java:71) ~[junit-4.12.jar:4.12]
	at org.junit.runners.ParentRunner.runChildren(ParentRunner.java:288) ~[junit-4.12.jar:4.12]
	at org.junit.runners.ParentRunner.access$000(ParentRunner.java:58) ~[junit-4.12.jar:4.12]
	at org.junit.runners.ParentRunner$2.evaluate(ParentRunner.java:268) ~[junit-4.12.jar:4.12]
	at org.springframework.test.context.junit4.statements.RunBeforeTestClassCallbacks.evaluate(RunBeforeTestClassCallbacks.java:61) ~[spring-test-4.3.7.RELEASE.jar:4.3.7.RELEASE]
	at org.springframework.test.context.junit4.statements.RunAfterTestClassCallbacks.evaluate(RunAfterTestClassCallbacks.java:70) ~[spring-test-4.3.7.RELEASE.jar:4.3.7.RELEASE]
	at org.junit.runners.ParentRunner.run(ParentRunner.java:363) ~[junit-4.12.jar:4.12]
	at org.springframework.test.context.junit4.SpringJUnit4ClassRunner.run(SpringJUnit4ClassRunner.java:191) ~[spring-test-4.3.7.RELEASE.jar:4.3.7.RELEASE]
	at org.apache.maven.surefire.junit4.JUnit4Provider.execute(JUnit4Provider.java:367) ~[surefire-junit4-2.19.1.jar:2.19.1]
	at org.apache.maven.surefire.junit4.JUnit4Provider.executeWithRerun(JUnit4Provider.java:274) ~[surefire-junit4-2.19.1.jar:2.19.1]
	at org.apache.maven.surefire.junit4.JUnit4Provider.executeTestSet(JUnit4Provider.java:238) ~[surefire-junit4-2.19.1.jar:2.19.1]
	at org.apache.maven.surefire.junit4.JUnit4Provider.invoke(JUnit4Provider.java:161) ~[surefire-junit4-2.19.1.jar:2.19.1]
	at org.apache.maven.surefire.booter.ForkedBooter.invokeProviderInSameClassLoader(ForkedBooter.java:290) ~[surefire-booter-2.19.1.jar:2.19.1]
	at org.apache.maven.surefire.booter.ForkedBooter.runSuitesInProcess(ForkedBooter.java:242) ~[surefire-booter-2.19.1.jar:2.19.1]
	at org.apache.maven.surefire.booter.ForkedBooter.main(ForkedBooter.java:121) ~[surefire-booter-2.19.1.jar:2.19.1]
Caused by: org.springframework.jdbc.CannotGetJdbcConnectionException: Could not get JDBC Connection; nested exception is java.sql.SQLException: No suitable driver found for postgres://vjxcwkiilteanj:e2d9316253c0eb936edd3d5d85eddc3eca429e1f39629913a96f2875bcbe4c9e@ec2-3-248-87-6.eu-west-1.compute.amazonaws.com:5432/d1bvs7c11s3o58
	at org.springframework.jdbc.datasource.DataSourceUtils.getConnection(DataSourceUtils.java:80) ~[spring-jdbc-4.3.7.RELEASE.jar:4.3.7.RELEASE]
	at org.springframework.jdbc.core.JdbcTemplate.execute(JdbcTemplate.java:619) ~[spring-jdbc-4.3.7.RELEASE.jar:4.3.7.RELEASE]
	at org.springframework.jdbc.core.JdbcTemplate.query(JdbcTemplate.java:684) ~[spring-jdbc-4.3.7.RELEASE.jar:4.3.7.RELEASE]
	at org.springframework.jdbc.core.JdbcTemplate.query(JdbcTemplate.java:716) ~[spring-jdbc-4.3.7.RELEASE.jar:4.3.7.RELEASE]
	at org.springframework.jdbc.core.JdbcTemplate.query(JdbcTemplate.java:726) ~[spring-jdbc-4.3.7.RELEASE.jar:4.3.7.RELEASE]
	at org.springframework.jdbc.core.JdbcTemplate.queryForObject(JdbcTemplate.java:800) ~[spring-jdbc-4.3.7.RELEASE.jar:4.3.7.RELEASE]
	at com.istg.dao.implementations.UserDaoImpl.getUserByUsername(UserDaoImpl.java:65) ~[classes/:na]
	at com.istg.service.implementations.UserServiceImpl.loadUserByUsername(UserServiceImpl.java:75) ~[classes/:na]
	at org.springframework.security.test.context.support.WithUserDetailsSecurityContextFactory.createSecurityContext(WithUserDetailsSecurityContextFactory.java:56) ~[spring-security-test-4.2.2.RELEASE.jar:4.2.2.RELEASE]
	at org.springframework.security.test.context.support.WithUserDetailsSecurityContextFactory.createSecurityContext(WithUserDetailsSecurityContextFactory.java:39) ~[spring-security-test-4.2.2.RELEASE.jar:4.2.2.RELEASE]
	at org.springframework.security.test.context.support.WithSecurityContextTestExecutionListener.createSecurityContext(WithSecurityContextTestExecutionListener.java:96) ~[spring-security-test-4.2.2.RELEASE.jar:4.2.2.RELEASE]
	... 25 common frames omitted
Caused by: java.sql.SQLException: No suitable driver found for postgres://vjxcwkiilteanj:e2d9316253c0eb936edd3d5d85eddc3eca429e1f39629913a96f2875bcbe4c9e@ec2-3-248-87-6.eu-west-1.compute.amazonaws.com:5432/d1bvs7c11s3o58
	at java.sql/java.sql.DriverManager.getConnection(DriverManager.java:702) ~[java.sql:na]
	at java.sql/java.sql.DriverManager.getConnection(DriverManager.java:189) ~[java.sql:na]
	at org.springframework.jdbc.datasource.DriverManagerDataSource.getConnectionFromDriverManager(DriverManagerDataSource.java:153) ~[spring-jdbc-4.3.7.RELEASE.jar:4.3.7.RELEASE]
	at org.springframework.jdbc.datasource.DriverManagerDataSource.getConnectionFromDriver(DriverManagerDataSource.java:144) ~[spring-jdbc-4.3.7.RELEASE.jar:4.3.7.RELEASE]
	at org.springframework.jdbc.datasource.AbstractDriverBasedDataSource.getConnectionFromDriver(AbstractDriverBasedDataSource.java:196) ~[spring-jdbc-4.3.7.RELEASE.jar:4.3.7.RELEASE]
	at org.springframework.jdbc.datasource.AbstractDriverBasedDataSource.getConnection(AbstractDriverBasedDataSource.java:159) ~[spring-jdbc-4.3.7.RELEASE.jar:4.3.7.RELEASE]
	at org.springframework.jdbc.datasource.DataSourceUtils.doGetConnection(DataSourceUtils.java:111) ~[spring-jdbc-4.3.7.RELEASE.jar:4.3.7.RELEASE]
	at org.springframework.jdbc.datasource.DataSourceUtils.getConnection(DataSourceUtils.java:77) ~[spring-jdbc-4.3.7.RELEASE.jar:4.3.7.RELEASE]
	... 35 common frames omitted

]]></system-out>
  </testcase>
  <testcase name="addGametoCard" classname="com.istg.controller.CardControllerTest" time="0.025">
    <error message="Unable to create SecurityContext using @org.springframework.security.test.context.support.WithUserDetails(value=&quot;tom&quot;, userDetailsServiceBeanName=&quot;&quot;)" type="java.lang.IllegalStateException">java.lang.IllegalStateException: Unable to create SecurityContext using @org.springframework.security.test.context.support.WithUserDetails(value="tom", userDetailsServiceBeanName="")
Caused by: org.springframework.jdbc.CannotGetJdbcConnectionException: Could not get JDBC Connection; nested exception is java.sql.SQLException: No suitable driver found for postgres://vjxcwkiilteanj:e2d9316253c0eb936edd3d5d85eddc3eca429e1f39629913a96f2875bcbe4c9e@ec2-3-248-87-6.eu-west-1.compute.amazonaws.com:5432/d1bvs7c11s3o58
Caused by: java.sql.SQLException: No suitable driver found for postgres://vjxcwkiilteanj:e2d9316253c0eb936edd3d5d85eddc3eca429e1f39629913a96f2875bcbe4c9e@ec2-3-248-87-6.eu-west-1.compute.amazonaws.com:5432/d1bvs7c11s3o58
</error>
    <system-out><![CDATA[2021-11-30 00:36:01.152  INFO 4268 --- [           main] c.istg.dao.implementations.UserDaoImpl   : Get user by username - tom 2021-11-30
2021-11-30 00:36:01.153  WARN 4268 --- [           main] o.s.test.context.TestContextManager      : Caught exception while allowing TestExecutionListener [org.springframework.security.test.context.support.WithSecurityContextTestExecutionListener@5bde6148] to process 'before' execution of test method [public void com.istg.controller.CardControllerTest.addGametoCard() throws java.lang.Exception] for test instance [com.istg.controller.CardControllerTest@10fc1a22]

java.lang.IllegalStateException: Unable to create SecurityContext using @org.springframework.security.test.context.support.WithUserDetails(value="tom", userDetailsServiceBeanName="")
	at org.springframework.security.test.context.support.WithSecurityContextTestExecutionListener.createSecurityContext(WithSecurityContextTestExecutionListener.java:99) ~[spring-security-test-4.2.2.RELEASE.jar:4.2.2.RELEASE]
	at org.springframework.security.test.context.support.WithSecurityContextTestExecutionListener.createSecurityContext(WithSecurityContextTestExecutionListener.java:81) ~[spring-security-test-4.2.2.RELEASE.jar:4.2.2.RELEASE]
	at org.springframework.security.test.context.support.WithSecurityContextTestExecutionListener.beforeTestMethod(WithSecurityContextTestExecutionListener.java:60) ~[spring-security-test-4.2.2.RELEASE.jar:4.2.2.RELEASE]
	at org.springframework.test.context.TestContextManager.beforeTestMethod(TestContextManager.java:269) ~[spring-test-4.3.7.RELEASE.jar:4.3.7.RELEASE]
	at org.springframework.test.context.junit4.statements.RunBeforeTestMethodCallbacks.evaluate(RunBeforeTestMethodCallbacks.java:74) ~[spring-test-4.3.7.RELEASE.jar:4.3.7.RELEASE]
	at org.springframework.test.context.junit4.statements.RunAfterTestMethodCallbacks.evaluate(RunAfterTestMethodCallbacks.java:86) ~[spring-test-4.3.7.RELEASE.jar:4.3.7.RELEASE]
	at org.springframework.test.context.junit4.statements.SpringRepeat.evaluate(SpringRepeat.java:84) ~[spring-test-4.3.7.RELEASE.jar:4.3.7.RELEASE]
	at org.junit.runners.ParentRunner.runLeaf(ParentRunner.java:325) ~[junit-4.12.jar:4.12]
	at org.springframework.test.context.junit4.SpringJUnit4ClassRunner.runChild(SpringJUnit4ClassRunner.java:252) ~[spring-test-4.3.7.RELEASE.jar:4.3.7.RELEASE]
	at org.springframework.test.context.junit4.SpringJUnit4ClassRunner.runChild(SpringJUnit4ClassRunner.java:94) ~[spring-test-4.3.7.RELEASE.jar:4.3.7.RELEASE]
	at org.junit.runners.ParentRunner$3.run(ParentRunner.java:290) ~[junit-4.12.jar:4.12]
	at org.junit.runners.ParentRunner$1.schedule(ParentRunner.java:71) ~[junit-4.12.jar:4.12]
	at org.junit.runners.ParentRunner.runChildren(ParentRunner.java:288) ~[junit-4.12.jar:4.12]
	at org.junit.runners.ParentRunner.access$000(ParentRunner.java:58) ~[junit-4.12.jar:4.12]
	at org.junit.runners.ParentRunner$2.evaluate(ParentRunner.java:268) ~[junit-4.12.jar:4.12]
	at org.springframework.test.context.junit4.statements.RunBeforeTestClassCallbacks.evaluate(RunBeforeTestClassCallbacks.java:61) ~[spring-test-4.3.7.RELEASE.jar:4.3.7.RELEASE]
	at org.springframework.test.context.junit4.statements.RunAfterTestClassCallbacks.evaluate(RunAfterTestClassCallbacks.java:70) ~[spring-test-4.3.7.RELEASE.jar:4.3.7.RELEASE]
	at org.junit.runners.ParentRunner.run(ParentRunner.java:363) ~[junit-4.12.jar:4.12]
	at org.springframework.test.context.junit4.SpringJUnit4ClassRunner.run(SpringJUnit4ClassRunner.java:191) ~[spring-test-4.3.7.RELEASE.jar:4.3.7.RELEASE]
	at org.apache.maven.surefire.junit4.JUnit4Provider.execute(JUnit4Provider.java:367) ~[surefire-junit4-2.19.1.jar:2.19.1]
	at org.apache.maven.surefire.junit4.JUnit4Provider.executeWithRerun(JUnit4Provider.java:274) ~[surefire-junit4-2.19.1.jar:2.19.1]
	at org.apache.maven.surefire.junit4.JUnit4Provider.executeTestSet(JUnit4Provider.java:238) ~[surefire-junit4-2.19.1.jar:2.19.1]
	at org.apache.maven.surefire.junit4.JUnit4Provider.invoke(JUnit4Provider.java:161) ~[surefire-junit4-2.19.1.jar:2.19.1]
	at org.apache.maven.surefire.booter.ForkedBooter.invokeProviderInSameClassLoader(ForkedBooter.java:290) ~[surefire-booter-2.19.1.jar:2.19.1]
	at org.apache.maven.surefire.booter.ForkedBooter.runSuitesInProcess(ForkedBooter.java:242) ~[surefire-booter-2.19.1.jar:2.19.1]
	at org.apache.maven.surefire.booter.ForkedBooter.main(ForkedBooter.java:121) ~[surefire-booter-2.19.1.jar:2.19.1]
Caused by: org.springframework.jdbc.CannotGetJdbcConnectionException: Could not get JDBC Connection; nested exception is java.sql.SQLException: No suitable driver found for postgres://vjxcwkiilteanj:e2d9316253c0eb936edd3d5d85eddc3eca429e1f39629913a96f2875bcbe4c9e@ec2-3-248-87-6.eu-west-1.compute.amazonaws.com:5432/d1bvs7c11s3o58
	at org.springframework.jdbc.datasource.DataSourceUtils.getConnection(DataSourceUtils.java:80) ~[spring-jdbc-4.3.7.RELEASE.jar:4.3.7.RELEASE]
	at org.springframework.jdbc.core.JdbcTemplate.execute(JdbcTemplate.java:619) ~[spring-jdbc-4.3.7.RELEASE.jar:4.3.7.RELEASE]
	at org.springframework.jdbc.core.JdbcTemplate.query(JdbcTemplate.java:684) ~[spring-jdbc-4.3.7.RELEASE.jar:4.3.7.RELEASE]
	at org.springframework.jdbc.core.JdbcTemplate.query(JdbcTemplate.java:716) ~[spring-jdbc-4.3.7.RELEASE.jar:4.3.7.RELEASE]
	at org.springframework.jdbc.core.JdbcTemplate.query(JdbcTemplate.java:726) ~[spring-jdbc-4.3.7.RELEASE.jar:4.3.7.RELEASE]
	at org.springframework.jdbc.core.JdbcTemplate.queryForObject(JdbcTemplate.java:800) ~[spring-jdbc-4.3.7.RELEASE.jar:4.3.7.RELEASE]
	at com.istg.dao.implementations.UserDaoImpl.getUserByUsername(UserDaoImpl.java:65) ~[classes/:na]
	at com.istg.service.implementations.UserServiceImpl.loadUserByUsername(UserServiceImpl.java:75) ~[classes/:na]
	at org.springframework.security.test.context.support.WithUserDetailsSecurityContextFactory.createSecurityContext(WithUserDetailsSecurityContextFactory.java:56) ~[spring-security-test-4.2.2.RELEASE.jar:4.2.2.RELEASE]
	at org.springframework.security.test.context.support.WithUserDetailsSecurityContextFactory.createSecurityContext(WithUserDetailsSecurityContextFactory.java:39) ~[spring-security-test-4.2.2.RELEASE.jar:4.2.2.RELEASE]
	at org.springframework.security.test.context.support.WithSecurityContextTestExecutionListener.createSecurityContext(WithSecurityContextTestExecutionListener.java:96) ~[spring-security-test-4.2.2.RELEASE.jar:4.2.2.RELEASE]
	... 25 common frames omitted
Caused by: java.sql.SQLException: No suitable driver found for postgres://vjxcwkiilteanj:e2d9316253c0eb936edd3d5d85eddc3eca429e1f39629913a96f2875bcbe4c9e@ec2-3-248-87-6.eu-west-1.compute.amazonaws.com:5432/d1bvs7c11s3o58
	at java.sql/java.sql.DriverManager.getConnection(DriverManager.java:702) ~[java.sql:na]
	at java.sql/java.sql.DriverManager.getConnection(DriverManager.java:189) ~[java.sql:na]
	at org.springframework.jdbc.datasource.DriverManagerDataSource.getConnectionFromDriverManager(DriverManagerDataSource.java:153) ~[spring-jdbc-4.3.7.RELEASE.jar:4.3.7.RELEASE]
	at org.springframework.jdbc.datasource.DriverManagerDataSource.getConnectionFromDriver(DriverManagerDataSource.java:144) ~[spring-jdbc-4.3.7.RELEASE.jar:4.3.7.RELEASE]
	at org.springframework.jdbc.datasource.AbstractDriverBasedDataSource.getConnectionFromDriver(AbstractDriverBasedDataSource.java:196) ~[spring-jdbc-4.3.7.RELEASE.jar:4.3.7.RELEASE]
	at org.springframework.jdbc.datasource.AbstractDriverBasedDataSource.getConnection(AbstractDriverBasedDataSource.java:159) ~[spring-jdbc-4.3.7.RELEASE.jar:4.3.7.RELEASE]
	at org.springframework.jdbc.datasource.DataSourceUtils.doGetConnection(DataSourceUtils.java:111) ~[spring-jdbc-4.3.7.RELEASE.jar:4.3.7.RELEASE]
	at org.springframework.jdbc.datasource.DataSourceUtils.getConnection(DataSourceUtils.java:77) ~[spring-jdbc-4.3.7.RELEASE.jar:4.3.7.RELEASE]
	... 35 common frames omitted

]]></system-out>
  </testcase>
</testsuite>